TimeQuest Timing Analyzer report for Lab5
Fri Mar 09 15:04:14 2018
Quartus II 64-Bit Version 13.0.1 Build 232 06/12/2013 Service Pack 1 SJ Web Edition


---------------------
; Table of Contents ;
---------------------
  1. Legal Notice
  2. TimeQuest Timing Analyzer Summary
  3. Parallel Compilation
  4. Clocks
  5. Slow Model Fmax Summary
  6. Slow Model Setup Summary
  7. Slow Model Hold Summary
  8. Slow Model Recovery Summary
  9. Slow Model Removal Summary
 10. Slow Model Minimum Pulse Width Summary
 11. Propagation Delay
 12. Minimum Propagation Delay
 13. Fast Model Setup Summary
 14. Fast Model Hold Summary
 15. Fast Model Recovery Summary
 16. Fast Model Removal Summary
 17. Fast Model Minimum Pulse Width Summary
 18. Propagation Delay
 19. Minimum Propagation Delay
 20. Multicorner Timing Analysis Summary
 21. Progagation Delay
 22. Minimum Progagation Delay
 23. Clock Transfers
 24. Report TCCS
 25. Report RSKM
 26. Unconstrained Paths
 27. TimeQuest Timing Analyzer Messages



----------------
; Legal Notice ;
----------------
Copyright (C) 1991-2013 Altera Corporation
Your use of Altera Corporation's design tools, logic functions 
and other software and tools, and its AMPP partner logic 
functions, and any output files from any of the foregoing 
(including device programming or simulation files), and any 
associated documentation or information are expressly subject 
to the terms and conditions of the Altera Program License 
Subscription Agreement, Altera MegaCore Function License 
Agreement, or other applicable license agreement, including, 
without limitation, that your use is for the sole purpose of 
programming logic devices manufactured by Altera and sold by 
Altera or its authorized distributors.  Please refer to the 
applicable agreement for further details.



+----------------------------------------------------------------------------------------+
; TimeQuest Timing Analyzer Summary                                                      ;
+--------------------+-------------------------------------------------------------------+
; Quartus II Version ; Version 13.0.1 Build 232 06/12/2013 Service Pack 1 SJ Web Edition ;
; Revision Name      ; Lab5                                                              ;
; Device Family      ; Cyclone II                                                        ;
; Device Name        ; EP2C20F484C7                                                      ;
; Timing Models      ; Final                                                             ;
; Delay Model        ; Combined                                                          ;
; Rise/Fall Delays   ; Unavailable                                                       ;
+--------------------+-------------------------------------------------------------------+


Parallel compilation was disabled, but you have multiple processors available. Enable parallel compilation to reduce compilation time.
+-------------------------------------+
; Parallel Compilation                ;
+----------------------------+--------+
; Processors                 ; Number ;
+----------------------------+--------+
; Number detected on machine ; 4      ;
; Maximum allowed            ; 1      ;
+----------------------------+--------+


----------
; Clocks ;
----------
No clocks to report.


---------------------------
; Slow Model Fmax Summary ;
---------------------------
No paths to report.


----------------------------
; Slow Model Setup Summary ;
----------------------------
No paths to report.


---------------------------
; Slow Model Hold Summary ;
---------------------------
No paths to report.


-------------------------------
; Slow Model Recovery Summary ;
-------------------------------
No paths to report.


------------------------------
; Slow Model Removal Summary ;
------------------------------
No paths to report.


------------------------------------------
; Slow Model Minimum Pulse Width Summary ;
------------------------------------------
No paths to report.


+--------------------------------------------------------------+
; Propagation Delay                                            ;
+------------+-------------+--------+--------+--------+--------+
; Input Port ; Output Port ; RR     ; RF     ; FR     ; FF     ;
+------------+-------------+--------+--------+--------+--------+
; A0         ; Cout        ; 9.814  ;        ;        ; 9.814  ;
; A0         ; OVR         ; 10.076 ; 10.076 ; 10.076 ; 10.076 ;
; A0         ; R0          ; 7.819  ; 7.819  ; 7.819  ; 7.819  ;
; A0         ; R1          ; 8.684  ; 8.684  ; 8.684  ; 8.684  ;
; A0         ; R2          ; 9.172  ; 9.172  ; 9.172  ; 9.172  ;
; A0         ; R3          ; 10.422 ; 10.422 ; 10.422 ; 10.422 ;
; A0         ; h00         ; 13.240 ; 13.240 ; 13.240 ; 13.240 ;
; A0         ; h01         ; 13.363 ; 13.363 ; 13.363 ; 13.363 ;
; A0         ; h02         ; 13.049 ; 13.049 ; 13.049 ; 13.049 ;
; A0         ; h03         ; 11.330 ; 11.330 ; 11.330 ; 11.330 ;
; A0         ; h04         ; 11.572 ; 11.572 ; 11.572 ; 11.572 ;
; A0         ; h05         ; 13.402 ; 13.402 ; 13.402 ; 13.402 ;
; A0         ; h06         ; 13.402 ; 13.402 ; 13.402 ; 13.402 ;
; A0         ; h16         ; 11.812 ; 11.812 ; 11.812 ; 11.812 ;
; A1         ; Cout        ; 10.145 ;        ;        ; 10.145 ;
; A1         ; OVR         ; 10.407 ; 10.407 ; 10.407 ; 10.407 ;
; A1         ; R1          ; 8.030  ; 8.030  ; 8.030  ; 8.030  ;
; A1         ; R2          ; 9.503  ; 9.503  ; 9.503  ; 9.503  ;
; A1         ; R3          ; 10.753 ; 10.753 ; 10.753 ; 10.753 ;
; A1         ; h00         ; 13.571 ; 13.571 ; 13.571 ; 13.571 ;
; A1         ; h01         ; 13.694 ; 13.694 ; 13.694 ; 13.694 ;
; A1         ; h02         ; 13.380 ; 13.380 ; 13.380 ; 13.380 ;
; A1         ; h03         ; 11.661 ; 11.661 ; 11.661 ; 11.661 ;
; A1         ; h04         ; 11.903 ; 11.903 ; 11.903 ; 11.903 ;
; A1         ; h05         ; 13.733 ; 13.733 ; 13.733 ; 13.733 ;
; A1         ; h06         ; 13.733 ; 13.733 ; 13.733 ; 13.733 ;
; A1         ; h16         ; 12.143 ; 12.143 ; 12.143 ; 12.143 ;
; A2         ; Cout        ; 8.108  ;        ;        ; 8.108  ;
; A2         ; OVR         ; 8.370  ; 8.370  ; 8.370  ; 8.370  ;
; A2         ; R2          ; 8.629  ; 8.629  ; 8.629  ; 8.629  ;
; A2         ; R3          ; 8.716  ; 8.716  ; 8.716  ; 8.716  ;
; A2         ; h00         ; 11.534 ; 11.534 ; 11.534 ; 11.534 ;
; A2         ; h01         ; 11.657 ; 11.657 ; 11.657 ; 11.657 ;
; A2         ; h02         ; 11.343 ; 11.343 ; 11.343 ; 11.343 ;
; A2         ; h03         ; 10.787 ; 10.787 ; 10.787 ; 10.787 ;
; A2         ; h04         ; 11.029 ; 11.029 ; 11.029 ; 11.029 ;
; A2         ; h05         ; 11.696 ; 11.696 ; 11.696 ; 11.696 ;
; A2         ; h06         ; 11.696 ; 11.696 ; 11.696 ; 11.696 ;
; A2         ; h16         ; 10.106 ; 10.106 ; 10.106 ; 10.106 ;
; A3         ; Cout        ; 7.865  ;        ;        ; 7.865  ;
; A3         ; OVR         ; 8.826  ; 8.826  ; 8.826  ; 8.826  ;
; A3         ; R3          ; 9.259  ; 9.259  ; 9.259  ; 9.259  ;
; A3         ; h00         ; 12.077 ; 12.077 ; 12.077 ; 12.077 ;
; A3         ; h01         ; 12.200 ; 12.200 ; 12.200 ; 12.200 ;
; A3         ; h02         ; 11.886 ; 11.886 ; 11.886 ; 11.886 ;
; A3         ; h05         ; 12.239 ; 12.239 ; 12.239 ; 12.239 ;
; A3         ; h06         ; 12.239 ; 12.239 ; 12.239 ; 12.239 ;
; A3         ; h16         ; 10.649 ; 10.649 ; 10.649 ; 10.649 ;
; B0         ; Cout        ; 9.778  ; 9.778  ; 9.778  ; 9.778  ;
; B0         ; OVR         ; 10.040 ; 10.040 ; 10.040 ; 10.040 ;
; B0         ; R0          ; 8.645  ; 8.645  ; 8.645  ; 8.645  ;
; B0         ; R1          ; 9.511  ; 9.511  ; 9.511  ; 9.511  ;
; B0         ; R2          ; 9.136  ; 9.136  ; 9.136  ; 9.136  ;
; B0         ; R3          ; 10.386 ; 10.386 ; 10.386 ; 10.386 ;
; B0         ; h00         ; 13.204 ; 13.204 ; 13.204 ; 13.204 ;
; B0         ; h01         ; 13.327 ; 13.327 ; 13.327 ; 13.327 ;
; B0         ; h02         ; 13.013 ; 13.013 ; 13.013 ; 13.013 ;
; B0         ; h03         ; 11.672 ; 11.672 ; 11.672 ; 11.672 ;
; B0         ; h04         ; 11.944 ; 11.944 ; 11.944 ; 11.944 ;
; B0         ; h05         ; 13.366 ; 13.366 ; 13.366 ; 13.366 ;
; B0         ; h06         ; 13.366 ; 13.366 ; 13.366 ; 13.366 ;
; B0         ; h16         ; 11.776 ; 11.776 ; 11.776 ; 11.776 ;
; B1         ; Cout        ; 10.901 ; 10.901 ; 10.901 ; 10.901 ;
; B1         ; OVR         ; 11.163 ; 11.163 ; 11.163 ; 11.163 ;
; B1         ; R1          ; 9.105  ; 9.105  ; 9.105  ; 9.105  ;
; B1         ; R2          ; 10.259 ; 10.259 ; 10.259 ; 10.259 ;
; B1         ; R3          ; 11.509 ; 11.509 ; 11.509 ; 11.509 ;
; B1         ; h00         ; 14.327 ; 14.327 ; 14.327 ; 14.327 ;
; B1         ; h01         ; 14.450 ; 14.450 ; 14.450 ; 14.450 ;
; B1         ; h02         ; 14.136 ; 14.136 ; 14.136 ; 14.136 ;
; B1         ; h03         ; 12.417 ; 12.417 ; 12.417 ; 12.417 ;
; B1         ; h04         ; 12.659 ; 12.659 ; 12.659 ; 12.659 ;
; B1         ; h05         ; 14.489 ; 14.489 ; 14.489 ; 14.489 ;
; B1         ; h06         ; 14.489 ; 14.489 ; 14.489 ; 14.489 ;
; B1         ; h16         ; 12.899 ; 12.899 ; 12.899 ; 12.899 ;
; B2         ; Cout        ; 9.277  ; 9.277  ; 9.277  ; 9.277  ;
; B2         ; OVR         ; 9.539  ; 9.539  ; 9.539  ; 9.539  ;
; B2         ; R2          ; 9.135  ; 9.135  ; 9.135  ; 9.135  ;
; B2         ; R3          ; 9.885  ; 9.885  ; 9.885  ; 9.885  ;
; B2         ; h00         ; 12.703 ; 12.703 ; 12.703 ; 12.703 ;
; B2         ; h01         ; 12.826 ; 12.826 ; 12.826 ; 12.826 ;
; B2         ; h02         ; 12.512 ; 12.512 ; 12.512 ; 12.512 ;
; B2         ; h03         ; 11.293 ; 11.293 ; 11.293 ; 11.293 ;
; B2         ; h04         ; 11.535 ; 11.535 ; 11.535 ; 11.535 ;
; B2         ; h05         ; 12.865 ; 12.865 ; 12.865 ; 12.865 ;
; B2         ; h06         ; 12.865 ; 12.865 ; 12.865 ; 12.865 ;
; B2         ; h16         ; 11.275 ; 11.275 ; 11.275 ; 11.275 ;
; B3         ; Cout        ; 7.678  ; 7.678  ; 7.678  ; 7.678  ;
; B3         ; OVR         ; 8.072  ; 8.072  ; 8.072  ; 8.072  ;
; B3         ; R3          ; 8.372  ; 8.372  ; 8.372  ; 8.372  ;
; B3         ; h00         ; 11.190 ; 11.190 ; 11.190 ; 11.190 ;
; B3         ; h01         ; 11.313 ; 11.313 ; 11.313 ; 11.313 ;
; B3         ; h02         ; 10.999 ; 10.999 ; 10.999 ; 10.999 ;
; B3         ; h05         ; 11.352 ; 11.352 ; 11.352 ; 11.352 ;
; B3         ; h06         ; 11.352 ; 11.352 ; 11.352 ; 11.352 ;
; B3         ; h16         ; 9.762  ; 9.762  ; 9.762  ; 9.762  ;
; S0         ; Cout        ; 11.398 ; 11.044 ; 11.044 ; 11.398 ;
; S0         ; OVR         ; 11.660 ; 11.660 ; 11.660 ; 11.660 ;
; S0         ; R0          ; 9.302  ; 9.302  ; 9.302  ; 9.302  ;
; S0         ; R1          ; 10.154 ; 10.154 ; 10.154 ; 10.154 ;
; S0         ; R2          ; 10.756 ; 10.756 ; 10.756 ; 10.756 ;
; S0         ; R3          ; 12.006 ; 12.006 ; 12.006 ; 12.006 ;
; S0         ; h00         ; 14.824 ; 14.824 ; 14.824 ; 14.824 ;
; S0         ; h01         ; 14.947 ; 14.947 ; 14.947 ; 14.947 ;
; S0         ; h02         ; 14.633 ; 14.633 ; 14.633 ; 14.633 ;
; S0         ; h03         ; 12.914 ; 12.914 ; 12.914 ; 12.914 ;
; S0         ; h04         ; 13.156 ; 13.156 ; 13.156 ; 13.156 ;
; S0         ; h05         ; 14.986 ; 14.986 ; 14.986 ; 14.986 ;
; S0         ; h06         ; 14.986 ; 14.986 ; 14.986 ; 14.986 ;
; S0         ; h16         ; 13.396 ; 13.396 ; 13.396 ; 13.396 ;
; S1         ; Cout        ;        ; 10.459 ; 10.459 ;        ;
; S1         ; OVR         ; 10.721 ; 10.721 ; 10.721 ; 10.721 ;
; S1         ; R0          ; 9.423  ; 9.423  ; 9.423  ; 9.423  ;
; S1         ; R1          ; 10.278 ; 10.278 ; 10.278 ; 10.278 ;
; S1         ; R2          ; 10.057 ; 10.057 ; 10.057 ; 10.057 ;
; S1         ; R3          ; 11.067 ; 11.067 ; 11.067 ; 11.067 ;
; S1         ; h00         ; 13.885 ; 13.885 ; 13.885 ; 13.885 ;
; S1         ; h01         ; 14.008 ; 14.008 ; 14.008 ; 14.008 ;
; S1         ; h02         ; 13.694 ; 13.694 ; 13.694 ; 13.694 ;
; S1         ; h03         ; 12.439 ; 12.439 ; 12.439 ; 12.439 ;
; S1         ; h04         ; 12.711 ; 12.711 ; 12.711 ; 12.711 ;
; S1         ; h05         ; 14.047 ; 14.047 ; 14.047 ; 14.047 ;
; S1         ; h06         ; 14.047 ; 14.047 ; 14.047 ; 14.047 ;
; S1         ; h16         ; 12.457 ; 12.457 ; 12.457 ; 12.457 ;
+------------+-------------+--------+--------+--------+--------+


+--------------------------------------------------------------+
; Minimum Propagation Delay                                    ;
+------------+-------------+--------+--------+--------+--------+
; Input Port ; Output Port ; RR     ; RF     ; FR     ; FF     ;
+------------+-------------+--------+--------+--------+--------+
; A0         ; Cout        ; 9.814  ;        ;        ; 9.814  ;
; A0         ; OVR         ; 10.076 ; 10.076 ; 10.076 ; 10.076 ;
; A0         ; R0          ; 7.819  ; 7.819  ; 7.819  ; 7.819  ;
; A0         ; R1          ; 8.684  ; 8.684  ; 8.684  ; 8.684  ;
; A0         ; R2          ; 9.172  ; 9.172  ; 9.172  ; 9.172  ;
; A0         ; R3          ; 10.422 ; 10.422 ; 10.422 ; 10.422 ;
; A0         ; h00         ; 10.106 ; 10.106 ; 10.106 ; 10.106 ;
; A0         ; h01         ; 10.234 ; 10.234 ; 10.234 ; 10.234 ;
; A0         ; h02         ; 9.827  ; 9.827  ; 9.827  ; 9.827  ;
; A0         ; h03         ; 9.678  ; 9.678  ; 9.678  ; 9.678  ;
; A0         ; h04         ; 9.875  ; 9.875  ; 9.875  ; 9.875  ;
; A0         ; h05         ; 10.272 ; 10.272 ; 10.272 ; 10.272 ;
; A0         ; h06         ; 10.270 ; 10.270 ; 10.270 ; 10.270 ;
; A0         ; h16         ; 11.812 ; 11.812 ; 11.812 ; 11.812 ;
; A1         ; Cout        ; 9.739  ;        ;        ; 9.739  ;
; A1         ; OVR         ; 10.001 ; 10.001 ; 10.001 ; 10.001 ;
; A1         ; R1          ; 8.030  ; 8.030  ; 8.030  ; 8.030  ;
; A1         ; R2          ; 9.097  ; 9.097  ; 9.097  ; 9.097  ;
; A1         ; R3          ; 10.347 ; 10.347 ; 10.347 ; 10.347 ;
; A1         ; h00         ; 10.382 ; 10.382 ; 10.382 ; 10.382 ;
; A1         ; h01         ; 10.538 ; 10.538 ; 10.538 ; 10.538 ;
; A1         ; h02         ; 10.218 ; 10.218 ; 10.218 ; 10.218 ;
; A1         ; h03         ; 10.191 ; 10.191 ; 10.191 ; 10.191 ;
; A1         ; h04         ; 10.463 ; 10.463 ; 10.463 ; 10.463 ;
; A1         ; h05         ; 10.577 ; 10.577 ; 10.577 ; 10.577 ;
; A1         ; h06         ; 10.576 ; 10.576 ; 10.576 ; 10.576 ;
; A1         ; h16         ; 11.737 ; 11.737 ; 11.737 ; 11.737 ;
; A2         ; Cout        ; 8.108  ;        ;        ; 8.108  ;
; A2         ; OVR         ; 8.370  ; 8.370  ; 8.370  ; 8.370  ;
; A2         ; R2          ; 8.629  ; 8.629  ; 8.629  ; 8.629  ;
; A2         ; R3          ; 8.716  ; 8.716  ; 8.716  ; 8.716  ;
; A2         ; h00         ; 10.978 ; 10.978 ; 10.978 ; 10.978 ;
; A2         ; h01         ; 11.103 ; 11.103 ; 11.103 ; 11.103 ;
; A2         ; h02         ; 10.788 ; 10.788 ; 10.788 ; 10.788 ;
; A2         ; h03         ; 10.787 ; 10.787 ; 10.787 ; 10.787 ;
; A2         ; h04         ; 11.029 ; 11.029 ; 11.029 ; 11.029 ;
; A2         ; h05         ; 11.143 ; 11.143 ; 11.143 ; 11.143 ;
; A2         ; h06         ; 11.142 ; 11.142 ; 11.142 ; 11.142 ;
; A2         ; h16         ; 10.106 ; 10.106 ; 10.106 ; 10.106 ;
; A3         ; Cout        ; 7.865  ;        ;        ; 7.865  ;
; A3         ; OVR         ; 8.367  ; 8.367  ; 8.367  ; 8.367  ;
; A3         ; R3          ; 9.167  ; 9.167  ; 9.167  ; 9.167  ;
; A3         ; h00         ; 11.985 ; 11.985 ; 11.985 ; 11.985 ;
; A3         ; h01         ; 12.108 ; 12.108 ; 12.108 ; 12.108 ;
; A3         ; h02         ; 11.794 ; 11.794 ; 11.794 ; 11.794 ;
; A3         ; h05         ; 12.147 ; 12.147 ; 12.147 ; 12.147 ;
; A3         ; h06         ; 12.147 ; 12.147 ; 12.147 ; 12.147 ;
; A3         ; h16         ; 10.557 ; 10.557 ; 10.557 ; 10.557 ;
; B0         ; Cout        ; 9.778  ; 9.778  ; 9.778  ; 9.778  ;
; B0         ; OVR         ; 10.040 ; 10.040 ; 10.040 ; 10.040 ;
; B0         ; R0          ; 8.645  ; 8.645  ; 8.645  ; 8.645  ;
; B0         ; R1          ; 9.511  ; 9.511  ; 9.511  ; 9.511  ;
; B0         ; R2          ; 9.136  ; 9.136  ; 9.136  ; 9.136  ;
; B0         ; R3          ; 10.386 ; 10.386 ; 10.386 ; 10.386 ;
; B0         ; h00         ; 10.932 ; 10.932 ; 10.932 ; 10.932 ;
; B0         ; h01         ; 11.060 ; 11.060 ; 11.060 ; 11.060 ;
; B0         ; h02         ; 10.653 ; 10.653 ; 10.653 ; 10.653 ;
; B0         ; h03         ; 10.504 ; 10.504 ; 10.504 ; 10.504 ;
; B0         ; h04         ; 10.701 ; 10.701 ; 10.701 ; 10.701 ;
; B0         ; h05         ; 11.098 ; 11.098 ; 11.098 ; 11.098 ;
; B0         ; h06         ; 11.096 ; 11.096 ; 11.096 ; 11.096 ;
; B0         ; h16         ; 11.776 ; 11.776 ; 11.776 ; 11.776 ;
; B1         ; Cout        ; 10.815 ; 10.815 ; 10.815 ; 10.815 ;
; B1         ; OVR         ; 11.077 ; 11.077 ; 11.077 ; 11.077 ;
; B1         ; R1          ; 9.105  ; 9.105  ; 9.105  ; 9.105  ;
; B1         ; R2          ; 10.173 ; 10.173 ; 10.173 ; 10.173 ;
; B1         ; R3          ; 11.423 ; 11.423 ; 11.423 ; 11.423 ;
; B1         ; h00         ; 11.457 ; 11.457 ; 11.457 ; 11.457 ;
; B1         ; h01         ; 11.613 ; 11.613 ; 11.613 ; 11.613 ;
; B1         ; h02         ; 11.293 ; 11.293 ; 11.293 ; 11.293 ;
; B1         ; h03         ; 11.266 ; 11.266 ; 11.266 ; 11.266 ;
; B1         ; h04         ; 11.538 ; 11.538 ; 11.538 ; 11.538 ;
; B1         ; h05         ; 11.652 ; 11.652 ; 11.652 ; 11.652 ;
; B1         ; h06         ; 11.651 ; 11.651 ; 11.651 ; 11.651 ;
; B1         ; h16         ; 12.813 ; 12.813 ; 12.813 ; 12.813 ;
; B2         ; Cout        ; 9.277  ; 9.277  ; 9.277  ; 9.277  ;
; B2         ; OVR         ; 9.539  ; 9.539  ; 9.539  ; 9.539  ;
; B2         ; R2          ; 9.135  ; 9.135  ; 9.135  ; 9.135  ;
; B2         ; R3          ; 9.885  ; 9.885  ; 9.885  ; 9.885  ;
; B2         ; h00         ; 11.484 ; 11.484 ; 11.484 ; 11.484 ;
; B2         ; h01         ; 11.609 ; 11.609 ; 11.609 ; 11.609 ;
; B2         ; h02         ; 11.294 ; 11.294 ; 11.294 ; 11.294 ;
; B2         ; h03         ; 11.293 ; 11.293 ; 11.293 ; 11.293 ;
; B2         ; h04         ; 11.535 ; 11.535 ; 11.535 ; 11.535 ;
; B2         ; h05         ; 11.649 ; 11.649 ; 11.649 ; 11.649 ;
; B2         ; h06         ; 11.648 ; 11.648 ; 11.648 ; 11.648 ;
; B2         ; h16         ; 11.275 ; 11.275 ; 11.275 ; 11.275 ;
; B3         ; Cout        ; 7.678  ; 7.678  ; 7.678  ; 7.678  ;
; B3         ; OVR         ; 7.943  ; 7.943  ; 7.943  ; 7.943  ;
; B3         ; R3          ; 8.284  ; 8.284  ; 8.284  ; 8.284  ;
; B3         ; h00         ; 11.102 ; 11.102 ; 11.102 ; 11.102 ;
; B3         ; h01         ; 11.225 ; 11.225 ; 11.225 ; 11.225 ;
; B3         ; h02         ; 10.911 ; 10.911 ; 10.911 ; 10.911 ;
; B3         ; h05         ; 11.264 ; 11.264 ; 11.264 ; 11.264 ;
; B3         ; h06         ; 11.264 ; 11.264 ; 11.264 ; 11.264 ;
; B3         ; h16         ; 9.674  ; 9.674  ; 9.674  ; 9.674  ;
; S0         ; Cout        ; 9.065  ; 9.065  ; 9.065  ; 9.065  ;
; S0         ; OVR         ; 9.332  ; 9.332  ; 9.332  ; 9.332  ;
; S0         ; R0          ; 9.302  ; 9.302  ; 9.302  ; 9.302  ;
; S0         ; R1          ; 10.154 ; 10.154 ; 10.154 ; 10.154 ;
; S0         ; R2          ; 9.740  ; 9.740  ; 9.740  ; 9.740  ;
; S0         ; R3          ; 9.673  ; 9.673  ; 9.673  ; 9.673  ;
; S0         ; h00         ; 11.589 ; 11.589 ; 11.589 ; 11.589 ;
; S0         ; h01         ; 11.717 ; 11.717 ; 11.717 ; 11.717 ;
; S0         ; h02         ; 11.310 ; 11.310 ; 11.310 ; 11.310 ;
; S0         ; h03         ; 11.161 ; 11.161 ; 11.161 ; 11.161 ;
; S0         ; h04         ; 11.358 ; 11.358 ; 11.358 ; 11.358 ;
; S0         ; h05         ; 11.755 ; 11.755 ; 11.755 ; 11.755 ;
; S0         ; h06         ; 11.753 ; 11.753 ; 11.753 ; 11.753 ;
; S0         ; h16         ; 11.063 ; 11.063 ; 11.063 ; 11.063 ;
; S1         ; Cout        ;        ; 8.868  ; 8.868  ;        ;
; S1         ; OVR         ; 9.559  ; 9.559  ; 9.559  ; 9.559  ;
; S1         ; R0          ; 9.423  ; 9.423  ; 9.423  ; 9.423  ;
; S1         ; R1          ; 9.460  ; 9.460  ; 9.460  ; 9.460  ;
; S1         ; R2          ; 9.432  ; 9.817  ; 9.817  ; 9.432  ;
; S1         ; R3          ; 9.900  ; 9.900  ; 9.900  ; 9.900  ;
; S1         ; h00         ; 11.710 ; 11.710 ; 11.710 ; 11.710 ;
; S1         ; h01         ; 11.838 ; 11.838 ; 11.838 ; 11.838 ;
; S1         ; h02         ; 11.431 ; 11.431 ; 11.431 ; 11.431 ;
; S1         ; h03         ; 11.282 ; 11.282 ; 11.282 ; 11.282 ;
; S1         ; h04         ; 11.479 ; 11.479 ; 11.479 ; 11.479 ;
; S1         ; h05         ; 11.876 ; 11.876 ; 11.876 ; 11.876 ;
; S1         ; h06         ; 11.874 ; 11.874 ; 11.874 ; 11.874 ;
; S1         ; h16         ; 11.290 ; 11.290 ; 11.290 ; 11.290 ;
+------------+-------------+--------+--------+--------+--------+


----------------------------
; Fast Model Setup Summary ;
----------------------------
No paths to report.


---------------------------
; Fast Model Hold Summary ;
---------------------------
No paths to report.


-------------------------------
; Fast Model Recovery Summary ;
-------------------------------
No paths to report.


------------------------------
; Fast Model Removal Summary ;
------------------------------
No paths to report.


------------------------------------------
; Fast Model Minimum Pulse Width Summary ;
------------------------------------------
No paths to report.


+----------------------------------------------------------+
; Propagation Delay                                        ;
+------------+-------------+-------+-------+-------+-------+
; Input Port ; Output Port ; RR    ; RF    ; FR    ; FF    ;
+------------+-------------+-------+-------+-------+-------+
; A0         ; Cout        ; 4.210 ;       ;       ; 4.210 ;
; A0         ; OVR         ; 4.299 ; 4.299 ; 4.299 ; 4.299 ;
; A0         ; R0          ; 3.474 ; 3.474 ; 3.474 ; 3.474 ;
; A0         ; R1          ; 3.791 ; 3.791 ; 3.791 ; 3.791 ;
; A0         ; R2          ; 3.952 ; 3.952 ; 3.952 ; 3.952 ;
; A0         ; R3          ; 4.391 ; 4.391 ; 4.391 ; 4.391 ;
; A0         ; h00         ; 5.471 ; 5.471 ; 5.471 ; 5.471 ;
; A0         ; h01         ; 5.543 ; 5.543 ; 5.543 ; 5.543 ;
; A0         ; h02         ; 5.431 ; 5.431 ; 5.431 ; 5.431 ;
; A0         ; h03         ; 4.901 ; 4.901 ; 4.901 ; 4.901 ;
; A0         ; h04         ; 4.994 ; 4.994 ; 4.994 ; 4.994 ;
; A0         ; h05         ; 5.566 ; 5.566 ; 5.566 ; 5.566 ;
; A0         ; h06         ; 5.566 ; 5.566 ; 5.566 ; 5.566 ;
; A0         ; h16         ; 4.975 ; 4.975 ; 4.975 ; 4.975 ;
; A1         ; Cout        ; 4.422 ;       ;       ; 4.422 ;
; A1         ; OVR         ; 4.511 ; 4.511 ; 4.511 ; 4.511 ;
; A1         ; R1          ; 3.660 ; 3.660 ; 3.660 ; 3.660 ;
; A1         ; R2          ; 4.164 ; 4.164 ; 4.164 ; 4.164 ;
; A1         ; R3          ; 4.603 ; 4.603 ; 4.603 ; 4.603 ;
; A1         ; h00         ; 5.683 ; 5.683 ; 5.683 ; 5.683 ;
; A1         ; h01         ; 5.755 ; 5.755 ; 5.755 ; 5.755 ;
; A1         ; h02         ; 5.643 ; 5.643 ; 5.643 ; 5.643 ;
; A1         ; h03         ; 5.113 ; 5.113 ; 5.113 ; 5.113 ;
; A1         ; h04         ; 5.206 ; 5.206 ; 5.206 ; 5.206 ;
; A1         ; h05         ; 5.778 ; 5.778 ; 5.778 ; 5.778 ;
; A1         ; h06         ; 5.778 ; 5.778 ; 5.778 ; 5.778 ;
; A1         ; h16         ; 5.187 ; 5.187 ; 5.187 ; 5.187 ;
; A2         ; Cout        ; 3.612 ;       ;       ; 3.612 ;
; A2         ; OVR         ; 3.701 ; 3.701 ; 3.701 ; 3.701 ;
; A2         ; R2          ; 3.758 ; 3.758 ; 3.758 ; 3.758 ;
; A2         ; R3          ; 3.793 ; 3.793 ; 3.793 ; 3.793 ;
; A2         ; h00         ; 4.873 ; 4.873 ; 4.873 ; 4.873 ;
; A2         ; h01         ; 4.945 ; 4.945 ; 4.945 ; 4.945 ;
; A2         ; h02         ; 4.833 ; 4.833 ; 4.833 ; 4.833 ;
; A2         ; h03         ; 4.707 ; 4.707 ; 4.707 ; 4.707 ;
; A2         ; h04         ; 4.800 ; 4.800 ; 4.800 ; 4.800 ;
; A2         ; h05         ; 4.968 ; 4.968 ; 4.968 ; 4.968 ;
; A2         ; h06         ; 4.968 ; 4.968 ; 4.968 ; 4.968 ;
; A2         ; h16         ; 4.377 ; 4.377 ; 4.377 ; 4.377 ;
; A3         ; Cout        ; 3.613 ;       ;       ; 3.613 ;
; A3         ; OVR         ; 3.955 ; 3.955 ; 3.955 ; 3.955 ;
; A3         ; R3          ; 4.087 ; 4.087 ; 4.087 ; 4.087 ;
; A3         ; h00         ; 5.167 ; 5.167 ; 5.167 ; 5.167 ;
; A3         ; h01         ; 5.239 ; 5.239 ; 5.239 ; 5.239 ;
; A3         ; h02         ; 5.127 ; 5.127 ; 5.127 ; 5.127 ;
; A3         ; h05         ; 5.262 ; 5.262 ; 5.262 ; 5.262 ;
; A3         ; h06         ; 5.262 ; 5.262 ; 5.262 ; 5.262 ;
; A3         ; h16         ; 4.671 ; 4.671 ; 4.671 ; 4.671 ;
; B0         ; Cout        ; 4.312 ; 4.312 ; 4.312 ; 4.312 ;
; B0         ; OVR         ; 4.401 ; 4.401 ; 4.401 ; 4.401 ;
; B0         ; R0          ; 3.874 ; 3.874 ; 3.874 ; 3.874 ;
; B0         ; R1          ; 4.191 ; 4.191 ; 4.191 ; 4.191 ;
; B0         ; R2          ; 4.054 ; 4.054 ; 4.054 ; 4.054 ;
; B0         ; R3          ; 4.493 ; 4.493 ; 4.493 ; 4.493 ;
; B0         ; h00         ; 5.573 ; 5.573 ; 5.573 ; 5.573 ;
; B0         ; h01         ; 5.645 ; 5.645 ; 5.645 ; 5.645 ;
; B0         ; h02         ; 5.533 ; 5.533 ; 5.533 ; 5.533 ;
; B0         ; h03         ; 5.087 ; 5.087 ; 5.087 ; 5.087 ;
; B0         ; h04         ; 5.181 ; 5.181 ; 5.181 ; 5.181 ;
; B0         ; h05         ; 5.668 ; 5.668 ; 5.668 ; 5.668 ;
; B0         ; h06         ; 5.668 ; 5.668 ; 5.668 ; 5.668 ;
; B0         ; h16         ; 5.077 ; 5.077 ; 5.077 ; 5.077 ;
; B1         ; Cout        ; 4.697 ; 4.697 ; 4.697 ; 4.697 ;
; B1         ; OVR         ; 4.786 ; 4.786 ; 4.786 ; 4.786 ;
; B1         ; R1          ; 4.060 ; 4.060 ; 4.060 ; 4.060 ;
; B1         ; R2          ; 4.439 ; 4.439 ; 4.439 ; 4.439 ;
; B1         ; R3          ; 4.878 ; 4.878 ; 4.878 ; 4.878 ;
; B1         ; h00         ; 5.958 ; 5.958 ; 5.958 ; 5.958 ;
; B1         ; h01         ; 6.030 ; 6.030 ; 6.030 ; 6.030 ;
; B1         ; h02         ; 5.918 ; 5.918 ; 5.918 ; 5.918 ;
; B1         ; h03         ; 5.388 ; 5.388 ; 5.388 ; 5.388 ;
; B1         ; h04         ; 5.481 ; 5.481 ; 5.481 ; 5.481 ;
; B1         ; h05         ; 6.053 ; 6.053 ; 6.053 ; 6.053 ;
; B1         ; h06         ; 6.053 ; 6.053 ; 6.053 ; 6.053 ;
; B1         ; h16         ; 5.462 ; 5.462 ; 5.462 ; 5.462 ;
; B2         ; Cout        ; 4.117 ; 4.117 ; 4.117 ; 4.117 ;
; B2         ; OVR         ; 4.206 ; 4.206 ; 4.206 ; 4.206 ;
; B2         ; R2          ; 4.031 ; 4.031 ; 4.031 ; 4.031 ;
; B2         ; R3          ; 4.298 ; 4.298 ; 4.298 ; 4.298 ;
; B2         ; h00         ; 5.378 ; 5.378 ; 5.378 ; 5.378 ;
; B2         ; h01         ; 5.450 ; 5.450 ; 5.450 ; 5.450 ;
; B2         ; h02         ; 5.338 ; 5.338 ; 5.338 ; 5.338 ;
; B2         ; h03         ; 4.980 ; 4.980 ; 4.980 ; 4.980 ;
; B2         ; h04         ; 5.073 ; 5.073 ; 5.073 ; 5.073 ;
; B2         ; h05         ; 5.473 ; 5.473 ; 5.473 ; 5.473 ;
; B2         ; h06         ; 5.473 ; 5.473 ; 5.473 ; 5.473 ;
; B2         ; h16         ; 4.882 ; 4.882 ; 4.882 ; 4.882 ;
; B3         ; Cout        ; 3.474 ; 3.474 ; 3.474 ; 3.474 ;
; B3         ; OVR         ; 3.602 ; 3.602 ; 3.602 ; 3.602 ;
; B3         ; R3          ; 3.696 ; 3.696 ; 3.696 ; 3.696 ;
; B3         ; h00         ; 4.776 ; 4.776 ; 4.776 ; 4.776 ;
; B3         ; h01         ; 4.848 ; 4.848 ; 4.848 ; 4.848 ;
; B3         ; h02         ; 4.736 ; 4.736 ; 4.736 ; 4.736 ;
; B3         ; h05         ; 4.871 ; 4.871 ; 4.871 ; 4.871 ;
; B3         ; h06         ; 4.871 ; 4.871 ; 4.871 ; 4.871 ;
; B3         ; h16         ; 4.280 ; 4.280 ; 4.280 ; 4.280 ;
; S0         ; Cout        ; 4.941 ; 4.831 ; 4.831 ; 4.941 ;
; S0         ; OVR         ; 5.030 ; 5.030 ; 5.030 ; 5.030 ;
; S0         ; R0          ; 4.188 ; 4.188 ; 4.188 ; 4.188 ;
; S0         ; R1          ; 4.492 ; 4.492 ; 4.492 ; 4.492 ;
; S0         ; R2          ; 4.683 ; 4.683 ; 4.683 ; 4.683 ;
; S0         ; R3          ; 5.122 ; 5.122 ; 5.122 ; 5.122 ;
; S0         ; h00         ; 6.202 ; 6.202 ; 6.202 ; 6.202 ;
; S0         ; h01         ; 6.274 ; 6.274 ; 6.274 ; 6.274 ;
; S0         ; h02         ; 6.162 ; 6.162 ; 6.162 ; 6.162 ;
; S0         ; h03         ; 5.632 ; 5.632 ; 5.632 ; 5.632 ;
; S0         ; h04         ; 5.725 ; 5.725 ; 5.725 ; 5.725 ;
; S0         ; h05         ; 6.297 ; 6.297 ; 6.297 ; 6.297 ;
; S0         ; h06         ; 6.297 ; 6.297 ; 6.297 ; 6.297 ;
; S0         ; h16         ; 5.706 ; 5.706 ; 5.706 ; 5.706 ;
; S1         ; Cout        ;       ; 4.653 ; 4.653 ;       ;
; S1         ; OVR         ; 4.742 ; 4.742 ; 4.742 ; 4.742 ;
; S1         ; R0          ; 4.225 ; 4.225 ; 4.225 ; 4.225 ;
; S1         ; R1          ; 4.532 ; 4.532 ; 4.532 ; 4.532 ;
; S1         ; R2          ; 4.448 ; 4.448 ; 4.448 ; 4.448 ;
; S1         ; R3          ; 4.834 ; 4.834 ; 4.834 ; 4.834 ;
; S1         ; h00         ; 5.914 ; 5.914 ; 5.914 ; 5.914 ;
; S1         ; h01         ; 5.986 ; 5.986 ; 5.986 ; 5.986 ;
; S1         ; h02         ; 5.874 ; 5.874 ; 5.874 ; 5.874 ;
; S1         ; h03         ; 5.428 ; 5.428 ; 5.428 ; 5.428 ;
; S1         ; h04         ; 5.522 ; 5.522 ; 5.522 ; 5.522 ;
; S1         ; h05         ; 6.009 ; 6.009 ; 6.009 ; 6.009 ;
; S1         ; h06         ; 6.009 ; 6.009 ; 6.009 ; 6.009 ;
; S1         ; h16         ; 5.418 ; 5.418 ; 5.418 ; 5.418 ;
+------------+-------------+-------+-------+-------+-------+


+----------------------------------------------------------+
; Minimum Propagation Delay                                ;
+------------+-------------+-------+-------+-------+-------+
; Input Port ; Output Port ; RR    ; RF    ; FR    ; FF    ;
+------------+-------------+-------+-------+-------+-------+
; A0         ; Cout        ; 4.210 ;       ;       ; 4.210 ;
; A0         ; OVR         ; 4.299 ; 4.299 ; 4.299 ; 4.299 ;
; A0         ; R0          ; 3.474 ; 3.474 ; 3.474 ; 3.474 ;
; A0         ; R1          ; 3.791 ; 3.791 ; 3.791 ; 3.791 ;
; A0         ; R2          ; 3.952 ; 3.952 ; 3.952 ; 3.952 ;
; A0         ; R3          ; 4.391 ; 4.391 ; 4.391 ; 4.391 ;
; A0         ; h00         ; 4.355 ; 4.355 ; 4.355 ; 4.355 ;
; A0         ; h01         ; 4.429 ; 4.429 ; 4.429 ; 4.429 ;
; A0         ; h02         ; 4.313 ; 4.313 ; 4.313 ; 4.313 ;
; A0         ; h03         ; 4.231 ; 4.231 ; 4.231 ; 4.231 ;
; A0         ; h04         ; 4.324 ; 4.324 ; 4.324 ; 4.324 ;
; A0         ; h05         ; 4.452 ; 4.452 ; 4.452 ; 4.452 ;
; A0         ; h06         ; 4.452 ; 4.452 ; 4.452 ; 4.452 ;
; A0         ; h16         ; 4.975 ; 4.975 ; 4.975 ; 4.975 ;
; A1         ; Cout        ; 4.283 ;       ;       ; 4.283 ;
; A1         ; OVR         ; 4.372 ; 4.372 ; 4.372 ; 4.372 ;
; A1         ; R1          ; 3.660 ; 3.660 ; 3.660 ; 3.660 ;
; A1         ; R2          ; 4.025 ; 4.025 ; 4.025 ; 4.025 ;
; A1         ; R3          ; 4.464 ; 4.464 ; 4.464 ; 4.464 ;
; A1         ; h00         ; 4.599 ; 4.599 ; 4.599 ; 4.599 ;
; A1         ; h01         ; 4.679 ; 4.679 ; 4.679 ; 4.679 ;
; A1         ; h02         ; 4.564 ; 4.564 ; 4.564 ; 4.564 ;
; A1         ; h03         ; 4.556 ; 4.556 ; 4.556 ; 4.556 ;
; A1         ; h04         ; 4.650 ; 4.650 ; 4.650 ; 4.650 ;
; A1         ; h05         ; 4.701 ; 4.701 ; 4.701 ; 4.701 ;
; A1         ; h06         ; 4.698 ; 4.698 ; 4.698 ; 4.698 ;
; A1         ; h16         ; 5.048 ; 5.048 ; 5.048 ; 5.048 ;
; A2         ; Cout        ; 3.612 ;       ;       ; 3.612 ;
; A2         ; OVR         ; 3.701 ; 3.701 ; 3.701 ; 3.701 ;
; A2         ; R2          ; 3.758 ; 3.758 ; 3.758 ; 3.758 ;
; A2         ; R3          ; 3.793 ; 3.793 ; 3.793 ; 3.793 ;
; A2         ; h00         ; 4.751 ; 4.751 ; 4.751 ; 4.751 ;
; A2         ; h01         ; 4.827 ; 4.827 ; 4.827 ; 4.827 ;
; A2         ; h02         ; 4.710 ; 4.710 ; 4.710 ; 4.710 ;
; A2         ; h03         ; 4.707 ; 4.707 ; 4.707 ; 4.707 ;
; A2         ; h04         ; 4.800 ; 4.800 ; 4.800 ; 4.800 ;
; A2         ; h05         ; 4.849 ; 4.849 ; 4.849 ; 4.849 ;
; A2         ; h06         ; 4.849 ; 4.849 ; 4.849 ; 4.849 ;
; A2         ; h16         ; 4.377 ; 4.377 ; 4.377 ; 4.377 ;
; A3         ; Cout        ; 3.613 ;       ;       ; 3.613 ;
; A3         ; OVR         ; 3.784 ; 3.784 ; 3.784 ; 3.784 ;
; A3         ; R3          ; 4.046 ; 4.046 ; 4.046 ; 4.046 ;
; A3         ; h00         ; 5.126 ; 5.126 ; 5.126 ; 5.126 ;
; A3         ; h01         ; 5.198 ; 5.198 ; 5.198 ; 5.198 ;
; A3         ; h02         ; 5.086 ; 5.086 ; 5.086 ; 5.086 ;
; A3         ; h05         ; 5.221 ; 5.221 ; 5.221 ; 5.221 ;
; A3         ; h06         ; 5.221 ; 5.221 ; 5.221 ; 5.221 ;
; A3         ; h16         ; 4.630 ; 4.630 ; 4.630 ; 4.630 ;
; B0         ; Cout        ; 4.312 ; 4.312 ; 4.312 ; 4.312 ;
; B0         ; OVR         ; 4.401 ; 4.401 ; 4.401 ; 4.401 ;
; B0         ; R0          ; 3.874 ; 3.874 ; 3.874 ; 3.874 ;
; B0         ; R1          ; 4.191 ; 4.191 ; 4.191 ; 4.191 ;
; B0         ; R2          ; 4.054 ; 4.054 ; 4.054 ; 4.054 ;
; B0         ; R3          ; 4.493 ; 4.493 ; 4.493 ; 4.493 ;
; B0         ; h00         ; 4.755 ; 4.755 ; 4.755 ; 4.755 ;
; B0         ; h01         ; 4.829 ; 4.829 ; 4.829 ; 4.829 ;
; B0         ; h02         ; 4.713 ; 4.713 ; 4.713 ; 4.713 ;
; B0         ; h03         ; 4.631 ; 4.631 ; 4.631 ; 4.631 ;
; B0         ; h04         ; 4.724 ; 4.724 ; 4.724 ; 4.724 ;
; B0         ; h05         ; 4.852 ; 4.852 ; 4.852 ; 4.852 ;
; B0         ; h06         ; 4.852 ; 4.852 ; 4.852 ; 4.852 ;
; B0         ; h16         ; 5.077 ; 5.077 ; 5.077 ; 5.077 ;
; B1         ; Cout        ; 4.684 ; 4.684 ; 4.684 ; 4.684 ;
; B1         ; OVR         ; 4.773 ; 4.773 ; 4.773 ; 4.773 ;
; B1         ; R1          ; 4.060 ; 4.060 ; 4.060 ; 4.060 ;
; B1         ; R2          ; 4.426 ; 4.426 ; 4.426 ; 4.426 ;
; B1         ; R3          ; 4.865 ; 4.865 ; 4.865 ; 4.865 ;
; B1         ; h00         ; 4.999 ; 4.999 ; 4.999 ; 4.999 ;
; B1         ; h01         ; 5.079 ; 5.079 ; 5.079 ; 5.079 ;
; B1         ; h02         ; 4.964 ; 4.964 ; 4.964 ; 4.964 ;
; B1         ; h03         ; 4.956 ; 4.956 ; 4.956 ; 4.956 ;
; B1         ; h04         ; 5.050 ; 5.050 ; 5.050 ; 5.050 ;
; B1         ; h05         ; 5.101 ; 5.101 ; 5.101 ; 5.101 ;
; B1         ; h06         ; 5.098 ; 5.098 ; 5.098 ; 5.098 ;
; B1         ; h16         ; 5.449 ; 5.449 ; 5.449 ; 5.449 ;
; B2         ; Cout        ; 4.117 ; 4.117 ; 4.117 ; 4.117 ;
; B2         ; OVR         ; 4.206 ; 4.206 ; 4.206 ; 4.206 ;
; B2         ; R2          ; 4.031 ; 4.031 ; 4.031 ; 4.031 ;
; B2         ; R3          ; 4.298 ; 4.298 ; 4.298 ; 4.298 ;
; B2         ; h00         ; 5.024 ; 5.024 ; 5.024 ; 5.024 ;
; B2         ; h01         ; 5.100 ; 5.100 ; 5.100 ; 5.100 ;
; B2         ; h02         ; 4.983 ; 4.983 ; 4.983 ; 4.983 ;
; B2         ; h03         ; 4.980 ; 4.980 ; 4.980 ; 4.980 ;
; B2         ; h04         ; 5.073 ; 5.073 ; 5.073 ; 5.073 ;
; B2         ; h05         ; 5.122 ; 5.122 ; 5.122 ; 5.122 ;
; B2         ; h06         ; 5.122 ; 5.122 ; 5.122 ; 5.122 ;
; B2         ; h16         ; 4.882 ; 4.882 ; 4.882 ; 4.882 ;
; B3         ; Cout        ; 3.474 ; 3.474 ; 3.474 ; 3.474 ;
; B3         ; OVR         ; 3.564 ; 3.564 ; 3.564 ; 3.564 ;
; B3         ; R3          ; 3.655 ; 3.655 ; 3.655 ; 3.655 ;
; B3         ; h00         ; 4.735 ; 4.735 ; 4.735 ; 4.735 ;
; B3         ; h01         ; 4.807 ; 4.807 ; 4.807 ; 4.807 ;
; B3         ; h02         ; 4.695 ; 4.695 ; 4.695 ; 4.695 ;
; B3         ; h05         ; 4.830 ; 4.830 ; 4.830 ; 4.830 ;
; B3         ; h06         ; 4.830 ; 4.830 ; 4.830 ; 4.830 ;
; B3         ; h16         ; 4.239 ; 4.239 ; 4.239 ; 4.239 ;
; S0         ; Cout        ; 4.143 ; 4.143 ; 4.143 ; 4.143 ;
; S0         ; OVR         ; 4.234 ; 4.234 ; 4.234 ; 4.234 ;
; S0         ; R0          ; 4.188 ; 4.188 ; 4.188 ; 4.188 ;
; S0         ; R1          ; 4.492 ; 4.492 ; 4.492 ; 4.492 ;
; S0         ; R2          ; 4.342 ; 4.342 ; 4.342 ; 4.342 ;
; S0         ; R3          ; 4.325 ; 4.325 ; 4.325 ; 4.325 ;
; S0         ; h00         ; 5.069 ; 5.069 ; 5.069 ; 5.069 ;
; S0         ; h01         ; 5.143 ; 5.143 ; 5.143 ; 5.143 ;
; S0         ; h02         ; 5.027 ; 5.027 ; 5.027 ; 5.027 ;
; S0         ; h03         ; 4.945 ; 4.945 ; 4.945 ; 4.945 ;
; S0         ; h04         ; 5.038 ; 5.038 ; 5.038 ; 5.038 ;
; S0         ; h05         ; 5.166 ; 5.166 ; 5.166 ; 5.166 ;
; S0         ; h06         ; 5.166 ; 5.166 ; 5.166 ; 5.166 ;
; S0         ; h16         ; 4.909 ; 4.909 ; 4.909 ; 4.909 ;
; S1         ; Cout        ;       ; 4.078 ; 4.078 ;       ;
; S1         ; OVR         ; 4.340 ; 4.340 ; 4.340 ; 4.340 ;
; S1         ; R0          ; 4.225 ; 4.225 ; 4.225 ; 4.225 ;
; S1         ; R1          ; 4.249 ; 4.249 ; 4.249 ; 4.249 ;
; S1         ; R2          ; 4.229 ; 4.395 ; 4.395 ; 4.229 ;
; S1         ; R3          ; 4.431 ; 4.431 ; 4.431 ; 4.431 ;
; S1         ; h00         ; 5.106 ; 5.106 ; 5.106 ; 5.106 ;
; S1         ; h01         ; 5.180 ; 5.180 ; 5.180 ; 5.180 ;
; S1         ; h02         ; 5.064 ; 5.064 ; 5.064 ; 5.064 ;
; S1         ; h03         ; 4.982 ; 4.982 ; 4.982 ; 4.982 ;
; S1         ; h04         ; 5.075 ; 5.075 ; 5.075 ; 5.075 ;
; S1         ; h05         ; 5.203 ; 5.203 ; 5.203 ; 5.203 ;
; S1         ; h06         ; 5.203 ; 5.203 ; 5.203 ; 5.203 ;
; S1         ; h16         ; 5.015 ; 5.015 ; 5.015 ; 5.015 ;
+------------+-------------+-------+-------+-------+-------+


+----------------------------------------------------------------------------+
; Multicorner Timing Analysis Summary                                        ;
+------------------+-------+------+----------+---------+---------------------+
; Clock            ; Setup ; Hold ; Recovery ; Removal ; Minimum Pulse Width ;
+------------------+-------+------+----------+---------+---------------------+
; Worst-case Slack ; N/A   ; N/A  ; N/A      ; N/A     ; N/A                 ;
; Design-wide TNS  ; 0.0   ; 0.0  ; 0.0      ; 0.0     ; 0.0                 ;
+------------------+-------+------+----------+---------+---------------------+


+--------------------------------------------------------------+
; Progagation Delay                                            ;
+------------+-------------+--------+--------+--------+--------+
; Input Port ; Output Port ; RR     ; RF     ; FR     ; FF     ;
+------------+-------------+--------+--------+--------+--------+
; A0         ; Cout        ; 9.814  ;        ;        ; 9.814  ;
; A0         ; OVR         ; 10.076 ; 10.076 ; 10.076 ; 10.076 ;
; A0         ; R0          ; 7.819  ; 7.819  ; 7.819  ; 7.819  ;
; A0         ; R1          ; 8.684  ; 8.684  ; 8.684  ; 8.684  ;
; A0         ; R2          ; 9.172  ; 9.172  ; 9.172  ; 9.172  ;
; A0         ; R3          ; 10.422 ; 10.422 ; 10.422 ; 10.422 ;
; A0         ; h00         ; 13.240 ; 13.240 ; 13.240 ; 13.240 ;
; A0         ; h01         ; 13.363 ; 13.363 ; 13.363 ; 13.363 ;
; A0         ; h02         ; 13.049 ; 13.049 ; 13.049 ; 13.049 ;
; A0         ; h03         ; 11.330 ; 11.330 ; 11.330 ; 11.330 ;
; A0         ; h04         ; 11.572 ; 11.572 ; 11.572 ; 11.572 ;
; A0         ; h05         ; 13.402 ; 13.402 ; 13.402 ; 13.402 ;
; A0         ; h06         ; 13.402 ; 13.402 ; 13.402 ; 13.402 ;
; A0         ; h16         ; 11.812 ; 11.812 ; 11.812 ; 11.812 ;
; A1         ; Cout        ; 10.145 ;        ;        ; 10.145 ;
; A1         ; OVR         ; 10.407 ; 10.407 ; 10.407 ; 10.407 ;
; A1         ; R1          ; 8.030  ; 8.030  ; 8.030  ; 8.030  ;
; A1         ; R2          ; 9.503  ; 9.503  ; 9.503  ; 9.503  ;
; A1         ; R3          ; 10.753 ; 10.753 ; 10.753 ; 10.753 ;
; A1         ; h00         ; 13.571 ; 13.571 ; 13.571 ; 13.571 ;
; A1         ; h01         ; 13.694 ; 13.694 ; 13.694 ; 13.694 ;
; A1         ; h02         ; 13.380 ; 13.380 ; 13.380 ; 13.380 ;
; A1         ; h03         ; 11.661 ; 11.661 ; 11.661 ; 11.661 ;
; A1         ; h04         ; 11.903 ; 11.903 ; 11.903 ; 11.903 ;
; A1         ; h05         ; 13.733 ; 13.733 ; 13.733 ; 13.733 ;
; A1         ; h06         ; 13.733 ; 13.733 ; 13.733 ; 13.733 ;
; A1         ; h16         ; 12.143 ; 12.143 ; 12.143 ; 12.143 ;
; A2         ; Cout        ; 8.108  ;        ;        ; 8.108  ;
; A2         ; OVR         ; 8.370  ; 8.370  ; 8.370  ; 8.370  ;
; A2         ; R2          ; 8.629  ; 8.629  ; 8.629  ; 8.629  ;
; A2         ; R3          ; 8.716  ; 8.716  ; 8.716  ; 8.716  ;
; A2         ; h00         ; 11.534 ; 11.534 ; 11.534 ; 11.534 ;
; A2         ; h01         ; 11.657 ; 11.657 ; 11.657 ; 11.657 ;
; A2         ; h02         ; 11.343 ; 11.343 ; 11.343 ; 11.343 ;
; A2         ; h03         ; 10.787 ; 10.787 ; 10.787 ; 10.787 ;
; A2         ; h04         ; 11.029 ; 11.029 ; 11.029 ; 11.029 ;
; A2         ; h05         ; 11.696 ; 11.696 ; 11.696 ; 11.696 ;
; A2         ; h06         ; 11.696 ; 11.696 ; 11.696 ; 11.696 ;
; A2         ; h16         ; 10.106 ; 10.106 ; 10.106 ; 10.106 ;
; A3         ; Cout        ; 7.865  ;        ;        ; 7.865  ;
; A3         ; OVR         ; 8.826  ; 8.826  ; 8.826  ; 8.826  ;
; A3         ; R3          ; 9.259  ; 9.259  ; 9.259  ; 9.259  ;
; A3         ; h00         ; 12.077 ; 12.077 ; 12.077 ; 12.077 ;
; A3         ; h01         ; 12.200 ; 12.200 ; 12.200 ; 12.200 ;
; A3         ; h02         ; 11.886 ; 11.886 ; 11.886 ; 11.886 ;
; A3         ; h05         ; 12.239 ; 12.239 ; 12.239 ; 12.239 ;
; A3         ; h06         ; 12.239 ; 12.239 ; 12.239 ; 12.239 ;
; A3         ; h16         ; 10.649 ; 10.649 ; 10.649 ; 10.649 ;
; B0         ; Cout        ; 9.778  ; 9.778  ; 9.778  ; 9.778  ;
; B0         ; OVR         ; 10.040 ; 10.040 ; 10.040 ; 10.040 ;
; B0         ; R0          ; 8.645  ; 8.645  ; 8.645  ; 8.645  ;
; B0         ; R1          ; 9.511  ; 9.511  ; 9.511  ; 9.511  ;
; B0         ; R2          ; 9.136  ; 9.136  ; 9.136  ; 9.136  ;
; B0         ; R3          ; 10.386 ; 10.386 ; 10.386 ; 10.386 ;
; B0         ; h00         ; 13.204 ; 13.204 ; 13.204 ; 13.204 ;
; B0         ; h01         ; 13.327 ; 13.327 ; 13.327 ; 13.327 ;
; B0         ; h02         ; 13.013 ; 13.013 ; 13.013 ; 13.013 ;
; B0         ; h03         ; 11.672 ; 11.672 ; 11.672 ; 11.672 ;
; B0         ; h04         ; 11.944 ; 11.944 ; 11.944 ; 11.944 ;
; B0         ; h05         ; 13.366 ; 13.366 ; 13.366 ; 13.366 ;
; B0         ; h06         ; 13.366 ; 13.366 ; 13.366 ; 13.366 ;
; B0         ; h16         ; 11.776 ; 11.776 ; 11.776 ; 11.776 ;
; B1         ; Cout        ; 10.901 ; 10.901 ; 10.901 ; 10.901 ;
; B1         ; OVR         ; 11.163 ; 11.163 ; 11.163 ; 11.163 ;
; B1         ; R1          ; 9.105  ; 9.105  ; 9.105  ; 9.105  ;
; B1         ; R2          ; 10.259 ; 10.259 ; 10.259 ; 10.259 ;
; B1         ; R3          ; 11.509 ; 11.509 ; 11.509 ; 11.509 ;
; B1         ; h00         ; 14.327 ; 14.327 ; 14.327 ; 14.327 ;
; B1         ; h01         ; 14.450 ; 14.450 ; 14.450 ; 14.450 ;
; B1         ; h02         ; 14.136 ; 14.136 ; 14.136 ; 14.136 ;
; B1         ; h03         ; 12.417 ; 12.417 ; 12.417 ; 12.417 ;
; B1         ; h04         ; 12.659 ; 12.659 ; 12.659 ; 12.659 ;
; B1         ; h05         ; 14.489 ; 14.489 ; 14.489 ; 14.489 ;
; B1         ; h06         ; 14.489 ; 14.489 ; 14.489 ; 14.489 ;
; B1         ; h16         ; 12.899 ; 12.899 ; 12.899 ; 12.899 ;
; B2         ; Cout        ; 9.277  ; 9.277  ; 9.277  ; 9.277  ;
; B2         ; OVR         ; 9.539  ; 9.539  ; 9.539  ; 9.539  ;
; B2         ; R2          ; 9.135  ; 9.135  ; 9.135  ; 9.135  ;
; B2         ; R3          ; 9.885  ; 9.885  ; 9.885  ; 9.885  ;
; B2         ; h00         ; 12.703 ; 12.703 ; 12.703 ; 12.703 ;
; B2         ; h01         ; 12.826 ; 12.826 ; 12.826 ; 12.826 ;
; B2         ; h02         ; 12.512 ; 12.512 ; 12.512 ; 12.512 ;
; B2         ; h03         ; 11.293 ; 11.293 ; 11.293 ; 11.293 ;
; B2         ; h04         ; 11.535 ; 11.535 ; 11.535 ; 11.535 ;
; B2         ; h05         ; 12.865 ; 12.865 ; 12.865 ; 12.865 ;
; B2         ; h06         ; 12.865 ; 12.865 ; 12.865 ; 12.865 ;
; B2         ; h16         ; 11.275 ; 11.275 ; 11.275 ; 11.275 ;
; B3         ; Cout        ; 7.678  ; 7.678  ; 7.678  ; 7.678  ;
; B3         ; OVR         ; 8.072  ; 8.072  ; 8.072  ; 8.072  ;
; B3         ; R3          ; 8.372  ; 8.372  ; 8.372  ; 8.372  ;
; B3         ; h00         ; 11.190 ; 11.190 ; 11.190 ; 11.190 ;
; B3         ; h01         ; 11.313 ; 11.313 ; 11.313 ; 11.313 ;
; B3         ; h02         ; 10.999 ; 10.999 ; 10.999 ; 10.999 ;
; B3         ; h05         ; 11.352 ; 11.352 ; 11.352 ; 11.352 ;
; B3         ; h06         ; 11.352 ; 11.352 ; 11.352 ; 11.352 ;
; B3         ; h16         ; 9.762  ; 9.762  ; 9.762  ; 9.762  ;
; S0         ; Cout        ; 11.398 ; 11.044 ; 11.044 ; 11.398 ;
; S0         ; OVR         ; 11.660 ; 11.660 ; 11.660 ; 11.660 ;
; S0         ; R0          ; 9.302  ; 9.302  ; 9.302  ; 9.302  ;
; S0         ; R1          ; 10.154 ; 10.154 ; 10.154 ; 10.154 ;
; S0         ; R2          ; 10.756 ; 10.756 ; 10.756 ; 10.756 ;
; S0         ; R3          ; 12.006 ; 12.006 ; 12.006 ; 12.006 ;
; S0         ; h00         ; 14.824 ; 14.824 ; 14.824 ; 14.824 ;
; S0         ; h01         ; 14.947 ; 14.947 ; 14.947 ; 14.947 ;
; S0         ; h02         ; 14.633 ; 14.633 ; 14.633 ; 14.633 ;
; S0         ; h03         ; 12.914 ; 12.914 ; 12.914 ; 12.914 ;
; S0         ; h04         ; 13.156 ; 13.156 ; 13.156 ; 13.156 ;
; S0         ; h05         ; 14.986 ; 14.986 ; 14.986 ; 14.986 ;
; S0         ; h06         ; 14.986 ; 14.986 ; 14.986 ; 14.986 ;
; S0         ; h16         ; 13.396 ; 13.396 ; 13.396 ; 13.396 ;
; S1         ; Cout        ;        ; 10.459 ; 10.459 ;        ;
; S1         ; OVR         ; 10.721 ; 10.721 ; 10.721 ; 10.721 ;
; S1         ; R0          ; 9.423  ; 9.423  ; 9.423  ; 9.423  ;
; S1         ; R1          ; 10.278 ; 10.278 ; 10.278 ; 10.278 ;
; S1         ; R2          ; 10.057 ; 10.057 ; 10.057 ; 10.057 ;
; S1         ; R3          ; 11.067 ; 11.067 ; 11.067 ; 11.067 ;
; S1         ; h00         ; 13.885 ; 13.885 ; 13.885 ; 13.885 ;
; S1         ; h01         ; 14.008 ; 14.008 ; 14.008 ; 14.008 ;
; S1         ; h02         ; 13.694 ; 13.694 ; 13.694 ; 13.694 ;
; S1         ; h03         ; 12.439 ; 12.439 ; 12.439 ; 12.439 ;
; S1         ; h04         ; 12.711 ; 12.711 ; 12.711 ; 12.711 ;
; S1         ; h05         ; 14.047 ; 14.047 ; 14.047 ; 14.047 ;
; S1         ; h06         ; 14.047 ; 14.047 ; 14.047 ; 14.047 ;
; S1         ; h16         ; 12.457 ; 12.457 ; 12.457 ; 12.457 ;
+------------+-------------+--------+--------+--------+--------+


+----------------------------------------------------------+
; Minimum Progagation Delay                                ;
+------------+-------------+-------+-------+-------+-------+
; Input Port ; Output Port ; RR    ; RF    ; FR    ; FF    ;
+------------+-------------+-------+-------+-------+-------+
; A0         ; Cout        ; 4.210 ;       ;       ; 4.210 ;
; A0         ; OVR         ; 4.299 ; 4.299 ; 4.299 ; 4.299 ;
; A0         ; R0          ; 3.474 ; 3.474 ; 3.474 ; 3.474 ;
; A0         ; R1          ; 3.791 ; 3.791 ; 3.791 ; 3.791 ;
; A0         ; R2          ; 3.952 ; 3.952 ; 3.952 ; 3.952 ;
; A0         ; R3          ; 4.391 ; 4.391 ; 4.391 ; 4.391 ;
; A0         ; h00         ; 4.355 ; 4.355 ; 4.355 ; 4.355 ;
; A0         ; h01         ; 4.429 ; 4.429 ; 4.429 ; 4.429 ;
; A0         ; h02         ; 4.313 ; 4.313 ; 4.313 ; 4.313 ;
; A0         ; h03         ; 4.231 ; 4.231 ; 4.231 ; 4.231 ;
; A0         ; h04         ; 4.324 ; 4.324 ; 4.324 ; 4.324 ;
; A0         ; h05         ; 4.452 ; 4.452 ; 4.452 ; 4.452 ;
; A0         ; h06         ; 4.452 ; 4.452 ; 4.452 ; 4.452 ;
; A0         ; h16         ; 4.975 ; 4.975 ; 4.975 ; 4.975 ;
; A1         ; Cout        ; 4.283 ;       ;       ; 4.283 ;
; A1         ; OVR         ; 4.372 ; 4.372 ; 4.372 ; 4.372 ;
; A1         ; R1          ; 3.660 ; 3.660 ; 3.660 ; 3.660 ;
; A1         ; R2          ; 4.025 ; 4.025 ; 4.025 ; 4.025 ;
; A1         ; R3          ; 4.464 ; 4.464 ; 4.464 ; 4.464 ;
; A1         ; h00         ; 4.599 ; 4.599 ; 4.599 ; 4.599 ;
; A1         ; h01         ; 4.679 ; 4.679 ; 4.679 ; 4.679 ;
; A1         ; h02         ; 4.564 ; 4.564 ; 4.564 ; 4.564 ;
; A1         ; h03         ; 4.556 ; 4.556 ; 4.556 ; 4.556 ;
; A1         ; h04         ; 4.650 ; 4.650 ; 4.650 ; 4.650 ;
; A1         ; h05         ; 4.701 ; 4.701 ; 4.701 ; 4.701 ;
; A1         ; h06         ; 4.698 ; 4.698 ; 4.698 ; 4.698 ;
; A1         ; h16         ; 5.048 ; 5.048 ; 5.048 ; 5.048 ;
; A2         ; Cout        ; 3.612 ;       ;       ; 3.612 ;
; A2         ; OVR         ; 3.701 ; 3.701 ; 3.701 ; 3.701 ;
; A2         ; R2          ; 3.758 ; 3.758 ; 3.758 ; 3.758 ;
; A2         ; R3          ; 3.793 ; 3.793 ; 3.793 ; 3.793 ;
; A2         ; h00         ; 4.751 ; 4.751 ; 4.751 ; 4.751 ;
; A2         ; h01         ; 4.827 ; 4.827 ; 4.827 ; 4.827 ;
; A2         ; h02         ; 4.710 ; 4.710 ; 4.710 ; 4.710 ;
; A2         ; h03         ; 4.707 ; 4.707 ; 4.707 ; 4.707 ;
; A2         ; h04         ; 4.800 ; 4.800 ; 4.800 ; 4.800 ;
; A2         ; h05         ; 4.849 ; 4.849 ; 4.849 ; 4.849 ;
; A2         ; h06         ; 4.849 ; 4.849 ; 4.849 ; 4.849 ;
; A2         ; h16         ; 4.377 ; 4.377 ; 4.377 ; 4.377 ;
; A3         ; Cout        ; 3.613 ;       ;       ; 3.613 ;
; A3         ; OVR         ; 3.784 ; 3.784 ; 3.784 ; 3.784 ;
; A3         ; R3          ; 4.046 ; 4.046 ; 4.046 ; 4.046 ;
; A3         ; h00         ; 5.126 ; 5.126 ; 5.126 ; 5.126 ;
; A3         ; h01         ; 5.198 ; 5.198 ; 5.198 ; 5.198 ;
; A3         ; h02         ; 5.086 ; 5.086 ; 5.086 ; 5.086 ;
; A3         ; h05         ; 5.221 ; 5.221 ; 5.221 ; 5.221 ;
; A3         ; h06         ; 5.221 ; 5.221 ; 5.221 ; 5.221 ;
; A3         ; h16         ; 4.630 ; 4.630 ; 4.630 ; 4.630 ;
; B0         ; Cout        ; 4.312 ; 4.312 ; 4.312 ; 4.312 ;
; B0         ; OVR         ; 4.401 ; 4.401 ; 4.401 ; 4.401 ;
; B0         ; R0          ; 3.874 ; 3.874 ; 3.874 ; 3.874 ;
; B0         ; R1          ; 4.191 ; 4.191 ; 4.191 ; 4.191 ;
; B0         ; R2          ; 4.054 ; 4.054 ; 4.054 ; 4.054 ;
; B0         ; R3          ; 4.493 ; 4.493 ; 4.493 ; 4.493 ;
; B0         ; h00         ; 4.755 ; 4.755 ; 4.755 ; 4.755 ;
; B0         ; h01         ; 4.829 ; 4.829 ; 4.829 ; 4.829 ;
; B0         ; h02         ; 4.713 ; 4.713 ; 4.713 ; 4.713 ;
; B0         ; h03         ; 4.631 ; 4.631 ; 4.631 ; 4.631 ;
; B0         ; h04         ; 4.724 ; 4.724 ; 4.724 ; 4.724 ;
; B0         ; h05         ; 4.852 ; 4.852 ; 4.852 ; 4.852 ;
; B0         ; h06         ; 4.852 ; 4.852 ; 4.852 ; 4.852 ;
; B0         ; h16         ; 5.077 ; 5.077 ; 5.077 ; 5.077 ;
; B1         ; Cout        ; 4.684 ; 4.684 ; 4.684 ; 4.684 ;
; B1         ; OVR         ; 4.773 ; 4.773 ; 4.773 ; 4.773 ;
; B1         ; R1          ; 4.060 ; 4.060 ; 4.060 ; 4.060 ;
; B1         ; R2          ; 4.426 ; 4.426 ; 4.426 ; 4.426 ;
; B1         ; R3          ; 4.865 ; 4.865 ; 4.865 ; 4.865 ;
; B1         ; h00         ; 4.999 ; 4.999 ; 4.999 ; 4.999 ;
; B1         ; h01         ; 5.079 ; 5.079 ; 5.079 ; 5.079 ;
; B1         ; h02         ; 4.964 ; 4.964 ; 4.964 ; 4.964 ;
; B1         ; h03         ; 4.956 ; 4.956 ; 4.956 ; 4.956 ;
; B1         ; h04         ; 5.050 ; 5.050 ; 5.050 ; 5.050 ;
; B1         ; h05         ; 5.101 ; 5.101 ; 5.101 ; 5.101 ;
; B1         ; h06         ; 5.098 ; 5.098 ; 5.098 ; 5.098 ;
; B1         ; h16         ; 5.449 ; 5.449 ; 5.449 ; 5.449 ;
; B2         ; Cout        ; 4.117 ; 4.117 ; 4.117 ; 4.117 ;
; B2         ; OVR         ; 4.206 ; 4.206 ; 4.206 ; 4.206 ;
; B2         ; R2          ; 4.031 ; 4.031 ; 4.031 ; 4.031 ;
; B2         ; R3          ; 4.298 ; 4.298 ; 4.298 ; 4.298 ;
; B2         ; h00         ; 5.024 ; 5.024 ; 5.024 ; 5.024 ;
; B2         ; h01         ; 5.100 ; 5.100 ; 5.100 ; 5.100 ;
; B2         ; h02         ; 4.983 ; 4.983 ; 4.983 ; 4.983 ;
; B2         ; h03         ; 4.980 ; 4.980 ; 4.980 ; 4.980 ;
; B2         ; h04         ; 5.073 ; 5.073 ; 5.073 ; 5.073 ;
; B2         ; h05         ; 5.122 ; 5.122 ; 5.122 ; 5.122 ;
; B2         ; h06         ; 5.122 ; 5.122 ; 5.122 ; 5.122 ;
; B2         ; h16         ; 4.882 ; 4.882 ; 4.882 ; 4.882 ;
; B3         ; Cout        ; 3.474 ; 3.474 ; 3.474 ; 3.474 ;
; B3         ; OVR         ; 3.564 ; 3.564 ; 3.564 ; 3.564 ;
; B3         ; R3          ; 3.655 ; 3.655 ; 3.655 ; 3.655 ;
; B3         ; h00         ; 4.735 ; 4.735 ; 4.735 ; 4.735 ;
; B3         ; h01         ; 4.807 ; 4.807 ; 4.807 ; 4.807 ;
; B3         ; h02         ; 4.695 ; 4.695 ; 4.695 ; 4.695 ;
; B3         ; h05         ; 4.830 ; 4.830 ; 4.830 ; 4.830 ;
; B3         ; h06         ; 4.830 ; 4.830 ; 4.830 ; 4.830 ;
; B3         ; h16         ; 4.239 ; 4.239 ; 4.239 ; 4.239 ;
; S0         ; Cout        ; 4.143 ; 4.143 ; 4.143 ; 4.143 ;
; S0         ; OVR         ; 4.234 ; 4.234 ; 4.234 ; 4.234 ;
; S0         ; R0          ; 4.188 ; 4.188 ; 4.188 ; 4.188 ;
; S0         ; R1          ; 4.492 ; 4.492 ; 4.492 ; 4.492 ;
; S0         ; R2          ; 4.342 ; 4.342 ; 4.342 ; 4.342 ;
; S0         ; R3          ; 4.325 ; 4.325 ; 4.325 ; 4.325 ;
; S0         ; h00         ; 5.069 ; 5.069 ; 5.069 ; 5.069 ;
; S0         ; h01         ; 5.143 ; 5.143 ; 5.143 ; 5.143 ;
; S0         ; h02         ; 5.027 ; 5.027 ; 5.027 ; 5.027 ;
; S0         ; h03         ; 4.945 ; 4.945 ; 4.945 ; 4.945 ;
; S0         ; h04         ; 5.038 ; 5.038 ; 5.038 ; 5.038 ;
; S0         ; h05         ; 5.166 ; 5.166 ; 5.166 ; 5.166 ;
; S0         ; h06         ; 5.166 ; 5.166 ; 5.166 ; 5.166 ;
; S0         ; h16         ; 4.909 ; 4.909 ; 4.909 ; 4.909 ;
; S1         ; Cout        ;       ; 4.078 ; 4.078 ;       ;
; S1         ; OVR         ; 4.340 ; 4.340 ; 4.340 ; 4.340 ;
; S1         ; R0          ; 4.225 ; 4.225 ; 4.225 ; 4.225 ;
; S1         ; R1          ; 4.249 ; 4.249 ; 4.249 ; 4.249 ;
; S1         ; R2          ; 4.229 ; 4.395 ; 4.395 ; 4.229 ;
; S1         ; R3          ; 4.431 ; 4.431 ; 4.431 ; 4.431 ;
; S1         ; h00         ; 5.106 ; 5.106 ; 5.106 ; 5.106 ;
; S1         ; h01         ; 5.180 ; 5.180 ; 5.180 ; 5.180 ;
; S1         ; h02         ; 5.064 ; 5.064 ; 5.064 ; 5.064 ;
; S1         ; h03         ; 4.982 ; 4.982 ; 4.982 ; 4.982 ;
; S1         ; h04         ; 5.075 ; 5.075 ; 5.075 ; 5.075 ;
; S1         ; h05         ; 5.203 ; 5.203 ; 5.203 ; 5.203 ;
; S1         ; h06         ; 5.203 ; 5.203 ; 5.203 ; 5.203 ;
; S1         ; h16         ; 5.015 ; 5.015 ; 5.015 ; 5.015 ;
+------------+-------------+-------+-------+-------+-------+


-------------------
; Clock Transfers ;
-------------------
Nothing to report.


---------------
; Report TCCS ;
---------------
No dedicated SERDES Transmitter circuitry present in device or used in design


---------------
; Report RSKM ;
---------------
No dedicated SERDES Receiver circuitry present in device or used in design


+------------------------------------------------+
; Unconstrained Paths                            ;
+---------------------------------+-------+------+
; Property                        ; Setup ; Hold ;
+---------------------------------+-------+------+
; Illegal Clocks                  ; 0     ; 0    ;
; Unconstrained Clocks            ; 0     ; 0    ;
; Unconstrained Input Ports       ; 10    ; 10   ;
; Unconstrained Input Port Paths  ; 124   ; 124  ;
; Unconstrained Output Ports      ; 14    ; 14   ;
; Unconstrained Output Port Paths ; 124   ; 124  ;
+---------------------------------+-------+------+


+------------------------------------+
; TimeQuest Timing Analyzer Messages ;
+------------------------------------+
Info: *******************************************************************
Info: Running Quartus II 64-Bit TimeQuest Timing Analyzer
    Info: Version 13.0.1 Build 232 06/12/2013 Service Pack 1 SJ Web Edition
    Info: Processing started: Fri Mar 09 15:04:11 2018
Info: Command: quartus_sta Lab5 -c Lab5
Info: qsta_default_script.tcl version: #1
Warning (20028): Parallel compilation is not licensed and has been disabled
Info (21077): Low junction temperature is 0 degrees C
Info (21077): High junction temperature is 85 degrees C
Critical Warning (332012): Synopsys Design Constraints File file not found: 'Lab5.sdc'. A Synopsys Design Constraints File is required by the TimeQuest Timing Analyzer to get proper timing constraints. Without it, the Compiler will not properly optimize the design.
Info (332142): No user constrained base clocks found in the design. Calling "derive_clocks -period 1.0"
Info (332096): The command derive_clocks did not find any clocks to derive.  No clocks were created or changed.
Warning (332068): No clocks defined in design.
Info: Found TIMEQUEST_REPORT_SCRIPT_INCLUDE_DEFAULT_ANALYSIS = ON
Info (332159): No clocks to report
Info: Analyzing Slow Model
Info (332140): No fmax paths to report
Info (332140): No Setup paths to report
Info (332140): No Hold paths to report
Info (332140): No Recovery paths to report
Info (332140): No Removal paths to report
Info (332140): No Minimum Pulse Width paths to report
Info (332001): The selected device family is not supported by the report_metastability command.
Info: Analyzing Fast Model
Info (332142): No user constrained base clocks found in the design. Calling "derive_clocks -period 1.0"
Info (332096): The command derive_clocks did not find any clocks to derive.  No clocks were created or changed.
Warning (332068): No clocks defined in design.
Info (332140): No Setup paths to report
Info (332140): No Hold paths to report
Info (332140): No Recovery paths to report
Info (332140): No Removal paths to report
Info (332140): No Minimum Pulse Width paths to report
Info (332001): The selected device family is not supported by the report_metastability command.
Info (332102): Design is not fully constrained for setup requirements
Info (332102): Design is not fully constrained for hold requirements
Info: Quartus II 64-Bit TimeQuest Timing Analyzer was successful. 0 errors, 4 warnings
    Info: Peak virtual memory: 385 megabytes
    Info: Processing ended: Fri Mar 09 15:04:13 2018
    Info: Elapsed time: 00:00:02
    Info: Total CPU time (on all processors): 00:00:01


