TimeQuest Timing Analyzer report for Lab9_2
Fri Apr 06 15:32:21 2018
Quartus II 64-Bit Version 13.0.1 Build 232 06/12/2013 Service Pack 1 SJ Web Edition


---------------------
; Table of Contents ;
---------------------
  1. Legal Notice
  2. TimeQuest Timing Analyzer Summary
  3. Parallel Compilation
  4. Clocks
  5. Slow Model Fmax Summary
  6. Slow Model Setup Summary
  7. Slow Model Hold Summary
  8. Slow Model Recovery Summary
  9. Slow Model Removal Summary
 10. Slow Model Minimum Pulse Width Summary
 11. Slow Model Setup: 'CLK'
 12. Slow Model Setup: 'op[0]'
 13. Slow Model Hold: 'op[0]'
 14. Slow Model Hold: 'CLK'
 15. Slow Model Recovery: 'op[0]'
 16. Slow Model Removal: 'op[0]'
 17. Slow Model Minimum Pulse Width: 'CLK'
 18. Slow Model Minimum Pulse Width: 'op[0]'
 19. Setup Times
 20. Hold Times
 21. Clock to Output Times
 22. Minimum Clock to Output Times
 23. Fast Model Setup Summary
 24. Fast Model Hold Summary
 25. Fast Model Recovery Summary
 26. Fast Model Removal Summary
 27. Fast Model Minimum Pulse Width Summary
 28. Fast Model Setup: 'CLK'
 29. Fast Model Setup: 'op[0]'
 30. Fast Model Hold: 'op[0]'
 31. Fast Model Hold: 'CLK'
 32. Fast Model Recovery: 'op[0]'
 33. Fast Model Removal: 'op[0]'
 34. Fast Model Minimum Pulse Width: 'CLK'
 35. Fast Model Minimum Pulse Width: 'op[0]'
 36. Setup Times
 37. Hold Times
 38. Clock to Output Times
 39. Minimum Clock to Output Times
 40. Multicorner Timing Analysis Summary
 41. Setup Times
 42. Hold Times
 43. Clock to Output Times
 44. Minimum Clock to Output Times
 45. Setup Transfers
 46. Hold Transfers
 47. Recovery Transfers
 48. Removal Transfers
 49. Report TCCS
 50. Report RSKM
 51. Unconstrained Paths
 52. TimeQuest Timing Analyzer Messages



----------------
; Legal Notice ;
----------------
Copyright (C) 1991-2013 Altera Corporation
Your use of Altera Corporation's design tools, logic functions 
and other software and tools, and its AMPP partner logic 
functions, and any output files from any of the foregoing 
(including device programming or simulation files), and any 
associated documentation or information are expressly subject 
to the terms and conditions of the Altera Program License 
Subscription Agreement, Altera MegaCore Function License 
Agreement, or other applicable license agreement, including, 
without limitation, that your use is for the sole purpose of 
programming logic devices manufactured by Altera and sold by 
Altera or its authorized distributors.  Please refer to the 
applicable agreement for further details.



+----------------------------------------------------------------------------------------+
; TimeQuest Timing Analyzer Summary                                                      ;
+--------------------+-------------------------------------------------------------------+
; Quartus II Version ; Version 13.0.1 Build 232 06/12/2013 Service Pack 1 SJ Web Edition ;
; Revision Name      ; Lab9_2                                                            ;
; Device Family      ; Cyclone II                                                        ;
; Device Name        ; EP2C20F484C7                                                      ;
; Timing Models      ; Final                                                             ;
; Delay Model        ; Combined                                                          ;
; Rise/Fall Delays   ; Unavailable                                                       ;
+--------------------+-------------------------------------------------------------------+


Parallel compilation was disabled, but you have multiple processors available. Enable parallel compilation to reduce compilation time.
+-------------------------------------+
; Parallel Compilation                ;
+----------------------------+--------+
; Processors                 ; Number ;
+----------------------------+--------+
; Number detected on machine ; 4      ;
; Maximum allowed            ; 1      ;
+----------------------------+--------+


+-----------------------------------------------------------------------------------------------------------------------------------------------------------------------------------+
; Clocks                                                                                                                                                                            ;
+------------+------+--------+------------+-------+-------+------------+-----------+-------------+-------+--------+-----------+------------+----------+--------+--------+-----------+
; Clock Name ; Type ; Period ; Frequency  ; Rise  ; Fall  ; Duty Cycle ; Divide by ; Multiply by ; Phase ; Offset ; Edge List ; Edge Shift ; Inverted ; Master ; Source ; Targets   ;
+------------+------+--------+------------+-------+-------+------------+-----------+-------------+-------+--------+-----------+------------+----------+--------+--------+-----------+
; CLK        ; Base ; 1.000  ; 1000.0 MHz ; 0.000 ; 0.500 ;            ;           ;             ;       ;        ;           ;            ;          ;        ;        ; { CLK }   ;
; op[0]      ; Base ; 1.000  ; 1000.0 MHz ; 0.000 ; 0.500 ;            ;           ;             ;       ;        ;           ;            ;          ;        ;        ; { op[0] } ;
+------------+------+--------+------------+-------+-------+------------+-----------+-------------+-------+--------+-----------+------------+----------+--------+--------+-----------+


+----------------------------------------------------------------------+
; Slow Model Fmax Summary                                              ;
+-------------+-----------------+------------+-------------------------+
; Fmax        ; Restricted Fmax ; Clock Name ; Note                    ;
+-------------+-----------------+------------+-------------------------+
; 4424.78 MHz ; 339.67 MHz      ; op[0]      ; limit due to hold check ;
+-------------+-----------------+------------+-------------------------+
This panel reports FMAX for every clock in the design, regardless of the user-specified clock periods.  FMAX is only computed for paths where the source and destination registers or ports are driven by the same clock.  Paths of different clocks, including generated clocks, are ignored.  For paths between a clock and its inversion, FMAX is computed as if the rising and falling edges are scaled along with FMAX, such that the duty cycle (in terms of a percentage) is maintained. Altera recommends that you always use clock constraints and other slack reports for sign-off analysis.


+--------------------------------+
; Slow Model Setup Summary       ;
+-------+--------+---------------+
; Clock ; Slack  ; End Point TNS ;
+-------+--------+---------------+
; CLK   ; -2.533 ; -13.738       ;
; op[0] ; 0.187  ; 0.000         ;
+-------+--------+---------------+


+--------------------------------+
; Slow Model Hold Summary        ;
+-------+--------+---------------+
; Clock ; Slack  ; End Point TNS ;
+-------+--------+---------------+
; op[0] ; -1.472 ; -7.118        ;
; CLK   ; 2.845  ; 0.000         ;
+-------+--------+---------------+


+-------------------------------+
; Slow Model Recovery Summary   ;
+-------+-------+---------------+
; Clock ; Slack ; End Point TNS ;
+-------+-------+---------------+
; op[0] ; 1.015 ; 0.000         ;
+-------+-------+---------------+


+--------------------------------+
; Slow Model Removal Summary     ;
+-------+--------+---------------+
; Clock ; Slack  ; End Point TNS ;
+-------+--------+---------------+
; op[0] ; -1.789 ; -3.178        ;
+-------+--------+---------------+


+----------------------------------------+
; Slow Model Minimum Pulse Width Summary ;
+-------+--------+-----------------------+
; Clock ; Slack  ; End Point TNS         ;
+-------+--------+-----------------------+
; CLK   ; -1.631 ; -10.185               ;
; op[0] ; -1.469 ; -1.469                ;
+-------+--------+-----------------------+


+------------------------------------------------------------------------------------------------------------+
; Slow Model Setup: 'CLK'                                                                                    ;
+--------+------------------+----------+--------------+-------------+--------------+------------+------------+
; Slack  ; From Node        ; To Node  ; Launch Clock ; Latch Clock ; Relationship ; Clock Skew ; Data Delay ;
+--------+------------------+----------+--------------+-------------+--------------+------------+------------+
; -2.533 ; nextstate.S4_131 ; state.S4 ; op[0]        ; CLK         ; 0.500        ; -2.975     ; 0.096      ;
; -2.400 ; nextstate.S6_114 ; state.S6 ; op[0]        ; CLK         ; 0.500        ; -2.842     ; 0.096      ;
; -2.239 ; nextstate.S1_161 ; state.S1 ; op[0]        ; CLK         ; 0.500        ; -2.681     ; 0.096      ;
; -2.238 ; nextstate.S2_151 ; state.S2 ; op[0]        ; CLK         ; 0.500        ; -2.680     ; 0.096      ;
; -2.235 ; nextstate.S5_121 ; state.S5 ; op[0]        ; CLK         ; 0.500        ; -2.677     ; 0.096      ;
; -2.093 ; nextstate.S3_141 ; state.S3 ; op[0]        ; CLK         ; 0.500        ; -2.535     ; 0.096      ;
+--------+------------------+----------+--------------+-------------+--------------+------------+------------+


+------------------------------------------------------------------------------------------------------------+
; Slow Model Setup: 'op[0]'                                                                                  ;
+-------+-----------+------------------+--------------+-------------+--------------+------------+------------+
; Slack ; From Node ; To Node          ; Launch Clock ; Latch Clock ; Relationship ; Clock Skew ; Data Delay ;
+-------+-----------+------------------+--------------+-------------+--------------+------------+------------+
; 0.187 ; state.S6  ; nextstate.S1_161 ; CLK          ; op[0]       ; 0.500        ; 2.681      ; 1.628      ;
; 0.362 ; state.S0  ; nextstate.S1_161 ; CLK          ; op[0]       ; 0.500        ; 2.681      ; 1.453      ;
; 0.387 ; op[0]     ; nextstate.S5_121 ; op[0]        ; op[0]       ; 0.500        ; 5.531      ; 4.270      ;
; 0.393 ; op[0]     ; nextstate.S6_114 ; op[0]        ; op[0]       ; 0.500        ; 5.696      ; 4.224      ;
; 0.529 ; state.S5  ; nextstate.S1_161 ; CLK          ; op[0]       ; 0.500        ; 2.681      ; 1.286      ;
; 0.549 ; state.S3  ; nextstate.S4_131 ; CLK          ; op[0]       ; 0.500        ; 2.536      ; 0.976      ;
; 0.739 ; state.S1  ; nextstate.S2_151 ; CLK          ; op[0]       ; 0.500        ; 2.680      ; 0.824      ;
; 0.844 ; state.S2  ; nextstate.S3_141 ; CLK          ; op[0]       ; 0.500        ; 2.535      ; 0.961      ;
; 0.887 ; op[0]     ; nextstate.S5_121 ; op[0]        ; op[0]       ; 1.000        ; 5.531      ; 4.270      ;
; 0.893 ; op[0]     ; nextstate.S6_114 ; op[0]        ; op[0]       ; 1.000        ; 5.696      ; 4.224      ;
+-------+-----------+------------------+--------------+-------------+--------------+------------+------------+


+-------------------------------------------------------------------------------------------------------------+
; Slow Model Hold: 'op[0]'                                                                                    ;
+--------+-----------+------------------+--------------+-------------+--------------+------------+------------+
; Slack  ; From Node ; To Node          ; Launch Clock ; Latch Clock ; Relationship ; Clock Skew ; Data Delay ;
+--------+-----------+------------------+--------------+-------------+--------------+------------+------------+
; -1.472 ; op[0]     ; nextstate.S6_114 ; op[0]        ; op[0]       ; 0.000        ; 5.696      ; 4.224      ;
; -1.356 ; state.S1  ; nextstate.S2_151 ; CLK          ; op[0]       ; -0.500       ; 2.680      ; 0.824      ;
; -1.261 ; op[0]     ; nextstate.S5_121 ; op[0]        ; op[0]       ; 0.000        ; 5.531      ; 4.270      ;
; -1.074 ; state.S2  ; nextstate.S3_141 ; CLK          ; op[0]       ; -0.500       ; 2.535      ; 0.961      ;
; -1.060 ; state.S3  ; nextstate.S4_131 ; CLK          ; op[0]       ; -0.500       ; 2.536      ; 0.976      ;
; -0.972 ; op[0]     ; nextstate.S6_114 ; op[0]        ; op[0]       ; -0.500       ; 5.696      ; 4.224      ;
; -0.895 ; state.S5  ; nextstate.S1_161 ; CLK          ; op[0]       ; -0.500       ; 2.681      ; 1.286      ;
; -0.761 ; op[0]     ; nextstate.S5_121 ; op[0]        ; op[0]       ; -0.500       ; 5.531      ; 4.270      ;
; -0.728 ; state.S0  ; nextstate.S1_161 ; CLK          ; op[0]       ; -0.500       ; 2.681      ; 1.453      ;
; -0.553 ; state.S6  ; nextstate.S1_161 ; CLK          ; op[0]       ; -0.500       ; 2.681      ; 1.628      ;
+--------+-----------+------------------+--------------+-------------+--------------+------------+------------+


+-----------------------------------------------------------------------------------------------------------+
; Slow Model Hold: 'CLK'                                                                                    ;
+-------+------------------+----------+--------------+-------------+--------------+------------+------------+
; Slack ; From Node        ; To Node  ; Launch Clock ; Latch Clock ; Relationship ; Clock Skew ; Data Delay ;
+-------+------------------+----------+--------------+-------------+--------------+------------+------------+
; 2.845 ; nextstate.S3_141 ; state.S3 ; op[0]        ; CLK         ; -0.500       ; -2.535     ; 0.096      ;
; 2.987 ; nextstate.S5_121 ; state.S5 ; op[0]        ; CLK         ; -0.500       ; -2.677     ; 0.096      ;
; 2.990 ; nextstate.S2_151 ; state.S2 ; op[0]        ; CLK         ; -0.500       ; -2.680     ; 0.096      ;
; 2.991 ; nextstate.S1_161 ; state.S1 ; op[0]        ; CLK         ; -0.500       ; -2.681     ; 0.096      ;
; 3.152 ; nextstate.S6_114 ; state.S6 ; op[0]        ; CLK         ; -0.500       ; -2.842     ; 0.096      ;
; 3.285 ; nextstate.S4_131 ; state.S4 ; op[0]        ; CLK         ; -0.500       ; -2.975     ; 0.096      ;
+-------+------------------+----------+--------------+-------------+--------------+------------+------------+


+------------------------------------------------------------------------------------------------------------+
; Slow Model Recovery: 'op[0]'                                                                               ;
+-------+-----------+------------------+--------------+-------------+--------------+------------+------------+
; Slack ; From Node ; To Node          ; Launch Clock ; Latch Clock ; Relationship ; Clock Skew ; Data Delay ;
+-------+-----------+------------------+--------------+-------------+--------------+------------+------------+
; 1.015 ; state.S4  ; nextstate.S5_121 ; CLK          ; op[0]       ; 0.500        ; 3.116      ; 1.227      ;
; 1.210 ; state.S4  ; nextstate.S6_114 ; CLK          ; op[0]       ; 0.500        ; 3.281      ; 0.992      ;
+-------+-----------+------------------+--------------+-------------+--------------+------------+------------+


+-------------------------------------------------------------------------------------------------------------+
; Slow Model Removal: 'op[0]'                                                                                 ;
+--------+-----------+------------------+--------------+-------------+--------------+------------+------------+
; Slack  ; From Node ; To Node          ; Launch Clock ; Latch Clock ; Relationship ; Clock Skew ; Data Delay ;
+--------+-----------+------------------+--------------+-------------+--------------+------------+------------+
; -1.789 ; state.S4  ; nextstate.S6_114 ; CLK          ; op[0]       ; -0.500       ; 3.281      ; 0.992      ;
; -1.389 ; state.S4  ; nextstate.S5_121 ; CLK          ; op[0]       ; -0.500       ; 3.116      ; 1.227      ;
+--------+-----------+------------------+--------------+-------------+--------------+------------+------------+


+-------------------------------------------------------------------------------------------------------+
; Slow Model Minimum Pulse Width: 'CLK'                                                                 ;
+--------+--------------+----------------+------------------+-------+------------+----------------------+
; Slack  ; Actual Width ; Required Width ; Type             ; Clock ; Clock Edge ; Target               ;
+--------+--------------+----------------+------------------+-------+------------+----------------------+
; -1.631 ; 1.000        ; 2.631          ; Port Rate        ; CLK   ; Rise       ; CLK                  ;
; -0.611 ; 0.500        ; 1.111          ; High Pulse Width ; CLK   ; Fall       ; state.S0             ;
; -0.611 ; 0.500        ; 1.111          ; Low Pulse Width  ; CLK   ; Fall       ; state.S0             ;
; -0.611 ; 0.500        ; 1.111          ; High Pulse Width ; CLK   ; Fall       ; state.S1             ;
; -0.611 ; 0.500        ; 1.111          ; Low Pulse Width  ; CLK   ; Fall       ; state.S1             ;
; -0.611 ; 0.500        ; 1.111          ; High Pulse Width ; CLK   ; Fall       ; state.S2             ;
; -0.611 ; 0.500        ; 1.111          ; Low Pulse Width  ; CLK   ; Fall       ; state.S2             ;
; -0.611 ; 0.500        ; 1.111          ; High Pulse Width ; CLK   ; Fall       ; state.S3             ;
; -0.611 ; 0.500        ; 1.111          ; Low Pulse Width  ; CLK   ; Fall       ; state.S3             ;
; -0.611 ; 0.500        ; 1.111          ; High Pulse Width ; CLK   ; Fall       ; state.S4             ;
; -0.611 ; 0.500        ; 1.111          ; Low Pulse Width  ; CLK   ; Fall       ; state.S4             ;
; -0.611 ; 0.500        ; 1.111          ; High Pulse Width ; CLK   ; Fall       ; state.S5             ;
; -0.611 ; 0.500        ; 1.111          ; Low Pulse Width  ; CLK   ; Fall       ; state.S5             ;
; -0.611 ; 0.500        ; 1.111          ; High Pulse Width ; CLK   ; Fall       ; state.S6             ;
; -0.611 ; 0.500        ; 1.111          ; Low Pulse Width  ; CLK   ; Fall       ; state.S6             ;
; 0.500  ; 0.500        ; 0.000          ; High Pulse Width ; CLK   ; Rise       ; CLK|combout          ;
; 0.500  ; 0.500        ; 0.000          ; Low Pulse Width  ; CLK   ; Rise       ; CLK|combout          ;
; 0.500  ; 0.500        ; 0.000          ; High Pulse Width ; CLK   ; Rise       ; CLK~clkctrl|inclk[0] ;
; 0.500  ; 0.500        ; 0.000          ; Low Pulse Width  ; CLK   ; Rise       ; CLK~clkctrl|inclk[0] ;
; 0.500  ; 0.500        ; 0.000          ; High Pulse Width ; CLK   ; Rise       ; CLK~clkctrl|outclk   ;
; 0.500  ; 0.500        ; 0.000          ; Low Pulse Width  ; CLK   ; Rise       ; CLK~clkctrl|outclk   ;
; 0.500  ; 0.500        ; 0.000          ; High Pulse Width ; CLK   ; Rise       ; state.S0|clk         ;
; 0.500  ; 0.500        ; 0.000          ; Low Pulse Width  ; CLK   ; Rise       ; state.S0|clk         ;
; 0.500  ; 0.500        ; 0.000          ; High Pulse Width ; CLK   ; Rise       ; state.S1|clk         ;
; 0.500  ; 0.500        ; 0.000          ; Low Pulse Width  ; CLK   ; Rise       ; state.S1|clk         ;
; 0.500  ; 0.500        ; 0.000          ; High Pulse Width ; CLK   ; Rise       ; state.S2|clk         ;
; 0.500  ; 0.500        ; 0.000          ; Low Pulse Width  ; CLK   ; Rise       ; state.S2|clk         ;
; 0.500  ; 0.500        ; 0.000          ; High Pulse Width ; CLK   ; Rise       ; state.S3|clk         ;
; 0.500  ; 0.500        ; 0.000          ; Low Pulse Width  ; CLK   ; Rise       ; state.S3|clk         ;
; 0.500  ; 0.500        ; 0.000          ; High Pulse Width ; CLK   ; Rise       ; state.S4|clk         ;
; 0.500  ; 0.500        ; 0.000          ; Low Pulse Width  ; CLK   ; Rise       ; state.S4|clk         ;
; 0.500  ; 0.500        ; 0.000          ; High Pulse Width ; CLK   ; Rise       ; state.S5|clk         ;
; 0.500  ; 0.500        ; 0.000          ; Low Pulse Width  ; CLK   ; Rise       ; state.S5|clk         ;
; 0.500  ; 0.500        ; 0.000          ; High Pulse Width ; CLK   ; Rise       ; state.S6|clk         ;
; 0.500  ; 0.500        ; 0.000          ; Low Pulse Width  ; CLK   ; Rise       ; state.S6|clk         ;
+--------+--------------+----------------+------------------+-------+------------+----------------------+


+---------------------------------------------------------------------------------------------------------------+
; Slow Model Minimum Pulse Width: 'op[0]'                                                                       ;
+--------+--------------+----------------+------------------+-------+------------+------------------------------+
; Slack  ; Actual Width ; Required Width ; Type             ; Clock ; Clock Edge ; Target                       ;
+--------+--------------+----------------+------------------+-------+------------+------------------------------+
; -1.469 ; 1.000        ; 2.469          ; Port Rate        ; op[0] ; Rise       ; op[0]                        ;
; 0.500  ; 0.500        ; 0.000          ; High Pulse Width ; op[0] ; Fall       ; Equal0~0|combout             ;
; 0.500  ; 0.500        ; 0.000          ; Low Pulse Width  ; op[0] ; Fall       ; Equal0~0|combout             ;
; 0.500  ; 0.500        ; 0.000          ; High Pulse Width ; op[0] ; Rise       ; Equal0~0|datad               ;
; 0.500  ; 0.500        ; 0.000          ; Low Pulse Width  ; op[0] ; Rise       ; Equal0~0|datad               ;
; 0.500  ; 0.500        ; 0.000          ; High Pulse Width ; op[0] ; Fall       ; Equal0~2|combout             ;
; 0.500  ; 0.500        ; 0.000          ; Low Pulse Width  ; op[0] ; Fall       ; Equal0~2|combout             ;
; 0.500  ; 0.500        ; 0.000          ; High Pulse Width ; op[0] ; Fall       ; Equal0~2|datad               ;
; 0.500  ; 0.500        ; 0.000          ; Low Pulse Width  ; op[0] ; Fall       ; Equal0~2|datad               ;
; 0.500  ; 0.500        ; 0.000          ; High Pulse Width ; op[0] ; Fall       ; Selector10~0clkctrl|inclk[0] ;
; 0.500  ; 0.500        ; 0.000          ; Low Pulse Width  ; op[0] ; Fall       ; Selector10~0clkctrl|inclk[0] ;
; 0.500  ; 0.500        ; 0.000          ; High Pulse Width ; op[0] ; Fall       ; Selector10~0clkctrl|outclk   ;
; 0.500  ; 0.500        ; 0.000          ; Low Pulse Width  ; op[0] ; Fall       ; Selector10~0clkctrl|outclk   ;
; 0.500  ; 0.500        ; 0.000          ; High Pulse Width ; op[0] ; Fall       ; Selector10~0|combout         ;
; 0.500  ; 0.500        ; 0.000          ; Low Pulse Width  ; op[0] ; Fall       ; Selector10~0|combout         ;
; 0.500  ; 0.500        ; 0.000          ; High Pulse Width ; op[0] ; Fall       ; Selector10~0|datad           ;
; 0.500  ; 0.500        ; 0.000          ; Low Pulse Width  ; op[0] ; Fall       ; Selector10~0|datad           ;
; 0.500  ; 0.500        ; 0.000          ; High Pulse Width ; op[0] ; Fall       ; WideNor0|combout             ;
; 0.500  ; 0.500        ; 0.000          ; Low Pulse Width  ; op[0] ; Fall       ; WideNor0|combout             ;
; 0.500  ; 0.500        ; 0.000          ; High Pulse Width ; op[0] ; Fall       ; WideNor0|datad               ;
; 0.500  ; 0.500        ; 0.000          ; Low Pulse Width  ; op[0] ; Fall       ; WideNor0|datad               ;
; 0.500  ; 0.500        ; 0.000          ; High Pulse Width ; op[0] ; Fall       ; WideNor0~clkctrl|inclk[0]    ;
; 0.500  ; 0.500        ; 0.000          ; Low Pulse Width  ; op[0] ; Fall       ; WideNor0~clkctrl|inclk[0]    ;
; 0.500  ; 0.500        ; 0.000          ; High Pulse Width ; op[0] ; Fall       ; WideNor0~clkctrl|outclk      ;
; 0.500  ; 0.500        ; 0.000          ; Low Pulse Width  ; op[0] ; Fall       ; WideNor0~clkctrl|outclk      ;
; 0.500  ; 0.500        ; 0.000          ; High Pulse Width ; op[0] ; Rise       ; nextstate.S1_161             ;
; 0.500  ; 0.500        ; 0.000          ; Low Pulse Width  ; op[0] ; Rise       ; nextstate.S1_161             ;
; 0.500  ; 0.500        ; 0.000          ; High Pulse Width ; op[0] ; Fall       ; nextstate.S1_161|datac       ;
; 0.500  ; 0.500        ; 0.000          ; Low Pulse Width  ; op[0] ; Fall       ; nextstate.S1_161|datac       ;
; 0.500  ; 0.500        ; 0.000          ; High Pulse Width ; op[0] ; Rise       ; nextstate.S2_151             ;
; 0.500  ; 0.500        ; 0.000          ; Low Pulse Width  ; op[0] ; Rise       ; nextstate.S2_151             ;
; 0.500  ; 0.500        ; 0.000          ; High Pulse Width ; op[0] ; Fall       ; nextstate.S2_151|datac       ;
; 0.500  ; 0.500        ; 0.000          ; Low Pulse Width  ; op[0] ; Fall       ; nextstate.S2_151|datac       ;
; 0.500  ; 0.500        ; 0.000          ; High Pulse Width ; op[0] ; Rise       ; nextstate.S3_141             ;
; 0.500  ; 0.500        ; 0.000          ; Low Pulse Width  ; op[0] ; Rise       ; nextstate.S3_141             ;
; 0.500  ; 0.500        ; 0.000          ; High Pulse Width ; op[0] ; Fall       ; nextstate.S3_141|datad       ;
; 0.500  ; 0.500        ; 0.000          ; Low Pulse Width  ; op[0] ; Fall       ; nextstate.S3_141|datad       ;
; 0.500  ; 0.500        ; 0.000          ; High Pulse Width ; op[0] ; Rise       ; nextstate.S4_131             ;
; 0.500  ; 0.500        ; 0.000          ; Low Pulse Width  ; op[0] ; Rise       ; nextstate.S4_131             ;
; 0.500  ; 0.500        ; 0.000          ; High Pulse Width ; op[0] ; Fall       ; nextstate.S4_131|datad       ;
; 0.500  ; 0.500        ; 0.000          ; Low Pulse Width  ; op[0] ; Fall       ; nextstate.S4_131|datad       ;
; 0.500  ; 0.500        ; 0.000          ; High Pulse Width ; op[0] ; Rise       ; nextstate.S5_121             ;
; 0.500  ; 0.500        ; 0.000          ; Low Pulse Width  ; op[0] ; Rise       ; nextstate.S5_121             ;
; 0.500  ; 0.500        ; 0.000          ; High Pulse Width ; op[0] ; Fall       ; nextstate.S5_121|datac       ;
; 0.500  ; 0.500        ; 0.000          ; Low Pulse Width  ; op[0] ; Fall       ; nextstate.S5_121|datac       ;
; 0.500  ; 0.500        ; 0.000          ; High Pulse Width ; op[0] ; Rise       ; nextstate.S6_114             ;
; 0.500  ; 0.500        ; 0.000          ; Low Pulse Width  ; op[0] ; Rise       ; nextstate.S6_114             ;
; 0.500  ; 0.500        ; 0.000          ; High Pulse Width ; op[0] ; Fall       ; nextstate.S6_114|datab       ;
; 0.500  ; 0.500        ; 0.000          ; Low Pulse Width  ; op[0] ; Fall       ; nextstate.S6_114|datab       ;
; 0.500  ; 0.500        ; 0.000          ; High Pulse Width ; op[0] ; Rise       ; op[0]|combout                ;
; 0.500  ; 0.500        ; 0.000          ; Low Pulse Width  ; op[0] ; Rise       ; op[0]|combout                ;
+--------+--------------+----------------+------------------+-------+------------+------------------------------+


+-----------------------------------------------------------------------+
; Setup Times                                                           ;
+-----------+------------+-------+-------+------------+-----------------+
; Data Port ; Clock Port ; Rise  ; Fall  ; Clock Edge ; Clock Reference ;
+-----------+------------+-------+-------+------------+-----------------+
; op[*]     ; op[0]      ; 5.704 ; 5.704 ; Rise       ; op[0]           ;
;  op[0]    ; op[0]      ; 0.113 ; 0.113 ; Rise       ; op[0]           ;
;  op[1]    ; op[0]      ; 4.619 ; 4.619 ; Rise       ; op[0]           ;
;  op[2]    ; op[0]      ; 5.027 ; 5.027 ; Rise       ; op[0]           ;
;  op[3]    ; op[0]      ; 4.810 ; 4.810 ; Rise       ; op[0]           ;
;  op[4]    ; op[0]      ; 5.388 ; 5.388 ; Rise       ; op[0]           ;
;  op[5]    ; op[0]      ; 3.598 ; 3.598 ; Rise       ; op[0]           ;
;  op[6]    ; op[0]      ; 3.427 ; 3.427 ; Rise       ; op[0]           ;
;  op[7]    ; op[0]      ; 5.704 ; 5.704 ; Rise       ; op[0]           ;
;  op[8]    ; op[0]      ; 5.083 ; 5.083 ; Rise       ; op[0]           ;
;  op[9]    ; op[0]      ; 5.252 ; 5.252 ; Rise       ; op[0]           ;
;  op[10]   ; op[0]      ; 4.167 ; 4.167 ; Rise       ; op[0]           ;
+-----------+------------+-------+-------+------------+-----------------+


+-------------------------------------------------------------------------+
; Hold Times                                                              ;
+-----------+------------+--------+--------+------------+-----------------+
; Data Port ; Clock Port ; Rise   ; Fall   ; Clock Edge ; Clock Reference ;
+-----------+------------+--------+--------+------------+-----------------+
; op[*]     ; op[0]      ; 1.472  ; 1.472  ; Rise       ; op[0]           ;
;  op[0]    ; op[0]      ; 1.472  ; 1.472  ; Rise       ; op[0]           ;
;  op[1]    ; op[0]      ; -3.034 ; -3.034 ; Rise       ; op[0]           ;
;  op[2]    ; op[0]      ; -3.442 ; -3.442 ; Rise       ; op[0]           ;
;  op[3]    ; op[0]      ; -3.225 ; -3.225 ; Rise       ; op[0]           ;
;  op[4]    ; op[0]      ; -3.803 ; -3.803 ; Rise       ; op[0]           ;
;  op[5]    ; op[0]      ; -2.013 ; -2.013 ; Rise       ; op[0]           ;
;  op[6]    ; op[0]      ; -1.842 ; -1.842 ; Rise       ; op[0]           ;
;  op[7]    ; op[0]      ; -4.119 ; -4.119 ; Rise       ; op[0]           ;
;  op[8]    ; op[0]      ; -3.498 ; -3.498 ; Rise       ; op[0]           ;
;  op[9]    ; op[0]      ; -3.667 ; -3.667 ; Rise       ; op[0]           ;
;  op[10]   ; op[0]      ; -2.582 ; -2.582 ; Rise       ; op[0]           ;
+-----------+------------+--------+--------+------------+-----------------+


+-------------------------------------------------------------------------+
; Clock to Output Times                                                   ;
+-------------+------------+-------+-------+------------+-----------------+
; Data Port   ; Clock Port ; Rise  ; Fall  ; Clock Edge ; Clock Reference ;
+-------------+------------+-------+-------+------------+-----------------+
; control[*]  ; CLK        ; 8.169 ; 8.169 ; Fall       ; CLK             ;
;  control[0] ; CLK        ; 6.911 ; 6.911 ; Fall       ; CLK             ;
;  control[2] ; CLK        ; 6.489 ; 6.489 ; Fall       ; CLK             ;
;  control[3] ; CLK        ; 6.781 ; 6.781 ; Fall       ; CLK             ;
;  control[4] ; CLK        ; 8.169 ; 8.169 ; Fall       ; CLK             ;
;  control[7] ; CLK        ; 6.459 ; 6.459 ; Fall       ; CLK             ;
;  control[8] ; CLK        ; 6.541 ; 6.541 ; Fall       ; CLK             ;
;  control[9] ; CLK        ; 7.124 ; 7.124 ; Fall       ; CLK             ;
+-------------+------------+-------+-------+------------+-----------------+


+-------------------------------------------------------------------------+
; Minimum Clock to Output Times                                           ;
+-------------+------------+-------+-------+------------+-----------------+
; Data Port   ; Clock Port ; Rise  ; Fall  ; Clock Edge ; Clock Reference ;
+-------------+------------+-------+-------+------------+-----------------+
; control[*]  ; CLK        ; 6.459 ; 6.459 ; Fall       ; CLK             ;
;  control[0] ; CLK        ; 6.911 ; 6.911 ; Fall       ; CLK             ;
;  control[2] ; CLK        ; 6.489 ; 6.489 ; Fall       ; CLK             ;
;  control[3] ; CLK        ; 6.781 ; 6.781 ; Fall       ; CLK             ;
;  control[4] ; CLK        ; 7.738 ; 7.738 ; Fall       ; CLK             ;
;  control[7] ; CLK        ; 6.459 ; 6.459 ; Fall       ; CLK             ;
;  control[8] ; CLK        ; 6.541 ; 6.541 ; Fall       ; CLK             ;
;  control[9] ; CLK        ; 7.124 ; 7.124 ; Fall       ; CLK             ;
+-------------+------------+-------+-------+------------+-----------------+


+--------------------------------+
; Fast Model Setup Summary       ;
+-------+--------+---------------+
; Clock ; Slack  ; End Point TNS ;
+-------+--------+---------------+
; CLK   ; -1.021 ; -3.415        ;
; op[0] ; 0.364  ; 0.000         ;
+-------+--------+---------------+


+--------------------------------+
; Fast Model Hold Summary        ;
+-------+--------+---------------+
; Clock ; Slack  ; End Point TNS ;
+-------+--------+---------------+
; op[0] ; -1.122 ; -2.280        ;
; CLK   ; 1.307  ; 0.000         ;
+-------+--------+---------------+


+-------------------------------+
; Fast Model Recovery Summary   ;
+-------+-------+---------------+
; Clock ; Slack ; End Point TNS ;
+-------+-------+---------------+
; op[0] ; 1.076 ; 0.000         ;
+-------+-------+---------------+


+--------------------------------+
; Fast Model Removal Summary     ;
+-------+--------+---------------+
; Clock ; Slack  ; End Point TNS ;
+-------+--------+---------------+
; op[0] ; -0.681 ; -1.235        ;
+-------+--------+---------------+


+----------------------------------------+
; Fast Model Minimum Pulse Width Summary ;
+-------+--------+-----------------------+
; Clock ; Slack  ; End Point TNS         ;
+-------+--------+-----------------------+
; CLK   ; -1.380 ; -8.380                ;
; op[0] ; -1.222 ; -1.222                ;
+-------+--------+-----------------------+


+------------------------------------------------------------------------------------------------------------+
; Fast Model Setup: 'CLK'                                                                                    ;
+--------+------------------+----------+--------------+-------------+--------------+------------+------------+
; Slack  ; From Node        ; To Node  ; Launch Clock ; Latch Clock ; Relationship ; Clock Skew ; Data Delay ;
+--------+------------------+----------+--------------+-------------+--------------+------------+------------+
; -1.021 ; nextstate.S4_131 ; state.S4 ; op[0]        ; CLK         ; 0.500        ; -1.511     ; 0.042      ;
; -0.541 ; nextstate.S6_114 ; state.S6 ; op[0]        ; CLK         ; 0.500        ; -1.031     ; 0.042      ;
; -0.478 ; nextstate.S1_161 ; state.S1 ; op[0]        ; CLK         ; 0.500        ; -0.968     ; 0.042      ;
; -0.477 ; nextstate.S2_151 ; state.S2 ; op[0]        ; CLK         ; 0.500        ; -0.967     ; 0.042      ;
; -0.471 ; nextstate.S5_121 ; state.S5 ; op[0]        ; CLK         ; 0.500        ; -0.961     ; 0.042      ;
; -0.427 ; nextstate.S3_141 ; state.S3 ; op[0]        ; CLK         ; 0.500        ; -0.917     ; 0.042      ;
+--------+------------------+----------+--------------+-------------+--------------+------------+------------+


+------------------------------------------------------------------------------------------------------------+
; Fast Model Setup: 'op[0]'                                                                                  ;
+-------+-----------+------------------+--------------+-------------+--------------+------------+------------+
; Slack ; From Node ; To Node          ; Launch Clock ; Latch Clock ; Relationship ; Clock Skew ; Data Delay ;
+-------+-----------+------------------+--------------+-------------+--------------+------------+------------+
; 0.364 ; state.S6  ; nextstate.S1_161 ; CLK          ; op[0]       ; 0.500        ; 0.968      ; 0.631      ;
; 0.417 ; state.S0  ; nextstate.S1_161 ; CLK          ; op[0]       ; 0.500        ; 0.968      ; 0.578      ;
; 0.478 ; state.S5  ; nextstate.S1_161 ; CLK          ; op[0]       ; 0.500        ; 0.968      ; 0.517      ;
; 0.486 ; state.S3  ; nextstate.S4_131 ; CLK          ; op[0]       ; 0.500        ; 0.918      ; 0.414      ;
; 0.552 ; state.S1  ; nextstate.S2_151 ; CLK          ; op[0]       ; 0.500        ; 0.967      ; 0.356      ;
; 0.589 ; state.S2  ; nextstate.S3_141 ; CLK          ; op[0]       ; 0.500        ; 0.917      ; 0.402      ;
; 1.050 ; op[0]     ; nextstate.S5_121 ; op[0]        ; op[0]       ; 0.500        ; 2.750      ; 1.722      ;
; 1.070 ; op[0]     ; nextstate.S6_114 ; op[0]        ; op[0]       ; 0.500        ; 2.820      ; 1.698      ;
; 1.550 ; op[0]     ; nextstate.S5_121 ; op[0]        ; op[0]       ; 1.000        ; 2.750      ; 1.722      ;
; 1.570 ; op[0]     ; nextstate.S6_114 ; op[0]        ; op[0]       ; 1.000        ; 2.820      ; 1.698      ;
+-------+-----------+------------------+--------------+-------------+--------------+------------+------------+


+-------------------------------------------------------------------------------------------------------------+
; Fast Model Hold: 'op[0]'                                                                                    ;
+--------+-----------+------------------+--------------+-------------+--------------+------------+------------+
; Slack  ; From Node ; To Node          ; Launch Clock ; Latch Clock ; Relationship ; Clock Skew ; Data Delay ;
+--------+-----------+------------------+--------------+-------------+--------------+------------+------------+
; -1.122 ; op[0]     ; nextstate.S6_114 ; op[0]        ; op[0]       ; 0.000        ; 2.820      ; 1.698      ;
; -1.028 ; op[0]     ; nextstate.S5_121 ; op[0]        ; op[0]       ; 0.000        ; 2.750      ; 1.722      ;
; -0.622 ; op[0]     ; nextstate.S6_114 ; op[0]        ; op[0]       ; -0.500       ; 2.820      ; 1.698      ;
; -0.528 ; op[0]     ; nextstate.S5_121 ; op[0]        ; op[0]       ; -0.500       ; 2.750      ; 1.722      ;
; -0.111 ; state.S1  ; nextstate.S2_151 ; CLK          ; op[0]       ; -0.500       ; 0.967      ; 0.356      ;
; -0.015 ; state.S2  ; nextstate.S3_141 ; CLK          ; op[0]       ; -0.500       ; 0.917      ; 0.402      ;
; -0.004 ; state.S3  ; nextstate.S4_131 ; CLK          ; op[0]       ; -0.500       ; 0.918      ; 0.414      ;
; 0.049  ; state.S5  ; nextstate.S1_161 ; CLK          ; op[0]       ; -0.500       ; 0.968      ; 0.517      ;
; 0.110  ; state.S0  ; nextstate.S1_161 ; CLK          ; op[0]       ; -0.500       ; 0.968      ; 0.578      ;
; 0.163  ; state.S6  ; nextstate.S1_161 ; CLK          ; op[0]       ; -0.500       ; 0.968      ; 0.631      ;
+--------+-----------+------------------+--------------+-------------+--------------+------------+------------+


+-----------------------------------------------------------------------------------------------------------+
; Fast Model Hold: 'CLK'                                                                                    ;
+-------+------------------+----------+--------------+-------------+--------------+------------+------------+
; Slack ; From Node        ; To Node  ; Launch Clock ; Latch Clock ; Relationship ; Clock Skew ; Data Delay ;
+-------+------------------+----------+--------------+-------------+--------------+------------+------------+
; 1.307 ; nextstate.S3_141 ; state.S3 ; op[0]        ; CLK         ; -0.500       ; -0.917     ; 0.042      ;
; 1.351 ; nextstate.S5_121 ; state.S5 ; op[0]        ; CLK         ; -0.500       ; -0.961     ; 0.042      ;
; 1.357 ; nextstate.S2_151 ; state.S2 ; op[0]        ; CLK         ; -0.500       ; -0.967     ; 0.042      ;
; 1.358 ; nextstate.S1_161 ; state.S1 ; op[0]        ; CLK         ; -0.500       ; -0.968     ; 0.042      ;
; 1.421 ; nextstate.S6_114 ; state.S6 ; op[0]        ; CLK         ; -0.500       ; -1.031     ; 0.042      ;
; 1.901 ; nextstate.S4_131 ; state.S4 ; op[0]        ; CLK         ; -0.500       ; -1.511     ; 0.042      ;
+-------+------------------+----------+--------------+-------------+--------------+------------+------------+


+------------------------------------------------------------------------------------------------------------+
; Fast Model Recovery: 'op[0]'                                                                               ;
+-------+-----------+------------------+--------------+-------------+--------------+------------+------------+
; Slack ; From Node ; To Node          ; Launch Clock ; Latch Clock ; Relationship ; Clock Skew ; Data Delay ;
+-------+-----------+------------------+--------------+-------------+--------------+------------+------------+
; 1.076 ; state.S4  ; nextstate.S5_121 ; CLK          ; op[0]       ; 0.500        ; 1.554      ; 0.500      ;
; 1.129 ; state.S4  ; nextstate.S6_114 ; CLK          ; op[0]       ; 0.500        ; 1.624      ; 0.443      ;
+-------+-----------+------------------+--------------+-------------+--------------+------------+------------+


+-------------------------------------------------------------------------------------------------------------+
; Fast Model Removal: 'op[0]'                                                                                 ;
+--------+-----------+------------------+--------------+-------------+--------------+------------+------------+
; Slack  ; From Node ; To Node          ; Launch Clock ; Latch Clock ; Relationship ; Clock Skew ; Data Delay ;
+--------+-----------+------------------+--------------+-------------+--------------+------------+------------+
; -0.681 ; state.S4  ; nextstate.S6_114 ; CLK          ; op[0]       ; -0.500       ; 1.624      ; 0.443      ;
; -0.554 ; state.S4  ; nextstate.S5_121 ; CLK          ; op[0]       ; -0.500       ; 1.554      ; 0.500      ;
+--------+-----------+------------------+--------------+-------------+--------------+------------+------------+


+-------------------------------------------------------------------------------------------------------+
; Fast Model Minimum Pulse Width: 'CLK'                                                                 ;
+--------+--------------+----------------+------------------+-------+------------+----------------------+
; Slack  ; Actual Width ; Required Width ; Type             ; Clock ; Clock Edge ; Target               ;
+--------+--------------+----------------+------------------+-------+------------+----------------------+
; -1.380 ; 1.000        ; 2.380          ; Port Rate        ; CLK   ; Rise       ; CLK                  ;
; -0.500 ; 0.500        ; 1.000          ; High Pulse Width ; CLK   ; Fall       ; state.S0             ;
; -0.500 ; 0.500        ; 1.000          ; Low Pulse Width  ; CLK   ; Fall       ; state.S0             ;
; -0.500 ; 0.500        ; 1.000          ; High Pulse Width ; CLK   ; Fall       ; state.S1             ;
; -0.500 ; 0.500        ; 1.000          ; Low Pulse Width  ; CLK   ; Fall       ; state.S1             ;
; -0.500 ; 0.500        ; 1.000          ; High Pulse Width ; CLK   ; Fall       ; state.S2             ;
; -0.500 ; 0.500        ; 1.000          ; Low Pulse Width  ; CLK   ; Fall       ; state.S2             ;
; -0.500 ; 0.500        ; 1.000          ; High Pulse Width ; CLK   ; Fall       ; state.S3             ;
; -0.500 ; 0.500        ; 1.000          ; Low Pulse Width  ; CLK   ; Fall       ; state.S3             ;
; -0.500 ; 0.500        ; 1.000          ; High Pulse Width ; CLK   ; Fall       ; state.S4             ;
; -0.500 ; 0.500        ; 1.000          ; Low Pulse Width  ; CLK   ; Fall       ; state.S4             ;
; -0.500 ; 0.500        ; 1.000          ; High Pulse Width ; CLK   ; Fall       ; state.S5             ;
; -0.500 ; 0.500        ; 1.000          ; Low Pulse Width  ; CLK   ; Fall       ; state.S5             ;
; -0.500 ; 0.500        ; 1.000          ; High Pulse Width ; CLK   ; Fall       ; state.S6             ;
; -0.500 ; 0.500        ; 1.000          ; Low Pulse Width  ; CLK   ; Fall       ; state.S6             ;
; 0.500  ; 0.500        ; 0.000          ; High Pulse Width ; CLK   ; Rise       ; CLK|combout          ;
; 0.500  ; 0.500        ; 0.000          ; Low Pulse Width  ; CLK   ; Rise       ; CLK|combout          ;
; 0.500  ; 0.500        ; 0.000          ; High Pulse Width ; CLK   ; Rise       ; CLK~clkctrl|inclk[0] ;
; 0.500  ; 0.500        ; 0.000          ; Low Pulse Width  ; CLK   ; Rise       ; CLK~clkctrl|inclk[0] ;
; 0.500  ; 0.500        ; 0.000          ; High Pulse Width ; CLK   ; Rise       ; CLK~clkctrl|outclk   ;
; 0.500  ; 0.500        ; 0.000          ; Low Pulse Width  ; CLK   ; Rise       ; CLK~clkctrl|outclk   ;
; 0.500  ; 0.500        ; 0.000          ; High Pulse Width ; CLK   ; Rise       ; state.S0|clk         ;
; 0.500  ; 0.500        ; 0.000          ; Low Pulse Width  ; CLK   ; Rise       ; state.S0|clk         ;
; 0.500  ; 0.500        ; 0.000          ; High Pulse Width ; CLK   ; Rise       ; state.S1|clk         ;
; 0.500  ; 0.500        ; 0.000          ; Low Pulse Width  ; CLK   ; Rise       ; state.S1|clk         ;
; 0.500  ; 0.500        ; 0.000          ; High Pulse Width ; CLK   ; Rise       ; state.S2|clk         ;
; 0.500  ; 0.500        ; 0.000          ; Low Pulse Width  ; CLK   ; Rise       ; state.S2|clk         ;
; 0.500  ; 0.500        ; 0.000          ; High Pulse Width ; CLK   ; Rise       ; state.S3|clk         ;
; 0.500  ; 0.500        ; 0.000          ; Low Pulse Width  ; CLK   ; Rise       ; state.S3|clk         ;
; 0.500  ; 0.500        ; 0.000          ; High Pulse Width ; CLK   ; Rise       ; state.S4|clk         ;
; 0.500  ; 0.500        ; 0.000          ; Low Pulse Width  ; CLK   ; Rise       ; state.S4|clk         ;
; 0.500  ; 0.500        ; 0.000          ; High Pulse Width ; CLK   ; Rise       ; state.S5|clk         ;
; 0.500  ; 0.500        ; 0.000          ; Low Pulse Width  ; CLK   ; Rise       ; state.S5|clk         ;
; 0.500  ; 0.500        ; 0.000          ; High Pulse Width ; CLK   ; Rise       ; state.S6|clk         ;
; 0.500  ; 0.500        ; 0.000          ; Low Pulse Width  ; CLK   ; Rise       ; state.S6|clk         ;
+--------+--------------+----------------+------------------+-------+------------+----------------------+


+---------------------------------------------------------------------------------------------------------------+
; Fast Model Minimum Pulse Width: 'op[0]'                                                                       ;
+--------+--------------+----------------+------------------+-------+------------+------------------------------+
; Slack  ; Actual Width ; Required Width ; Type             ; Clock ; Clock Edge ; Target                       ;
+--------+--------------+----------------+------------------+-------+------------+------------------------------+
; -1.222 ; 1.000        ; 2.222          ; Port Rate        ; op[0] ; Rise       ; op[0]                        ;
; 0.500  ; 0.500        ; 0.000          ; High Pulse Width ; op[0] ; Fall       ; Equal0~0|combout             ;
; 0.500  ; 0.500        ; 0.000          ; Low Pulse Width  ; op[0] ; Fall       ; Equal0~0|combout             ;
; 0.500  ; 0.500        ; 0.000          ; High Pulse Width ; op[0] ; Rise       ; Equal0~0|datad               ;
; 0.500  ; 0.500        ; 0.000          ; Low Pulse Width  ; op[0] ; Rise       ; Equal0~0|datad               ;
; 0.500  ; 0.500        ; 0.000          ; High Pulse Width ; op[0] ; Fall       ; Equal0~2|combout             ;
; 0.500  ; 0.500        ; 0.000          ; Low Pulse Width  ; op[0] ; Fall       ; Equal0~2|combout             ;
; 0.500  ; 0.500        ; 0.000          ; High Pulse Width ; op[0] ; Fall       ; Equal0~2|datad               ;
; 0.500  ; 0.500        ; 0.000          ; Low Pulse Width  ; op[0] ; Fall       ; Equal0~2|datad               ;
; 0.500  ; 0.500        ; 0.000          ; High Pulse Width ; op[0] ; Fall       ; Selector10~0clkctrl|inclk[0] ;
; 0.500  ; 0.500        ; 0.000          ; Low Pulse Width  ; op[0] ; Fall       ; Selector10~0clkctrl|inclk[0] ;
; 0.500  ; 0.500        ; 0.000          ; High Pulse Width ; op[0] ; Fall       ; Selector10~0clkctrl|outclk   ;
; 0.500  ; 0.500        ; 0.000          ; Low Pulse Width  ; op[0] ; Fall       ; Selector10~0clkctrl|outclk   ;
; 0.500  ; 0.500        ; 0.000          ; High Pulse Width ; op[0] ; Fall       ; Selector10~0|combout         ;
; 0.500  ; 0.500        ; 0.000          ; Low Pulse Width  ; op[0] ; Fall       ; Selector10~0|combout         ;
; 0.500  ; 0.500        ; 0.000          ; High Pulse Width ; op[0] ; Fall       ; Selector10~0|datad           ;
; 0.500  ; 0.500        ; 0.000          ; Low Pulse Width  ; op[0] ; Fall       ; Selector10~0|datad           ;
; 0.500  ; 0.500        ; 0.000          ; High Pulse Width ; op[0] ; Fall       ; WideNor0|combout             ;
; 0.500  ; 0.500        ; 0.000          ; Low Pulse Width  ; op[0] ; Fall       ; WideNor0|combout             ;
; 0.500  ; 0.500        ; 0.000          ; High Pulse Width ; op[0] ; Fall       ; WideNor0|datad               ;
; 0.500  ; 0.500        ; 0.000          ; Low Pulse Width  ; op[0] ; Fall       ; WideNor0|datad               ;
; 0.500  ; 0.500        ; 0.000          ; High Pulse Width ; op[0] ; Fall       ; WideNor0~clkctrl|inclk[0]    ;
; 0.500  ; 0.500        ; 0.000          ; Low Pulse Width  ; op[0] ; Fall       ; WideNor0~clkctrl|inclk[0]    ;
; 0.500  ; 0.500        ; 0.000          ; High Pulse Width ; op[0] ; Fall       ; WideNor0~clkctrl|outclk      ;
; 0.500  ; 0.500        ; 0.000          ; Low Pulse Width  ; op[0] ; Fall       ; WideNor0~clkctrl|outclk      ;
; 0.500  ; 0.500        ; 0.000          ; High Pulse Width ; op[0] ; Rise       ; nextstate.S1_161             ;
; 0.500  ; 0.500        ; 0.000          ; Low Pulse Width  ; op[0] ; Rise       ; nextstate.S1_161             ;
; 0.500  ; 0.500        ; 0.000          ; High Pulse Width ; op[0] ; Fall       ; nextstate.S1_161|datac       ;
; 0.500  ; 0.500        ; 0.000          ; Low Pulse Width  ; op[0] ; Fall       ; nextstate.S1_161|datac       ;
; 0.500  ; 0.500        ; 0.000          ; High Pulse Width ; op[0] ; Rise       ; nextstate.S2_151             ;
; 0.500  ; 0.500        ; 0.000          ; Low Pulse Width  ; op[0] ; Rise       ; nextstate.S2_151             ;
; 0.500  ; 0.500        ; 0.000          ; High Pulse Width ; op[0] ; Fall       ; nextstate.S2_151|datac       ;
; 0.500  ; 0.500        ; 0.000          ; Low Pulse Width  ; op[0] ; Fall       ; nextstate.S2_151|datac       ;
; 0.500  ; 0.500        ; 0.000          ; High Pulse Width ; op[0] ; Rise       ; nextstate.S3_141             ;
; 0.500  ; 0.500        ; 0.000          ; Low Pulse Width  ; op[0] ; Rise       ; nextstate.S3_141             ;
; 0.500  ; 0.500        ; 0.000          ; High Pulse Width ; op[0] ; Fall       ; nextstate.S3_141|datad       ;
; 0.500  ; 0.500        ; 0.000          ; Low Pulse Width  ; op[0] ; Fall       ; nextstate.S3_141|datad       ;
; 0.500  ; 0.500        ; 0.000          ; High Pulse Width ; op[0] ; Rise       ; nextstate.S4_131             ;
; 0.500  ; 0.500        ; 0.000          ; Low Pulse Width  ; op[0] ; Rise       ; nextstate.S4_131             ;
; 0.500  ; 0.500        ; 0.000          ; High Pulse Width ; op[0] ; Fall       ; nextstate.S4_131|datad       ;
; 0.500  ; 0.500        ; 0.000          ; Low Pulse Width  ; op[0] ; Fall       ; nextstate.S4_131|datad       ;
; 0.500  ; 0.500        ; 0.000          ; High Pulse Width ; op[0] ; Rise       ; nextstate.S5_121             ;
; 0.500  ; 0.500        ; 0.000          ; Low Pulse Width  ; op[0] ; Rise       ; nextstate.S5_121             ;
; 0.500  ; 0.500        ; 0.000          ; High Pulse Width ; op[0] ; Fall       ; nextstate.S5_121|datac       ;
; 0.500  ; 0.500        ; 0.000          ; Low Pulse Width  ; op[0] ; Fall       ; nextstate.S5_121|datac       ;
; 0.500  ; 0.500        ; 0.000          ; High Pulse Width ; op[0] ; Rise       ; nextstate.S6_114             ;
; 0.500  ; 0.500        ; 0.000          ; Low Pulse Width  ; op[0] ; Rise       ; nextstate.S6_114             ;
; 0.500  ; 0.500        ; 0.000          ; High Pulse Width ; op[0] ; Fall       ; nextstate.S6_114|datab       ;
; 0.500  ; 0.500        ; 0.000          ; Low Pulse Width  ; op[0] ; Fall       ; nextstate.S6_114|datab       ;
; 0.500  ; 0.500        ; 0.000          ; High Pulse Width ; op[0] ; Rise       ; op[0]|combout                ;
; 0.500  ; 0.500        ; 0.000          ; Low Pulse Width  ; op[0] ; Rise       ; op[0]|combout                ;
+--------+--------------+----------------+------------------+-------+------------+------------------------------+


+-------------------------------------------------------------------------+
; Setup Times                                                             ;
+-----------+------------+--------+--------+------------+-----------------+
; Data Port ; Clock Port ; Rise   ; Fall   ; Clock Edge ; Clock Reference ;
+-----------+------------+--------+--------+------------+-----------------+
; op[*]     ; op[0]      ; 2.417  ; 2.417  ; Rise       ; op[0]           ;
;  op[0]    ; op[0]      ; -0.550 ; -0.550 ; Rise       ; op[0]           ;
;  op[1]    ; op[0]      ; 1.967  ; 1.967  ; Rise       ; op[0]           ;
;  op[2]    ; op[0]      ; 2.145  ; 2.145  ; Rise       ; op[0]           ;
;  op[3]    ; op[0]      ; 2.092  ; 2.092  ; Rise       ; op[0]           ;
;  op[4]    ; op[0]      ; 2.318  ; 2.318  ; Rise       ; op[0]           ;
;  op[5]    ; op[0]      ; 1.666  ; 1.666  ; Rise       ; op[0]           ;
;  op[6]    ; op[0]      ; 1.583  ; 1.583  ; Rise       ; op[0]           ;
;  op[7]    ; op[0]      ; 2.417  ; 2.417  ; Rise       ; op[0]           ;
;  op[8]    ; op[0]      ; 2.168  ; 2.168  ; Rise       ; op[0]           ;
;  op[9]    ; op[0]      ; 2.239  ; 2.239  ; Rise       ; op[0]           ;
;  op[10]   ; op[0]      ; 1.825  ; 1.825  ; Rise       ; op[0]           ;
+-----------+------------+--------+--------+------------+-----------------+


+-------------------------------------------------------------------------+
; Hold Times                                                              ;
+-----------+------------+--------+--------+------------+-----------------+
; Data Port ; Clock Port ; Rise   ; Fall   ; Clock Edge ; Clock Reference ;
+-----------+------------+--------+--------+------------+-----------------+
; op[*]     ; op[0]      ; 1.122  ; 1.122  ; Rise       ; op[0]           ;
;  op[0]    ; op[0]      ; 1.122  ; 1.122  ; Rise       ; op[0]           ;
;  op[1]    ; op[0]      ; -1.395 ; -1.395 ; Rise       ; op[0]           ;
;  op[2]    ; op[0]      ; -1.573 ; -1.573 ; Rise       ; op[0]           ;
;  op[3]    ; op[0]      ; -1.520 ; -1.520 ; Rise       ; op[0]           ;
;  op[4]    ; op[0]      ; -1.746 ; -1.746 ; Rise       ; op[0]           ;
;  op[5]    ; op[0]      ; -1.094 ; -1.094 ; Rise       ; op[0]           ;
;  op[6]    ; op[0]      ; -1.011 ; -1.011 ; Rise       ; op[0]           ;
;  op[7]    ; op[0]      ; -1.845 ; -1.845 ; Rise       ; op[0]           ;
;  op[8]    ; op[0]      ; -1.596 ; -1.596 ; Rise       ; op[0]           ;
;  op[9]    ; op[0]      ; -1.667 ; -1.667 ; Rise       ; op[0]           ;
;  op[10]   ; op[0]      ; -1.253 ; -1.253 ; Rise       ; op[0]           ;
+-----------+------------+--------+--------+------------+-----------------+


+-------------------------------------------------------------------------+
; Clock to Output Times                                                   ;
+-------------+------------+-------+-------+------------+-----------------+
; Data Port   ; Clock Port ; Rise  ; Fall  ; Clock Edge ; Clock Reference ;
+-------------+------------+-------+-------+------------+-----------------+
; control[*]  ; CLK        ; 4.172 ; 4.172 ; Fall       ; CLK             ;
;  control[0] ; CLK        ; 3.736 ; 3.736 ; Fall       ; CLK             ;
;  control[2] ; CLK        ; 3.155 ; 3.155 ; Fall       ; CLK             ;
;  control[3] ; CLK        ; 3.661 ; 3.661 ; Fall       ; CLK             ;
;  control[4] ; CLK        ; 4.172 ; 4.172 ; Fall       ; CLK             ;
;  control[7] ; CLK        ; 3.125 ; 3.125 ; Fall       ; CLK             ;
;  control[8] ; CLK        ; 3.580 ; 3.580 ; Fall       ; CLK             ;
;  control[9] ; CLK        ; 3.792 ; 3.792 ; Fall       ; CLK             ;
+-------------+------------+-------+-------+------------+-----------------+


+-------------------------------------------------------------------------+
; Minimum Clock to Output Times                                           ;
+-------------+------------+-------+-------+------------+-----------------+
; Data Port   ; Clock Port ; Rise  ; Fall  ; Clock Edge ; Clock Reference ;
+-------------+------------+-------+-------+------------+-----------------+
; control[*]  ; CLK        ; 3.125 ; 3.125 ; Fall       ; CLK             ;
;  control[0] ; CLK        ; 3.736 ; 3.736 ; Fall       ; CLK             ;
;  control[2] ; CLK        ; 3.155 ; 3.155 ; Fall       ; CLK             ;
;  control[3] ; CLK        ; 3.661 ; 3.661 ; Fall       ; CLK             ;
;  control[4] ; CLK        ; 4.038 ; 4.038 ; Fall       ; CLK             ;
;  control[7] ; CLK        ; 3.125 ; 3.125 ; Fall       ; CLK             ;
;  control[8] ; CLK        ; 3.580 ; 3.580 ; Fall       ; CLK             ;
;  control[9] ; CLK        ; 3.792 ; 3.792 ; Fall       ; CLK             ;
+-------------+------------+-------+-------+------------+-----------------+


+--------------------------------------------------------------------------------+
; Multicorner Timing Analysis Summary                                            ;
+------------------+---------+--------+----------+---------+---------------------+
; Clock            ; Setup   ; Hold   ; Recovery ; Removal ; Minimum Pulse Width ;
+------------------+---------+--------+----------+---------+---------------------+
; Worst-case Slack ; -2.533  ; -1.472 ; 1.015    ; -1.789  ; -1.631              ;
;  CLK             ; -2.533  ; 1.307  ; N/A      ; N/A     ; -1.631              ;
;  op[0]           ; 0.187   ; -1.472 ; 1.015    ; -1.789  ; -1.469              ;
; Design-wide TNS  ; -13.738 ; -7.118 ; 0.0      ; -3.178  ; -11.654             ;
;  CLK             ; -13.738 ; 0.000  ; N/A      ; N/A     ; -10.185             ;
;  op[0]           ; 0.000   ; -7.118 ; 0.000    ; -3.178  ; -1.469              ;
+------------------+---------+--------+----------+---------+---------------------+


+-----------------------------------------------------------------------+
; Setup Times                                                           ;
+-----------+------------+-------+-------+------------+-----------------+
; Data Port ; Clock Port ; Rise  ; Fall  ; Clock Edge ; Clock Reference ;
+-----------+------------+-------+-------+------------+-----------------+
; op[*]     ; op[0]      ; 5.704 ; 5.704 ; Rise       ; op[0]           ;
;  op[0]    ; op[0]      ; 0.113 ; 0.113 ; Rise       ; op[0]           ;
;  op[1]    ; op[0]      ; 4.619 ; 4.619 ; Rise       ; op[0]           ;
;  op[2]    ; op[0]      ; 5.027 ; 5.027 ; Rise       ; op[0]           ;
;  op[3]    ; op[0]      ; 4.810 ; 4.810 ; Rise       ; op[0]           ;
;  op[4]    ; op[0]      ; 5.388 ; 5.388 ; Rise       ; op[0]           ;
;  op[5]    ; op[0]      ; 3.598 ; 3.598 ; Rise       ; op[0]           ;
;  op[6]    ; op[0]      ; 3.427 ; 3.427 ; Rise       ; op[0]           ;
;  op[7]    ; op[0]      ; 5.704 ; 5.704 ; Rise       ; op[0]           ;
;  op[8]    ; op[0]      ; 5.083 ; 5.083 ; Rise       ; op[0]           ;
;  op[9]    ; op[0]      ; 5.252 ; 5.252 ; Rise       ; op[0]           ;
;  op[10]   ; op[0]      ; 4.167 ; 4.167 ; Rise       ; op[0]           ;
+-----------+------------+-------+-------+------------+-----------------+


+-------------------------------------------------------------------------+
; Hold Times                                                              ;
+-----------+------------+--------+--------+------------+-----------------+
; Data Port ; Clock Port ; Rise   ; Fall   ; Clock Edge ; Clock Reference ;
+-----------+------------+--------+--------+------------+-----------------+
; op[*]     ; op[0]      ; 1.472  ; 1.472  ; Rise       ; op[0]           ;
;  op[0]    ; op[0]      ; 1.472  ; 1.472  ; Rise       ; op[0]           ;
;  op[1]    ; op[0]      ; -1.395 ; -1.395 ; Rise       ; op[0]           ;
;  op[2]    ; op[0]      ; -1.573 ; -1.573 ; Rise       ; op[0]           ;
;  op[3]    ; op[0]      ; -1.520 ; -1.520 ; Rise       ; op[0]           ;
;  op[4]    ; op[0]      ; -1.746 ; -1.746 ; Rise       ; op[0]           ;
;  op[5]    ; op[0]      ; -1.094 ; -1.094 ; Rise       ; op[0]           ;
;  op[6]    ; op[0]      ; -1.011 ; -1.011 ; Rise       ; op[0]           ;
;  op[7]    ; op[0]      ; -1.845 ; -1.845 ; Rise       ; op[0]           ;
;  op[8]    ; op[0]      ; -1.596 ; -1.596 ; Rise       ; op[0]           ;
;  op[9]    ; op[0]      ; -1.667 ; -1.667 ; Rise       ; op[0]           ;
;  op[10]   ; op[0]      ; -1.253 ; -1.253 ; Rise       ; op[0]           ;
+-----------+------------+--------+--------+------------+-----------------+


+-------------------------------------------------------------------------+
; Clock to Output Times                                                   ;
+-------------+------------+-------+-------+------------+-----------------+
; Data Port   ; Clock Port ; Rise  ; Fall  ; Clock Edge ; Clock Reference ;
+-------------+------------+-------+-------+------------+-----------------+
; control[*]  ; CLK        ; 8.169 ; 8.169 ; Fall       ; CLK             ;
;  control[0] ; CLK        ; 6.911 ; 6.911 ; Fall       ; CLK             ;
;  control[2] ; CLK        ; 6.489 ; 6.489 ; Fall       ; CLK             ;
;  control[3] ; CLK        ; 6.781 ; 6.781 ; Fall       ; CLK             ;
;  control[4] ; CLK        ; 8.169 ; 8.169 ; Fall       ; CLK             ;
;  control[7] ; CLK        ; 6.459 ; 6.459 ; Fall       ; CLK             ;
;  control[8] ; CLK        ; 6.541 ; 6.541 ; Fall       ; CLK             ;
;  control[9] ; CLK        ; 7.124 ; 7.124 ; Fall       ; CLK             ;
+-------------+------------+-------+-------+------------+-----------------+


+-------------------------------------------------------------------------+
; Minimum Clock to Output Times                                           ;
+-------------+------------+-------+-------+------------+-----------------+
; Data Port   ; Clock Port ; Rise  ; Fall  ; Clock Edge ; Clock Reference ;
+-------------+------------+-------+-------+------------+-----------------+
; control[*]  ; CLK        ; 3.125 ; 3.125 ; Fall       ; CLK             ;
;  control[0] ; CLK        ; 3.736 ; 3.736 ; Fall       ; CLK             ;
;  control[2] ; CLK        ; 3.155 ; 3.155 ; Fall       ; CLK             ;
;  control[3] ; CLK        ; 3.661 ; 3.661 ; Fall       ; CLK             ;
;  control[4] ; CLK        ; 4.038 ; 4.038 ; Fall       ; CLK             ;
;  control[7] ; CLK        ; 3.125 ; 3.125 ; Fall       ; CLK             ;
;  control[8] ; CLK        ; 3.580 ; 3.580 ; Fall       ; CLK             ;
;  control[9] ; CLK        ; 3.792 ; 3.792 ; Fall       ; CLK             ;
+-------------+------------+-------+-------+------------+-----------------+


+-------------------------------------------------------------------+
; Setup Transfers                                                   ;
+------------+----------+----------+----------+----------+----------+
; From Clock ; To Clock ; RR Paths ; FR Paths ; RF Paths ; FF Paths ;
+------------+----------+----------+----------+----------+----------+
; op[0]      ; CLK      ; 0        ; 0        ; 6        ; 0        ;
; CLK        ; op[0]    ; 0        ; 6        ; 0        ; 0        ;
; op[0]      ; op[0]    ; 2        ; 2        ; 0        ; 0        ;
+------------+----------+----------+----------+----------+----------+
Entries labeled "false path" only account for clock-to-clock false paths and not path-based false paths. As a result, actual path counts may be lower than reported.


+-------------------------------------------------------------------+
; Hold Transfers                                                    ;
+------------+----------+----------+----------+----------+----------+
; From Clock ; To Clock ; RR Paths ; FR Paths ; RF Paths ; FF Paths ;
+------------+----------+----------+----------+----------+----------+
; op[0]      ; CLK      ; 0        ; 0        ; 6        ; 0        ;
; CLK        ; op[0]    ; 0        ; 6        ; 0        ; 0        ;
; op[0]      ; op[0]    ; 2        ; 2        ; 0        ; 0        ;
+------------+----------+----------+----------+----------+----------+
Entries labeled "false path" only account for clock-to-clock false paths and not path-based false paths. As a result, actual path counts may be lower than reported.


+-------------------------------------------------------------------+
; Recovery Transfers                                                ;
+------------+----------+----------+----------+----------+----------+
; From Clock ; To Clock ; RR Paths ; FR Paths ; RF Paths ; FF Paths ;
+------------+----------+----------+----------+----------+----------+
; CLK        ; op[0]    ; 0        ; 2        ; 0        ; 0        ;
+------------+----------+----------+----------+----------+----------+
Entries labeled "false path" only account for clock-to-clock false paths and not path-based false paths. As a result, actual path counts may be lower than reported.


+-------------------------------------------------------------------+
; Removal Transfers                                                 ;
+------------+----------+----------+----------+----------+----------+
; From Clock ; To Clock ; RR Paths ; FR Paths ; RF Paths ; FF Paths ;
+------------+----------+----------+----------+----------+----------+
; CLK        ; op[0]    ; 0        ; 2        ; 0        ; 0        ;
+------------+----------+----------+----------+----------+----------+
Entries labeled "false path" only account for clock-to-clock false paths and not path-based false paths. As a result, actual path counts may be lower than reported.


---------------
; Report TCCS ;
---------------
No dedicated SERDES Transmitter circuitry present in device or used in design


---------------
; Report RSKM ;
---------------
No dedicated SERDES Receiver circuitry present in device or used in design


+------------------------------------------------+
; Unconstrained Paths                            ;
+---------------------------------+-------+------+
; Property                        ; Setup ; Hold ;
+---------------------------------+-------+------+
; Illegal Clocks                  ; 0     ; 0    ;
; Unconstrained Clocks            ; 0     ; 0    ;
; Unconstrained Input Ports       ; 11    ; 11   ;
; Unconstrained Input Port Paths  ; 27    ; 27   ;
; Unconstrained Output Ports      ; 7     ; 7    ;
; Unconstrained Output Port Paths ; 8     ; 8    ;
+---------------------------------+-------+------+


+------------------------------------+
; TimeQuest Timing Analyzer Messages ;
+------------------------------------+
Info: *******************************************************************
Info: Running Quartus II 64-Bit TimeQuest Timing Analyzer
    Info: Version 13.0.1 Build 232 06/12/2013 Service Pack 1 SJ Web Edition
    Info: Processing started: Fri Apr 06 15:32:17 2018
Info: Command: quartus_sta Lab9_2 -c Lab9_2
Info: qsta_default_script.tcl version: #1
Warning (20028): Parallel compilation is not licensed and has been disabled
Info (21077): Low junction temperature is 0 degrees C
Info (21077): High junction temperature is 85 degrees C
Warning (335093): TimeQuest Timing Analyzer is analyzing 6 combinational loops as latches.
Critical Warning (332012): Synopsys Design Constraints File file not found: 'Lab9_2.sdc'. A Synopsys Design Constraints File is required by the TimeQuest Timing Analyzer to get proper timing constraints. Without it, the Compiler will not properly optimize the design.
Info (332142): No user constrained base clocks found in the design. Calling "derive_clocks -period 1.0"
Info (332105): Deriving Clocks
    Info (332105): create_clock -period 1.000 -name CLK CLK
    Info (332105): create_clock -period 1.000 -name op[0] op[0]
Info: Found TIMEQUEST_REPORT_SCRIPT_INCLUDE_DEFAULT_ANALYSIS = ON
Info: Analyzing Slow Model
Critical Warning (332148): Timing requirements not met
Info (332146): Worst-case setup slack is -2.533
    Info (332119):     Slack End Point TNS Clock 
    Info (332119): ========= ============= =====================
    Info (332119):    -2.533       -13.738 CLK 
    Info (332119):     0.187         0.000 op[0] 
Info (332146): Worst-case hold slack is -1.472
    Info (332119):     Slack End Point TNS Clock 
    Info (332119): ========= ============= =====================
    Info (332119):    -1.472        -7.118 op[0] 
    Info (332119):     2.845         0.000 CLK 
Info (332146): Worst-case recovery slack is 1.015
    Info (332119):     Slack End Point TNS Clock 
    Info (332119): ========= ============= =====================
    Info (332119):     1.015         0.000 op[0] 
Info (332146): Worst-case removal slack is -1.789
    Info (332119):     Slack End Point TNS Clock 
    Info (332119): ========= ============= =====================
    Info (332119):    -1.789        -3.178 op[0] 
Info (332146): Worst-case minimum pulse width slack is -1.631
    Info (332119):     Slack End Point TNS Clock 
    Info (332119): ========= ============= =====================
    Info (332119):    -1.631       -10.185 CLK 
    Info (332119):    -1.469        -1.469 op[0] 
Info (332001): The selected device family is not supported by the report_metastability command.
Info: Analyzing Fast Model
Critical Warning (332148): Timing requirements not met
Info (332146): Worst-case setup slack is -1.021
    Info (332119):     Slack End Point TNS Clock 
    Info (332119): ========= ============= =====================
    Info (332119):    -1.021        -3.415 CLK 
    Info (332119):     0.364         0.000 op[0] 
Info (332146): Worst-case hold slack is -1.122
    Info (332119):     Slack End Point TNS Clock 
    Info (332119): ========= ============= =====================
    Info (332119):    -1.122        -2.280 op[0] 
    Info (332119):     1.307         0.000 CLK 
Info (332146): Worst-case recovery slack is 1.076
    Info (332119):     Slack End Point TNS Clock 
    Info (332119): ========= ============= =====================
    Info (332119):     1.076         0.000 op[0] 
Info (332146): Worst-case removal slack is -0.681
    Info (332119):     Slack End Point TNS Clock 
    Info (332119): ========= ============= =====================
    Info (332119):    -0.681        -1.235 op[0] 
Info (332146): Worst-case minimum pulse width slack is -1.380
    Info (332119):     Slack End Point TNS Clock 
    Info (332119): ========= ============= =====================
    Info (332119):    -1.380        -8.380 CLK 
    Info (332119):    -1.222        -1.222 op[0] 
Info (332001): The selected device family is not supported by the report_metastability command.
Info (332102): Design is not fully constrained for setup requirements
Info (332102): Design is not fully constrained for hold requirements
Info: Quartus II 64-Bit TimeQuest Timing Analyzer was successful. 0 errors, 5 warnings
    Info: Peak virtual memory: 388 megabytes
    Info: Processing ended: Fri Apr 06 15:32:21 2018
    Info: Elapsed time: 00:00:04
    Info: Total CPU time (on all processors): 00:00:01


