Analysis & Synthesis report for PartB
Thu May  3 11:29:25 2018
Quartus II 64-Bit Version 13.0.1 Build 232 06/12/2013 Service Pack 1 SJ Web Edition


---------------------
; Table of Contents ;
---------------------
  1. Legal Notice
  2. Analysis & Synthesis Summary
  3. Analysis & Synthesis Settings
  4. Parallel Compilation
  5. Analysis & Synthesis Source Files Read
  6. Analysis & Synthesis Resource Usage Summary
  7. Analysis & Synthesis Resource Utilization by Entity
  8. Analysis & Synthesis RAM Summary
  9. Analysis & Synthesis IP Cores Summary
 10. State Machine - |PartB|PartBController:inst|PartBStatemachine:inst|state
 11. User-Specified and Inferred Latches
 12. Registers Removed During Synthesis
 13. General Register Statistics
 14. Source assignments for TRISCRAMBsp18:inst1|altsyncram:altsyncram_component|altsyncram_rpc1:auto_generated
 15. Parameter Settings for User Entity Instance: PartBController:inst|PartBStatemachine:inst
 16. Parameter Settings for User Entity Instance: TRISCRAMBsp18:inst1|altsyncram:altsyncram_component
 17. altsyncram Parameter Settings by Entity Instance
 18. Elapsed Time Per Partition
 19. Analysis & Synthesis Messages
 20. Analysis & Synthesis Suppressed Messages



----------------
; Legal Notice ;
----------------
Copyright (C) 1991-2013 Altera Corporation
Your use of Altera Corporation's design tools, logic functions 
and other software and tools, and its AMPP partner logic 
functions, and any output files from any of the foregoing 
(including device programming or simulation files), and any 
associated documentation or information are expressly subject 
to the terms and conditions of the Altera Program License 
Subscription Agreement, Altera MegaCore Function License 
Agreement, or other applicable license agreement, including, 
without limitation, that your use is for the sole purpose of 
programming logic devices manufactured by Altera and sold by 
Altera or its authorized distributors.  Please refer to the 
applicable agreement for further details.



+--------------------------------------------------------------------------------------+
; Analysis & Synthesis Summary                                                         ;
+------------------------------------+-------------------------------------------------+
; Analysis & Synthesis Status        ; Successful - Thu May  3 11:29:25 2018           ;
; Quartus II 64-Bit Version          ; 13.0.1 Build 232 06/12/2013 SP 1 SJ Web Edition ;
; Revision Name                      ; PartB                                           ;
; Top-level Entity Name              ; PartB                                           ;
; Family                             ; Cyclone II                                      ;
; Total logic elements               ; 103                                             ;
;     Total combinational functions  ; 98                                              ;
;     Dedicated logic registers      ; 26                                              ;
; Total registers                    ; 26                                              ;
; Total pins                         ; 38                                              ;
; Total virtual pins                 ; 0                                               ;
; Total memory bits                  ; 128                                             ;
; Embedded Multiplier 9-bit elements ; 0                                               ;
; Total PLLs                         ; 0                                               ;
+------------------------------------+-------------------------------------------------+


+----------------------------------------------------------------------------------------------------------------------+
; Analysis & Synthesis Settings                                                                                        ;
+----------------------------------------------------------------------------+--------------------+--------------------+
; Option                                                                     ; Setting            ; Default Value      ;
+----------------------------------------------------------------------------+--------------------+--------------------+
; Device                                                                     ; EP2C20F484C7       ;                    ;
; Top-level entity name                                                      ; PartB              ; PartB              ;
; Family name                                                                ; Cyclone II         ; Cyclone IV GX      ;
; Use smart compilation                                                      ; Off                ; Off                ;
; Enable parallel Assembler and TimeQuest Timing Analyzer during compilation ; On                 ; On                 ;
; Enable compact report table                                                ; Off                ; Off                ;
; Restructure Multiplexers                                                   ; Auto               ; Auto               ;
; Create Debugging Nodes for IP Cores                                        ; Off                ; Off                ;
; Preserve fewer node names                                                  ; On                 ; On                 ;
; Disable OpenCore Plus hardware evaluation                                  ; Off                ; Off                ;
; Verilog Version                                                            ; Verilog_2001       ; Verilog_2001       ;
; VHDL Version                                                               ; VHDL_1993          ; VHDL_1993          ;
; State Machine Processing                                                   ; Auto               ; Auto               ;
; Safe State Machine                                                         ; Off                ; Off                ;
; Extract Verilog State Machines                                             ; On                 ; On                 ;
; Extract VHDL State Machines                                                ; On                 ; On                 ;
; Ignore Verilog initial constructs                                          ; Off                ; Off                ;
; Iteration limit for constant Verilog loops                                 ; 5000               ; 5000               ;
; Iteration limit for non-constant Verilog loops                             ; 250                ; 250                ;
; Add Pass-Through Logic to Inferred RAMs                                    ; On                 ; On                 ;
; Infer RAMs from Raw Logic                                                  ; On                 ; On                 ;
; Parallel Synthesis                                                         ; On                 ; On                 ;
; DSP Block Balancing                                                        ; Auto               ; Auto               ;
; NOT Gate Push-Back                                                         ; On                 ; On                 ;
; Power-Up Don't Care                                                        ; On                 ; On                 ;
; Remove Redundant Logic Cells                                               ; Off                ; Off                ;
; Remove Duplicate Registers                                                 ; On                 ; On                 ;
; Ignore CARRY Buffers                                                       ; Off                ; Off                ;
; Ignore CASCADE Buffers                                                     ; Off                ; Off                ;
; Ignore GLOBAL Buffers                                                      ; Off                ; Off                ;
; Ignore ROW GLOBAL Buffers                                                  ; Off                ; Off                ;
; Ignore LCELL Buffers                                                       ; Off                ; Off                ;
; Ignore SOFT Buffers                                                        ; On                 ; On                 ;
; Limit AHDL Integers to 32 Bits                                             ; Off                ; Off                ;
; Optimization Technique                                                     ; Balanced           ; Balanced           ;
; Carry Chain Length                                                         ; 70                 ; 70                 ;
; Auto Carry Chains                                                          ; On                 ; On                 ;
; Auto Open-Drain Pins                                                       ; On                 ; On                 ;
; Perform WYSIWYG Primitive Resynthesis                                      ; Off                ; Off                ;
; Auto ROM Replacement                                                       ; On                 ; On                 ;
; Auto RAM Replacement                                                       ; On                 ; On                 ;
; Auto Shift Register Replacement                                            ; Auto               ; Auto               ;
; Allow Shift Register Merging across Hierarchies                            ; Auto               ; Auto               ;
; Auto Clock Enable Replacement                                              ; On                 ; On                 ;
; Strict RAM Replacement                                                     ; Off                ; Off                ;
; Allow Synchronous Control Signals                                          ; On                 ; On                 ;
; Force Use of Synchronous Clear Signals                                     ; Off                ; Off                ;
; Auto RAM to Logic Cell Conversion                                          ; Off                ; Off                ;
; Auto Resource Sharing                                                      ; Off                ; Off                ;
; Allow Any RAM Size For Recognition                                         ; Off                ; Off                ;
; Allow Any ROM Size For Recognition                                         ; Off                ; Off                ;
; Allow Any Shift Register Size For Recognition                              ; Off                ; Off                ;
; Use LogicLock Constraints during Resource Balancing                        ; On                 ; On                 ;
; Ignore translate_off and synthesis_off directives                          ; Off                ; Off                ;
; Timing-Driven Synthesis                                                    ; Off                ; Off                ;
; Report Parameter Settings                                                  ; On                 ; On                 ;
; Report Source Assignments                                                  ; On                 ; On                 ;
; Report Connectivity Checks                                                 ; On                 ; On                 ;
; Ignore Maximum Fan-Out Assignments                                         ; Off                ; Off                ;
; Synchronization Register Chain Length                                      ; 2                  ; 2                  ;
; PowerPlay Power Optimization                                               ; Normal compilation ; Normal compilation ;
; HDL message level                                                          ; Level2             ; Level2             ;
; Suppress Register Optimization Related Messages                            ; Off                ; Off                ;
; Number of Removed Registers Reported in Synthesis Report                   ; 5000               ; 5000               ;
; Number of Swept Nodes Reported in Synthesis Report                         ; 5000               ; 5000               ;
; Number of Inverted Registers Reported in Synthesis Report                  ; 100                ; 100                ;
; Clock MUX Protection                                                       ; On                 ; On                 ;
; Auto Gated Clock Conversion                                                ; Off                ; Off                ;
; Block Design Naming                                                        ; Auto               ; Auto               ;
; SDC constraint protection                                                  ; Off                ; Off                ;
; Synthesis Effort                                                           ; Auto               ; Auto               ;
; Shift Register Replacement - Allow Asynchronous Clear Signal               ; On                 ; On                 ;
; Pre-Mapping Resynthesis Optimization                                       ; Off                ; Off                ;
; Analysis & Synthesis Message Level                                         ; Medium             ; Medium             ;
; Disable Register Merging Across Hierarchies                                ; Auto               ; Auto               ;
; Resource Aware Inference For Block RAM                                     ; On                 ; On                 ;
; Synthesis Seed                                                             ; 1                  ; 1                  ;
+----------------------------------------------------------------------------+--------------------+--------------------+


Parallel compilation was disabled, but you have multiple processors available. Enable parallel compilation to reduce compilation time.
+-------------------------------------+
; Parallel Compilation                ;
+----------------------------+--------+
; Processors                 ; Number ;
+----------------------------+--------+
; Number detected on machine ; 4      ;
; Maximum allowed            ; 1      ;
+----------------------------+--------+


+-----------------------------------------------------------------------------------------------------------------------------------------------------------------------------------------------+
; Analysis & Synthesis Source Files Read                                                                                                                                                        ;
+------------------------------------------+-----------------+------------------------------------+-----------------------------------------------------------------------------------+---------+
; File Name with User-Entered Path         ; Used in Netlist ; File Type                          ; File Name with Absolute Path                                                      ; Library ;
+------------------------------------------+-----------------+------------------------------------+-----------------------------------------------------------------------------------+---------+
; ../ProgramCounter/ProgramCounter.bdf     ; yes             ; User Block Diagram/Schematic File  ; /media/george/7E5B-628F/CSE2440/ProgramCounter/ProgramCounter.bdf                 ;         ;
; ../PartBStatemachine/PartBStatemachine.v ; yes             ; User Verilog HDL File              ; /media/george/7E5B-628F/CSE2440/PartBStatemachine/PartBStatemachine.v             ;         ;
; ../Lab9_1/Lab9_1.v                       ; yes             ; User Verilog HDL File              ; /media/george/7E5B-628F/CSE2440/Lab9_1/Lab9_1.v                                   ;         ;
; ../PartBStatemachine/PartBController.bdf ; yes             ; User Block Diagram/Schematic File  ; /media/george/7E5B-628F/CSE2440/PartBStatemachine/PartBController.bdf             ;         ;
; ../MAR/MemAddrReg.v                      ; yes             ; User Verilog HDL File              ; /media/george/7E5B-628F/CSE2440/MAR/MemAddrReg.v                                  ;         ;
; ../Lab6/Lab6.v                           ; yes             ; User Verilog HDL File              ; /media/george/7E5B-628F/CSE2440/Lab6/Lab6.v                                       ;         ;
; ../TRISCRAMBsp18/TRISCRAMBsp18.v         ; yes             ; User Wizard-Generated File         ; /media/george/7E5B-628F/CSE2440/TRISCRAMBsp18/TRISCRAMBsp18.v                     ;         ;
; PartB.bdf                                ; yes             ; User Block Diagram/Schematic File  ; /media/george/7E5B-628F/CSE2440/PartB/PartB.bdf                                   ;         ;
; altsyncram.tdf                           ; yes             ; Megafunction                       ; /home/george/altera/13.0sp1/quartus/libraries/megafunctions/altsyncram.tdf        ;         ;
; stratix_ram_block.inc                    ; yes             ; Megafunction                       ; /home/george/altera/13.0sp1/quartus/libraries/megafunctions/stratix_ram_block.inc ;         ;
; lpm_mux.inc                              ; yes             ; Megafunction                       ; /home/george/altera/13.0sp1/quartus/libraries/megafunctions/lpm_mux.inc           ;         ;
; lpm_decode.inc                           ; yes             ; Megafunction                       ; /home/george/altera/13.0sp1/quartus/libraries/megafunctions/lpm_decode.inc        ;         ;
; aglobal130.inc                           ; yes             ; Megafunction                       ; /home/george/altera/13.0sp1/quartus/libraries/megafunctions/aglobal130.inc        ;         ;
; a_rdenreg.inc                            ; yes             ; Megafunction                       ; /home/george/altera/13.0sp1/quartus/libraries/megafunctions/a_rdenreg.inc         ;         ;
; altrom.inc                               ; yes             ; Megafunction                       ; /home/george/altera/13.0sp1/quartus/libraries/megafunctions/altrom.inc            ;         ;
; altram.inc                               ; yes             ; Megafunction                       ; /home/george/altera/13.0sp1/quartus/libraries/megafunctions/altram.inc            ;         ;
; altdpram.inc                             ; yes             ; Megafunction                       ; /home/george/altera/13.0sp1/quartus/libraries/megafunctions/altdpram.inc          ;         ;
; db/altsyncram_rpc1.tdf                   ; yes             ; Auto-Generated Megafunction        ; /media/george/7E5B-628F/CSE2440/PartB/db/altsyncram_rpc1.tdf                      ;         ;
; 74193.bdf                                ; yes             ; Megafunction                       ; /home/george/altera/13.0sp1/quartus/libraries/others/maxplus2/74193.bdf           ;         ;
; 7404.bdf                                 ; yes             ; Megafunction                       ; /home/george/altera/13.0sp1/quartus/libraries/others/maxplus2/7404.bdf            ;         ;
+------------------------------------------+-----------------+------------------------------------+-----------------------------------------------------------------------------------+---------+


+----------------------------------------------------------------------------------------------------+
; Analysis & Synthesis Resource Usage Summary                                                        ;
+---------------------------------------------+------------------------------------------------------+
; Resource                                    ; Usage                                                ;
+---------------------------------------------+------------------------------------------------------+
; Estimated Total logic elements              ; 103                                                  ;
;                                             ;                                                      ;
; Total combinational functions               ; 98                                                   ;
; Logic element usage by number of LUT inputs ;                                                      ;
;     -- 4 input functions                    ; 23                                                   ;
;     -- 3 input functions                    ; 46                                                   ;
;     -- <=2 input functions                  ; 29                                                   ;
;                                             ;                                                      ;
; Logic elements by mode                      ;                                                      ;
;     -- normal mode                          ; 98                                                   ;
;     -- arithmetic mode                      ; 0                                                    ;
;                                             ;                                                      ;
; Total registers                             ; 26                                                   ;
;     -- Dedicated logic registers            ; 26                                                   ;
;     -- I/O registers                        ; 0                                                    ;
;                                             ;                                                      ;
; I/O pins                                    ; 38                                                   ;
; Total memory bits                           ; 128                                                  ;
; Embedded Multiplier 9-bit elements          ; 0                                                    ;
; Maximum fan-out node                        ; PartBController:inst|PartBStatemachine:inst|state.S4 ;
; Maximum fan-out                             ; 15                                                   ;
; Total fan-out                               ; 437                                                  ;
; Average fan-out                             ; 2.57                                                 ;
+---------------------------------------------+------------------------------------------------------+


+------------------------------------------------------------------------------------------------------------------------------------------------------------------------------------------------------------------------------------------------------------------+
; Analysis & Synthesis Resource Utilization by Entity                                                                                                                                                                                                              ;
+-------------------------------------------+-------------------+--------------+-------------+--------------+---------+-----------+------+--------------+-------------------------------------------------------------------------------------------+--------------+
; Compilation Hierarchy Node                ; LC Combinationals ; LC Registers ; Memory Bits ; DSP Elements ; DSP 9x9 ; DSP 18x18 ; Pins ; Virtual Pins ; Full Hierarchy Name                                                                       ; Library Name ;
+-------------------------------------------+-------------------+--------------+-------------+--------------+---------+-----------+------+--------------+-------------------------------------------------------------------------------------------+--------------+
; |PartB                                    ; 98 (2)            ; 26 (0)       ; 128         ; 0            ; 0       ; 0         ; 38   ; 0            ; |PartB                                                                                    ; work         ;
;    |Lab6:inst6|                           ; 0 (0)             ; 4 (4)        ; 0           ; 0            ; 0       ; 0         ; 0    ; 0            ; |PartB|Lab6:inst6                                                                         ; work         ;
;    |MemAddrReg:inst3|                     ; 4 (4)             ; 0 (0)        ; 0           ; 0            ; 0       ; 0         ; 0    ; 0            ; |PartB|MemAddrReg:inst3                                                                   ; work         ;
;    |PartBController:inst|                 ; 58 (0)            ; 14 (0)       ; 0           ; 0            ; 0       ; 0         ; 0    ; 0            ; |PartB|PartBController:inst                                                               ; work         ;
;       |Lab9_1:inst2|                      ; 23 (23)           ; 0 (0)        ; 0           ; 0            ; 0       ; 0         ; 0    ; 0            ; |PartB|PartBController:inst|Lab9_1:inst2                                                  ; work         ;
;       |PartBStatemachine:inst|            ; 35 (35)           ; 14 (14)      ; 0           ; 0            ; 0       ; 0         ; 0    ; 0            ; |PartB|PartBController:inst|PartBStatemachine:inst                                        ; work         ;
;    |ProgramCounter:inst13Accumulator|     ; 27 (0)            ; 4 (0)        ; 0           ; 0            ; 0       ; 0         ; 0    ; 0            ; |PartB|ProgramCounter:inst13Accumulator                                                   ; work         ;
;       |74193:inst|                        ; 27 (27)           ; 4 (4)        ; 0           ; 0            ; 0       ; 0         ; 0    ; 0            ; |PartB|ProgramCounter:inst13Accumulator|74193:inst                                        ; work         ;
;    |ProgramCounter:inst9|                 ; 7 (0)             ; 4 (0)        ; 0           ; 0            ; 0       ; 0         ; 0    ; 0            ; |PartB|ProgramCounter:inst9                                                               ; work         ;
;       |74193:inst|                        ; 7 (7)             ; 4 (4)        ; 0           ; 0            ; 0       ; 0         ; 0    ; 0            ; |PartB|ProgramCounter:inst9|74193:inst                                                    ; work         ;
;    |TRISCRAMBsp18:inst1|                  ; 0 (0)             ; 0 (0)        ; 128         ; 0            ; 0       ; 0         ; 0    ; 0            ; |PartB|TRISCRAMBsp18:inst1                                                                ; work         ;
;       |altsyncram:altsyncram_component|   ; 0 (0)             ; 0 (0)        ; 128         ; 0            ; 0       ; 0         ; 0    ; 0            ; |PartB|TRISCRAMBsp18:inst1|altsyncram:altsyncram_component                                ; work         ;
;          |altsyncram_rpc1:auto_generated| ; 0 (0)             ; 0 (0)        ; 128         ; 0            ; 0       ; 0         ; 0    ; 0            ; |PartB|TRISCRAMBsp18:inst1|altsyncram:altsyncram_component|altsyncram_rpc1:auto_generated ; work         ;
+-------------------------------------------+-------------------+--------------+-------------+--------------+---------+-----------+------+--------------+-------------------------------------------------------------------------------------------+--------------+
Note: For table entries with two numbers listed, the numbers in parentheses indicate the number of resources of the given type used by the specific entity alone. The numbers listed outside of parentheses indicate the total resources of the given type used by the specific entity and all of its sub-entities in the hierarchy.


+-----------------------------------------------------------------------------------------------------------------------------------------------------------------------------------------------------------+
; Analysis & Synthesis RAM Summary                                                                                                                                                                          ;
+-----------------------------------------------------------------------------------------------+------+-------------+--------------+--------------+--------------+--------------+------+-------------------+
; Name                                                                                          ; Type ; Mode        ; Port A Depth ; Port A Width ; Port B Depth ; Port B Width ; Size ; MIF               ;
+-----------------------------------------------------------------------------------------------+------+-------------+--------------+--------------+--------------+--------------+------+-------------------+
; TRISCRAMBsp18:inst1|altsyncram:altsyncram_component|altsyncram_rpc1:auto_generated|ALTSYNCRAM ; AUTO ; Single Port ; 16           ; 8            ; --           ; --           ; 128  ; TRISCRAMBsp18.hex ;
+-----------------------------------------------------------------------------------------------+------+-------------+--------------+--------------+--------------+--------------+------+-------------------+


+------------------------------------------------------------------------------------------------------------------------------------------------------------+
; Analysis & Synthesis IP Cores Summary                                                                                                                      ;
+--------+--------------+---------+--------------+--------------+----------------------------+---------------------------------------------------------------+
; Vendor ; IP Core Name ; Version ; Release Date ; License Type ; Entity Instance            ; IP Include File                                               ;
+--------+--------------+---------+--------------+--------------+----------------------------+---------------------------------------------------------------+
; Altera ; RAM: 1-PORT  ; N/A     ; N/A          ; N/A          ; |PartB|TRISCRAMBsp18:inst1 ; /media/george/7E5B-628F/CSE2440/TRISCRAMBsp18/TRISCRAMBsp18.v ;
+--------+--------------+---------+--------------+--------------+----------------------------+---------------------------------------------------------------+


Encoding Type:  One-Hot
+-------------------------------------------------------------------------------------------------------------------------------------------------------------------------+
; State Machine - |PartB|PartBController:inst|PartBStatemachine:inst|state                                                                                                ;
+-----------+-----------+-----------+-----------+-----------+----------+----------+----------+----------+----------+----------+----------+----------+----------+----------+
; Name      ; state.S13 ; state.S12 ; state.S11 ; state.S10 ; state.S9 ; state.S8 ; state.S7 ; state.S6 ; state.S5 ; state.S4 ; state.S3 ; state.S2 ; state.S1 ; state.S0 ;
+-----------+-----------+-----------+-----------+-----------+----------+----------+----------+----------+----------+----------+----------+----------+----------+----------+
; state.S0  ; 0         ; 0         ; 0         ; 0         ; 0        ; 0        ; 0        ; 0        ; 0        ; 0        ; 0        ; 0        ; 0        ; 0        ;
; state.S1  ; 0         ; 0         ; 0         ; 0         ; 0        ; 0        ; 0        ; 0        ; 0        ; 0        ; 0        ; 0        ; 1        ; 1        ;
; state.S2  ; 0         ; 0         ; 0         ; 0         ; 0        ; 0        ; 0        ; 0        ; 0        ; 0        ; 0        ; 1        ; 0        ; 1        ;
; state.S3  ; 0         ; 0         ; 0         ; 0         ; 0        ; 0        ; 0        ; 0        ; 0        ; 0        ; 1        ; 0        ; 0        ; 1        ;
; state.S4  ; 0         ; 0         ; 0         ; 0         ; 0        ; 0        ; 0        ; 0        ; 0        ; 1        ; 0        ; 0        ; 0        ; 1        ;
; state.S5  ; 0         ; 0         ; 0         ; 0         ; 0        ; 0        ; 0        ; 0        ; 1        ; 0        ; 0        ; 0        ; 0        ; 1        ;
; state.S6  ; 0         ; 0         ; 0         ; 0         ; 0        ; 0        ; 0        ; 1        ; 0        ; 0        ; 0        ; 0        ; 0        ; 1        ;
; state.S7  ; 0         ; 0         ; 0         ; 0         ; 0        ; 0        ; 1        ; 0        ; 0        ; 0        ; 0        ; 0        ; 0        ; 1        ;
; state.S8  ; 0         ; 0         ; 0         ; 0         ; 0        ; 1        ; 0        ; 0        ; 0        ; 0        ; 0        ; 0        ; 0        ; 1        ;
; state.S9  ; 0         ; 0         ; 0         ; 0         ; 1        ; 0        ; 0        ; 0        ; 0        ; 0        ; 0        ; 0        ; 0        ; 1        ;
; state.S10 ; 0         ; 0         ; 0         ; 1         ; 0        ; 0        ; 0        ; 0        ; 0        ; 0        ; 0        ; 0        ; 0        ; 1        ;
; state.S11 ; 0         ; 0         ; 1         ; 0         ; 0        ; 0        ; 0        ; 0        ; 0        ; 0        ; 0        ; 0        ; 0        ; 1        ;
; state.S12 ; 0         ; 1         ; 0         ; 0         ; 0        ; 0        ; 0        ; 0        ; 0        ; 0        ; 0        ; 0        ; 0        ; 1        ;
; state.S13 ; 1         ; 0         ; 0         ; 0         ; 0        ; 0        ; 0        ; 0        ; 0        ; 0        ; 0        ; 0        ; 0        ; 1        ;
+-----------+-----------+-----------+-----------+-----------+----------+----------+----------+----------+----------+----------+----------+----------+----------+----------+


+-------------------------------------------------------------------------------------------------------------------------------------------------+
; User-Specified and Inferred Latches                                                                                                             ;
+---------------------------------------------------------------+--------------------------------------------------------+------------------------+
; Latch Name                                                    ; Latch Enable Signal                                    ; Free of Timing Hazards ;
+---------------------------------------------------------------+--------------------------------------------------------+------------------------+
; PartBController:inst|PartBStatemachine:inst|nextstate.S11_218 ; PartBController:inst|PartBStatemachine:inst|WideNor0   ; yes                    ;
; PartBController:inst|PartBStatemachine:inst|nextstate.S10_228 ; PartBController:inst|PartBStatemachine:inst|Selector25 ; yes                    ;
; PartBController:inst|PartBStatemachine:inst|nextstate.S5_269  ; PartBController:inst|PartBStatemachine:inst|WideNor0   ; yes                    ;
; PartBController:inst|PartBStatemachine:inst|nextstate.S6_262  ; PartBController:inst|PartBStatemachine:inst|WideNor0   ; yes                    ;
; PartBController:inst|PartBStatemachine:inst|nextstate.S4_279  ; PartBController:inst|PartBStatemachine:inst|Selector25 ; yes                    ;
; PartBController:inst|PartBStatemachine:inst|nextstate.S12_211 ; PartBController:inst|PartBStatemachine:inst|Selector25 ; yes                    ;
; PartBController:inst|PartBStatemachine:inst|nextstate.S13_201 ; PartBController:inst|PartBStatemachine:inst|Selector25 ; yes                    ;
; PartBController:inst|PartBStatemachine:inst|nextstate.S2_299  ; PartBController:inst|PartBStatemachine:inst|Selector25 ; yes                    ;
; PartBController:inst|PartBStatemachine:inst|nextstate.S3_289  ; PartBController:inst|PartBStatemachine:inst|Selector25 ; yes                    ;
; PartBController:inst|PartBStatemachine:inst|nextstate.S8_248  ; PartBController:inst|PartBStatemachine:inst|Selector25 ; yes                    ;
; PartBController:inst|PartBStatemachine:inst|nextstate.S9_238  ; PartBController:inst|PartBStatemachine:inst|Selector25 ; yes                    ;
; PartBController:inst|PartBStatemachine:inst|nextstate.S1_309  ; PartBController:inst|PartBStatemachine:inst|Selector25 ; yes                    ;
; PartBController:inst|Lab9_1:inst2|op[0]                       ; PartBController:inst|Lab9_1:inst2|Mux11                ; yes                    ;
; PartBController:inst|Lab9_1:inst2|op[1]                       ; PartBController:inst|Lab9_1:inst2|Mux11                ; yes                    ;
; PartBController:inst|Lab9_1:inst2|op[2]                       ; PartBController:inst|Lab9_1:inst2|Mux11                ; yes                    ;
; PartBController:inst|Lab9_1:inst2|op[3]                       ; PartBController:inst|Lab9_1:inst2|Mux11                ; yes                    ;
; PartBController:inst|Lab9_1:inst2|op[4]                       ; PartBController:inst|Lab9_1:inst2|Mux11                ; yes                    ;
; PartBController:inst|Lab9_1:inst2|op[5]                       ; PartBController:inst|Lab9_1:inst2|Mux11                ; yes                    ;
; PartBController:inst|Lab9_1:inst2|op[6]                       ; PartBController:inst|Lab9_1:inst2|Mux11                ; yes                    ;
; PartBController:inst|Lab9_1:inst2|op[7]                       ; PartBController:inst|Lab9_1:inst2|Mux11                ; yes                    ;
; PartBController:inst|Lab9_1:inst2|op[8]                       ; PartBController:inst|Lab9_1:inst2|Mux11                ; yes                    ;
; PartBController:inst|Lab9_1:inst2|op[9]                       ; PartBController:inst|Lab9_1:inst2|Mux11                ; yes                    ;
; PartBController:inst|Lab9_1:inst2|op[10]                      ; PartBController:inst|Lab9_1:inst2|Mux11                ; yes                    ;
; PartBController:inst|PartBStatemachine:inst|nextstate.S7_255  ; PartBController:inst|PartBStatemachine:inst|WideNor0   ; yes                    ;
; Number of user-specified and inferred latches = 24            ;                                                        ;                        ;
+---------------------------------------------------------------+--------------------------------------------------------+------------------------+
Note: All latches listed above may not be present at the end of synthesis due to various synthesis optimizations.


+--------------------------------------------------------------------------+
; Registers Removed During Synthesis                                       ;
+-----------------------------------------------------+--------------------+
; Register name                                       ; Reason for Removal ;
+-----------------------------------------------------+--------------------+
; PartBController:inst|PartBStatemachine:inst|state~4 ; Lost fanout        ;
; PartBController:inst|PartBStatemachine:inst|state~5 ; Lost fanout        ;
; PartBController:inst|PartBStatemachine:inst|state~6 ; Lost fanout        ;
; PartBController:inst|PartBStatemachine:inst|state~7 ; Lost fanout        ;
; Total Number of Removed Registers = 4               ;                    ;
+-----------------------------------------------------+--------------------+


+------------------------------------------------------+
; General Register Statistics                          ;
+----------------------------------------------+-------+
; Statistic                                    ; Value ;
+----------------------------------------------+-------+
; Total registers                              ; 26    ;
; Number of registers using Synchronous Clear  ; 0     ;
; Number of registers using Synchronous Load   ; 0     ;
; Number of registers using Asynchronous Clear ; 22    ;
; Number of registers using Asynchronous Load  ; 0     ;
; Number of registers using Clock Enable       ; 0     ;
; Number of registers using Preset             ; 0     ;
+----------------------------------------------+-------+


+-----------------------------------------------------------------------------------------------------------+
; Source assignments for TRISCRAMBsp18:inst1|altsyncram:altsyncram_component|altsyncram_rpc1:auto_generated ;
+---------------------------------+--------------------+------+---------------------------------------------+
; Assignment                      ; Value              ; From ; To                                          ;
+---------------------------------+--------------------+------+---------------------------------------------+
; OPTIMIZE_POWER_DURING_SYNTHESIS ; NORMAL_COMPILATION ; -    ; -                                           ;
+---------------------------------+--------------------+------+---------------------------------------------+


+------------------------------------------------------------------------------------------+
; Parameter Settings for User Entity Instance: PartBController:inst|PartBStatemachine:inst ;
+----------------+------------------+------------------------------------------------------+
; Parameter Name ; Value            ; Type                                                 ;
+----------------+------------------+------------------------------------------------------+
; S0             ; 0000             ; Unsigned Binary                                      ;
; S1             ; 0001             ; Unsigned Binary                                      ;
; S2             ; 0010             ; Unsigned Binary                                      ;
; S3             ; 0011             ; Unsigned Binary                                      ;
; S4             ; 0100             ; Unsigned Binary                                      ;
; S5             ; 0101             ; Unsigned Binary                                      ;
; S6             ; 0110             ; Unsigned Binary                                      ;
; S7             ; 0111             ; Unsigned Binary                                      ;
; S8             ; 1000             ; Unsigned Binary                                      ;
; S9             ; 1001             ; Unsigned Binary                                      ;
; S10            ; 1010             ; Unsigned Binary                                      ;
; S11            ; 1011             ; Unsigned Binary                                      ;
; S12            ; 1100             ; Unsigned Binary                                      ;
; S13            ; 1101             ; Unsigned Binary                                      ;
; S14            ; 1110             ; Unsigned Binary                                      ;
; S15            ; 1111             ; Unsigned Binary                                      ;
; INC            ; 00000100000      ; Unsigned Binary                                      ;
; CLRop          ; 00000010000      ; Unsigned Binary                                      ;
; LDA            ; 10000000000      ; Unsigned Binary                                      ;
; STA            ; 01000000000      ; Unsigned Binary                                      ;
; C0             ; 0000000000000001 ; Unsigned Binary                                      ;
; C2             ; 0000000000000100 ; Unsigned Binary                                      ;
; C3             ; 0000000000001000 ; Unsigned Binary                                      ;
; C4             ; 0000000000010000 ; Unsigned Binary                                      ;
; C5             ; 0000000000100000 ; Unsigned Binary                                      ;
; C7             ; 0000000010000000 ; Unsigned Binary                                      ;
; C8             ; 0000000100000000 ; Unsigned Binary                                      ;
; C9             ; 0000001000000000 ; Unsigned Binary                                      ;
; C11            ; 0000100000000000 ; Unsigned Binary                                      ;
; C15            ; 1000000000000000 ; Unsigned Binary                                      ;
+----------------+------------------+------------------------------------------------------+
Note: In order to hide this table in the UI and the text report file, please set the "Show Parameter Settings in Synthesis Report" option in "Analysis and Synthesis Settings -> More Settings" to "Off".


+--------------------------------------------------------------------------------------------------+
; Parameter Settings for User Entity Instance: TRISCRAMBsp18:inst1|altsyncram:altsyncram_component ;
+------------------------------------+----------------------+--------------------------------------+
; Parameter Name                     ; Value                ; Type                                 ;
+------------------------------------+----------------------+--------------------------------------+
; BYTE_SIZE_BLOCK                    ; 8                    ; Untyped                              ;
; AUTO_CARRY_CHAINS                  ; ON                   ; AUTO_CARRY                           ;
; IGNORE_CARRY_BUFFERS               ; OFF                  ; IGNORE_CARRY                         ;
; AUTO_CASCADE_CHAINS                ; ON                   ; AUTO_CASCADE                         ;
; IGNORE_CASCADE_BUFFERS             ; OFF                  ; IGNORE_CASCADE                       ;
; WIDTH_BYTEENA                      ; 1                    ; Untyped                              ;
; OPERATION_MODE                     ; SINGLE_PORT          ; Untyped                              ;
; WIDTH_A                            ; 8                    ; Signed Integer                       ;
; WIDTHAD_A                          ; 4                    ; Signed Integer                       ;
; NUMWORDS_A                         ; 16                   ; Signed Integer                       ;
; OUTDATA_REG_A                      ; CLOCK0               ; Untyped                              ;
; ADDRESS_ACLR_A                     ; NONE                 ; Untyped                              ;
; OUTDATA_ACLR_A                     ; NONE                 ; Untyped                              ;
; WRCONTROL_ACLR_A                   ; NONE                 ; Untyped                              ;
; INDATA_ACLR_A                      ; NONE                 ; Untyped                              ;
; BYTEENA_ACLR_A                     ; NONE                 ; Untyped                              ;
; WIDTH_B                            ; 1                    ; Untyped                              ;
; WIDTHAD_B                          ; 1                    ; Untyped                              ;
; NUMWORDS_B                         ; 1                    ; Untyped                              ;
; INDATA_REG_B                       ; CLOCK1               ; Untyped                              ;
; WRCONTROL_WRADDRESS_REG_B          ; CLOCK1               ; Untyped                              ;
; RDCONTROL_REG_B                    ; CLOCK1               ; Untyped                              ;
; ADDRESS_REG_B                      ; CLOCK1               ; Untyped                              ;
; OUTDATA_REG_B                      ; UNREGISTERED         ; Untyped                              ;
; BYTEENA_REG_B                      ; CLOCK1               ; Untyped                              ;
; INDATA_ACLR_B                      ; NONE                 ; Untyped                              ;
; WRCONTROL_ACLR_B                   ; NONE                 ; Untyped                              ;
; ADDRESS_ACLR_B                     ; NONE                 ; Untyped                              ;
; OUTDATA_ACLR_B                     ; NONE                 ; Untyped                              ;
; RDCONTROL_ACLR_B                   ; NONE                 ; Untyped                              ;
; BYTEENA_ACLR_B                     ; NONE                 ; Untyped                              ;
; WIDTH_BYTEENA_A                    ; 1                    ; Signed Integer                       ;
; WIDTH_BYTEENA_B                    ; 1                    ; Untyped                              ;
; RAM_BLOCK_TYPE                     ; AUTO                 ; Untyped                              ;
; BYTE_SIZE                          ; 8                    ; Untyped                              ;
; READ_DURING_WRITE_MODE_MIXED_PORTS ; DONT_CARE            ; Untyped                              ;
; READ_DURING_WRITE_MODE_PORT_A      ; NEW_DATA_NO_NBE_READ ; Untyped                              ;
; READ_DURING_WRITE_MODE_PORT_B      ; NEW_DATA_NO_NBE_READ ; Untyped                              ;
; INIT_FILE                          ; TRISCRAMBsp18.hex    ; Untyped                              ;
; INIT_FILE_LAYOUT                   ; PORT_A               ; Untyped                              ;
; MAXIMUM_DEPTH                      ; 0                    ; Untyped                              ;
; CLOCK_ENABLE_INPUT_A               ; BYPASS               ; Untyped                              ;
; CLOCK_ENABLE_INPUT_B               ; NORMAL               ; Untyped                              ;
; CLOCK_ENABLE_OUTPUT_A              ; BYPASS               ; Untyped                              ;
; CLOCK_ENABLE_OUTPUT_B              ; NORMAL               ; Untyped                              ;
; CLOCK_ENABLE_CORE_A                ; USE_INPUT_CLKEN      ; Untyped                              ;
; CLOCK_ENABLE_CORE_B                ; USE_INPUT_CLKEN      ; Untyped                              ;
; ENABLE_ECC                         ; FALSE                ; Untyped                              ;
; ECC_PIPELINE_STAGE_ENABLED         ; FALSE                ; Untyped                              ;
; WIDTH_ECCSTATUS                    ; 3                    ; Untyped                              ;
; DEVICE_FAMILY                      ; Cyclone II           ; Untyped                              ;
; CBXI_PARAMETER                     ; altsyncram_rpc1      ; Untyped                              ;
+------------------------------------+----------------------+--------------------------------------+
Note: In order to hide this table in the UI and the text report file, please set the "Show Parameter Settings in Synthesis Report" option in "Analysis and Synthesis Settings -> More Settings" to "Off".


+-------------------------------------------------------------------------------------------------+
; altsyncram Parameter Settings by Entity Instance                                                ;
+-------------------------------------------+-----------------------------------------------------+
; Name                                      ; Value                                               ;
+-------------------------------------------+-----------------------------------------------------+
; Number of entity instances                ; 1                                                   ;
; Entity Instance                           ; TRISCRAMBsp18:inst1|altsyncram:altsyncram_component ;
;     -- OPERATION_MODE                     ; SINGLE_PORT                                         ;
;     -- WIDTH_A                            ; 8                                                   ;
;     -- NUMWORDS_A                         ; 16                                                  ;
;     -- OUTDATA_REG_A                      ; CLOCK0                                              ;
;     -- WIDTH_B                            ; 1                                                   ;
;     -- NUMWORDS_B                         ; 1                                                   ;
;     -- ADDRESS_REG_B                      ; CLOCK1                                              ;
;     -- OUTDATA_REG_B                      ; UNREGISTERED                                        ;
;     -- RAM_BLOCK_TYPE                     ; AUTO                                                ;
;     -- READ_DURING_WRITE_MODE_MIXED_PORTS ; DONT_CARE                                           ;
+-------------------------------------------+-----------------------------------------------------+


+-------------------------------+
; Elapsed Time Per Partition    ;
+----------------+--------------+
; Partition Name ; Elapsed Time ;
+----------------+--------------+
; Top            ; 00:00:00     ;
+----------------+--------------+


+-------------------------------+
; Analysis & Synthesis Messages ;
+-------------------------------+
Info: *******************************************************************
Info: Running Quartus II 64-Bit Analysis & Synthesis
    Info: Version 13.0.1 Build 232 06/12/2013 Service Pack 1 SJ Web Edition
    Info: Processing started: Thu May  3 11:29:23 2018
Info: Command: quartus_map --read_settings_files=on --write_settings_files=off PartB -c PartB
Warning (20028): Parallel compilation is not licensed and has been disabled
Info (12021): Found 1 design units, including 1 entities, in source file /media/george/7E5B-628F/CSE2440/ProgramCounter/ProgramCounter.bdf
    Info (12023): Found entity 1: ProgramCounter
Info (12021): Found 1 design units, including 1 entities, in source file /media/george/7E5B-628F/CSE2440/PartBStatemachine/PartBStatemachine.v
    Info (12023): Found entity 1: PartBStatemachine
Info (12021): Found 1 design units, including 1 entities, in source file /media/george/7E5B-628F/CSE2440/Lab9_1/Lab9_1.v
    Info (12023): Found entity 1: Lab9_1
Info (12021): Found 1 design units, including 1 entities, in source file /media/george/7E5B-628F/CSE2440/PartBStatemachine/PartBController.bdf
    Info (12023): Found entity 1: PartBController
Info (12021): Found 1 design units, including 1 entities, in source file /media/george/7E5B-628F/CSE2440/MAR/MemAddrReg.v
    Info (12023): Found entity 1: MemAddrReg
Info (12021): Found 1 design units, including 1 entities, in source file /media/george/7E5B-628F/CSE2440/Lab6/Lab6.v
    Info (12023): Found entity 1: Lab6
Info (12021): Found 1 design units, including 1 entities, in source file /media/george/7E5B-628F/CSE2440/TRISCRAMBsp18/TRISCRAMBsp18.v
    Info (12023): Found entity 1: TRISCRAMBsp18
Info (12021): Found 1 design units, including 1 entities, in source file PartB.bdf
    Info (12023): Found entity 1: PartB
Info (12127): Elaborating entity "PartB" for the top level hierarchy
Warning (275011): Block or symbol "ProgramCounter" of instance "inst9" overlaps another block or symbol
Info (12128): Elaborating entity "PartBController" for hierarchy "PartBController:inst"
Info (12128): Elaborating entity "PartBStatemachine" for hierarchy "PartBController:inst|PartBStatemachine:inst"
Warning (10270): Verilog HDL Case Statement warning at PartBStatemachine.v(19): incomplete case statement has no default case item
Info (10264): Verilog HDL Case Statement information at PartBStatemachine.v(19): all case item expressions in this case statement are onehot
Warning (10240): Verilog HDL Always Construct warning at PartBStatemachine.v(12): inferring latch(es) for variable "nextstate", which holds its previous value in one or more paths through the always construct
Info (10041): Inferred latch for "nextstate.S13" at PartBStatemachine.v(12)
Info (10041): Inferred latch for "nextstate.S12" at PartBStatemachine.v(12)
Info (10041): Inferred latch for "nextstate.S11" at PartBStatemachine.v(12)
Info (10041): Inferred latch for "nextstate.S10" at PartBStatemachine.v(12)
Info (10041): Inferred latch for "nextstate.S9" at PartBStatemachine.v(12)
Info (10041): Inferred latch for "nextstate.S8" at PartBStatemachine.v(12)
Info (10041): Inferred latch for "nextstate.S7" at PartBStatemachine.v(12)
Info (10041): Inferred latch for "nextstate.S6" at PartBStatemachine.v(12)
Info (10041): Inferred latch for "nextstate.S5" at PartBStatemachine.v(12)
Info (10041): Inferred latch for "nextstate.S4" at PartBStatemachine.v(12)
Info (10041): Inferred latch for "nextstate.S3" at PartBStatemachine.v(12)
Info (10041): Inferred latch for "nextstate.S2" at PartBStatemachine.v(12)
Info (10041): Inferred latch for "nextstate.S1" at PartBStatemachine.v(12)
Info (12128): Elaborating entity "Lab9_1" for hierarchy "PartBController:inst|Lab9_1:inst2"
Warning (10270): Verilog HDL Case Statement warning at Lab9_1.v(5): incomplete case statement has no default case item
Warning (10240): Verilog HDL Always Construct warning at Lab9_1.v(4): inferring latch(es) for variable "op", which holds its previous value in one or more paths through the always construct
Info (10041): Inferred latch for "op[0]" at Lab9_1.v(4)
Info (10041): Inferred latch for "op[1]" at Lab9_1.v(4)
Info (10041): Inferred latch for "op[2]" at Lab9_1.v(4)
Info (10041): Inferred latch for "op[3]" at Lab9_1.v(4)
Info (10041): Inferred latch for "op[4]" at Lab9_1.v(4)
Info (10041): Inferred latch for "op[5]" at Lab9_1.v(4)
Info (10041): Inferred latch for "op[6]" at Lab9_1.v(4)
Info (10041): Inferred latch for "op[7]" at Lab9_1.v(4)
Info (10041): Inferred latch for "op[8]" at Lab9_1.v(4)
Info (10041): Inferred latch for "op[9]" at Lab9_1.v(4)
Info (10041): Inferred latch for "op[10]" at Lab9_1.v(4)
Info (12128): Elaborating entity "Lab6" for hierarchy "Lab6:inst6"
Info (12128): Elaborating entity "TRISCRAMBsp18" for hierarchy "TRISCRAMBsp18:inst1"
Info (12128): Elaborating entity "altsyncram" for hierarchy "TRISCRAMBsp18:inst1|altsyncram:altsyncram_component"
Info (12130): Elaborated megafunction instantiation "TRISCRAMBsp18:inst1|altsyncram:altsyncram_component"
Info (12133): Instantiated megafunction "TRISCRAMBsp18:inst1|altsyncram:altsyncram_component" with the following parameter:
    Info (12134): Parameter "clock_enable_input_a" = "BYPASS"
    Info (12134): Parameter "clock_enable_output_a" = "BYPASS"
    Info (12134): Parameter "init_file" = "TRISCRAMBsp18.hex"
    Info (12134): Parameter "intended_device_family" = "Cyclone II"
    Info (12134): Parameter "lpm_hint" = "ENABLE_RUNTIME_MOD=NO"
    Info (12134): Parameter "lpm_type" = "altsyncram"
    Info (12134): Parameter "numwords_a" = "16"
    Info (12134): Parameter "operation_mode" = "SINGLE_PORT"
    Info (12134): Parameter "outdata_aclr_a" = "NONE"
    Info (12134): Parameter "outdata_reg_a" = "CLOCK0"
    Info (12134): Parameter "power_up_uninitialized" = "FALSE"
    Info (12134): Parameter "widthad_a" = "4"
    Info (12134): Parameter "width_a" = "8"
    Info (12134): Parameter "width_byteena_a" = "1"
Info (12021): Found 1 design units, including 1 entities, in source file db/altsyncram_rpc1.tdf
    Info (12023): Found entity 1: altsyncram_rpc1
Info (12128): Elaborating entity "altsyncram_rpc1" for hierarchy "TRISCRAMBsp18:inst1|altsyncram:altsyncram_component|altsyncram_rpc1:auto_generated"
Info (12128): Elaborating entity "MemAddrReg" for hierarchy "MemAddrReg:inst3"
Warning (10235): Verilog HDL Always Construct warning at MemAddrReg.v(8): variable "in1" is read inside the Always Construct but isn't in the Always Construct's Event Control
Warning (10235): Verilog HDL Always Construct warning at MemAddrReg.v(8): variable "in2" is read inside the Always Construct but isn't in the Always Construct's Event Control
Info (12128): Elaborating entity "ProgramCounter" for hierarchy "ProgramCounter:inst9"
Info (12128): Elaborating entity "74193" for hierarchy "ProgramCounter:inst9|74193:inst"
Info (12130): Elaborated megafunction instantiation "ProgramCounter:inst9|74193:inst"
Info (12128): Elaborating entity "7404" for hierarchy "ProgramCounter:inst9|7404:inst5"
Info (12130): Elaborated megafunction instantiation "ProgramCounter:inst9|7404:inst5"
Warning (13012): Latch PartBController:inst|PartBStatemachine:inst|nextstate.S11_218 has unsafe behavior
    Warning (13013): Ports D and ENA on the latch are fed by the same signal PartBController:inst|Lab9_1:inst2|op[0]
Warning (13012): Latch PartBController:inst|PartBStatemachine:inst|nextstate.S5_269 has unsafe behavior
    Warning (13013): Ports D and ENA on the latch are fed by the same signal PartBController:inst|Lab9_1:inst2|op[0]
Warning (13012): Latch PartBController:inst|PartBStatemachine:inst|nextstate.S6_262 has unsafe behavior
    Warning (13013): Ports D and ENA on the latch are fed by the same signal PartBController:inst|Lab9_1:inst2|op[0]
Warning (13012): Latch PartBController:inst|Lab9_1:inst2|op[0] has unsafe behavior
    Warning (13013): Ports D and ENA on the latch are fed by the same signal Lab6:inst6|nxt[1]
Warning (13012): Latch PartBController:inst|Lab9_1:inst2|op[1] has unsafe behavior
    Warning (13013): Ports D and ENA on the latch are fed by the same signal Lab6:inst6|nxt[0]
Warning (13012): Latch PartBController:inst|Lab9_1:inst2|op[2] has unsafe behavior
    Warning (13013): Ports D and ENA on the latch are fed by the same signal Lab6:inst6|nxt[0]
Warning (13012): Latch PartBController:inst|Lab9_1:inst2|op[3] has unsafe behavior
    Warning (13013): Ports D and ENA on the latch are fed by the same signal Lab6:inst6|nxt[0]
Warning (13012): Latch PartBController:inst|Lab9_1:inst2|op[4] has unsafe behavior
    Warning (13013): Ports D and ENA on the latch are fed by the same signal Lab6:inst6|nxt[0]
Warning (13012): Latch PartBController:inst|Lab9_1:inst2|op[5] has unsafe behavior
    Warning (13013): Ports D and ENA on the latch are fed by the same signal Lab6:inst6|nxt[0]
Warning (13012): Latch PartBController:inst|Lab9_1:inst2|op[6] has unsafe behavior
    Warning (13013): Ports D and ENA on the latch are fed by the same signal Lab6:inst6|nxt[1]
Warning (13012): Latch PartBController:inst|Lab9_1:inst2|op[7] has unsafe behavior
    Warning (13013): Ports D and ENA on the latch are fed by the same signal Lab6:inst6|nxt[0]
Warning (13012): Latch PartBController:inst|Lab9_1:inst2|op[8] has unsafe behavior
    Warning (13013): Ports D and ENA on the latch are fed by the same signal Lab6:inst6|nxt[0]
Warning (13012): Latch PartBController:inst|Lab9_1:inst2|op[9] has unsafe behavior
    Warning (13013): Ports D and ENA on the latch are fed by the same signal Lab6:inst6|nxt[0]
Warning (13012): Latch PartBController:inst|Lab9_1:inst2|op[10] has unsafe behavior
    Warning (13013): Ports D and ENA on the latch are fed by the same signal Lab6:inst6|nxt[0]
Warning (13012): Latch PartBController:inst|PartBStatemachine:inst|nextstate.S7_255 has unsafe behavior
    Warning (13013): Ports D and ENA on the latch are fed by the same signal PartBController:inst|Lab9_1:inst2|op[0]
Warning (13004): Presettable and clearable registers converted to equivalent circuits with latches. Registers power-up to an undefined state, and DEVCLRn places the registers in an undefined state.
    Warning (13310): Register "ProgramCounter:inst13Accumulator|74193:inst|23" is converted into an equivalent circuit using register "ProgramCounter:inst13Accumulator|74193:inst|23~_emulated" and latch "ProgramCounter:inst13Accumulator|74193:inst|23~1"
    Warning (13310): Register "ProgramCounter:inst13Accumulator|74193:inst|24" is converted into an equivalent circuit using register "ProgramCounter:inst13Accumulator|74193:inst|24~_emulated" and latch "ProgramCounter:inst13Accumulator|74193:inst|24~1"
    Warning (13310): Register "ProgramCounter:inst13Accumulator|74193:inst|25" is converted into an equivalent circuit using register "ProgramCounter:inst13Accumulator|74193:inst|25~_emulated" and latch "ProgramCounter:inst13Accumulator|74193:inst|25~1"
    Warning (13310): Register "ProgramCounter:inst13Accumulator|74193:inst|26" is converted into an equivalent circuit using register "ProgramCounter:inst13Accumulator|74193:inst|26~_emulated" and latch "ProgramCounter:inst13Accumulator|74193:inst|26~1"
Warning (13024): Output pins are stuck at VCC or GND
    Warning (13410): Pin "C[14]" is stuck at GND
    Warning (13410): Pin "C[13]" is stuck at GND
    Warning (13410): Pin "C[12]" is stuck at GND
    Warning (13410): Pin "C[10]" is stuck at GND
    Warning (13410): Pin "C[6]" is stuck at GND
    Warning (13410): Pin "C[1]" is stuck at GND
    Warning (13410): Pin "MDI[7]" is stuck at GND
    Warning (13410): Pin "MDI[6]" is stuck at GND
    Warning (13410): Pin "MDI[5]" is stuck at GND
    Warning (13410): Pin "MDI[4]" is stuck at GND
Info (17049): 4 registers lost all their fanouts during netlist optimizations.
Info (144001): Generated suppressed messages file /media/george/7E5B-628F/CSE2440/PartB/output_files/PartB.map.smsg
Info (16010): Generating hard_block partition "hard_block:auto_generated_inst"
    Info (16011): Adding 0 node(s), including 0 DDIO, 0 PLL, 0 transceiver and 0 LCELL
Info (21057): Implemented 162 device resources after synthesis - the final resource count might be different
    Info (21058): Implemented 2 input pins
    Info (21059): Implemented 36 output pins
    Info (21061): Implemented 116 logic cells
    Info (21064): Implemented 8 RAM segments
Info: Quartus II 64-Bit Analysis & Synthesis was successful. 0 errors, 54 warnings
    Info: Peak virtual memory: 637 megabytes
    Info: Processing ended: Thu May  3 11:29:25 2018
    Info: Elapsed time: 00:00:02
    Info: Total CPU time (on all processors): 00:00:02


+------------------------------------------+
; Analysis & Synthesis Suppressed Messages ;
+------------------------------------------+
The suppressed messages can be found in /media/george/7E5B-628F/CSE2440/PartB/output_files/PartB.map.smsg.


